#
# There is insufficient memory for the Java Runtime Environment to continue.
# Native memory allocation (mmap) failed to map 22020096 bytes. Error detail: G1 virtual space
# Possible reasons:
#   The system is out of physical RAM or swap space
#   This process is running with CompressedOops enabled, and the Java Heap may be blocking the growth of the native heap
# Possible solutions:
#   Reduce memory load on the system
#   Increase physical memory or swap space
#   Check if swap backing store is full
#   Decrease Java heap size (-Xmx/-Xms)
#   Decrease number of Java threads
#   Decrease Java thread stack sizes (-Xss)
#   Set larger code cache with -XX:ReservedCodeCacheSize=
#   JVM is running with Unscaled Compressed Oops mode in which the Java heap is
#     placed in the first 4GB address space. The Java Heap base address is the
#     maximum limit for the native heap growth. Please use -XX:HeapBaseMinAddress
#     to set the Java Heap base and to place the Java Heap above 4GB virtual address.
# This output file may be truncated or incomplete.
#
#  Out of Memory Error (os_windows.cpp:3825), pid=11900, tid=6216
#
# JRE version: OpenJDK Runtime Environment JBR-17.0.12+1-1207.37-nomod (17.0.12+1) (build 17.0.12+1-b1207.37)
# Java VM: OpenJDK 64-Bit Server VM JBR-17.0.12+1-1207.37-nomod (17.0.12+1-b1207.37, mixed mode, emulated-client, sharing, tiered, compressed oops, compressed class ptrs, g1 gc, windows-amd64)
# No core dump will be written. Minidumps are not enabled by default on client versions of Windows
#

---------------  S U M M A R Y ------------

Command Line: -XX:TieredStopAtLevel=1 -Dspring.output.ansi.enabled=always -Dcom.sun.management.jmxremote -Dspring.jmx.enabled=true -Dspring.liveBeansView.mbeanDomain -Dspring.application.admin.enabled=true -Dmanagement.endpoints.jmx.exposure.include=* -javaagent:C:\Program Files\JetBrains\IntelliJ IDEA 2024.3.1.1\lib\idea_rt.jar=56047:C:\Program Files\JetBrains\IntelliJ IDEA 2024.3.1.1\bin -Dfile.encoding=UTF-8 com.eureka.EurekaApplication

Host: Intel(R) Core(TM) i7-7500U CPU @ 2.70GHz, 4 cores, 7G,  Windows 10 , 64 bit Build 19041 (10.0.19041.5438)
Time: Tue Feb 25 21:42:07 2025 Romance Standard Time elapsed time: 7.724175 seconds (0d 0h 0m 7s)

---------------  T H R E A D  ---------------

Current thread (0x00000208c1f3ff70):  VMThread "VM Thread" [stack: 0x00000091c3300000,0x00000091c3400000] [id=6216]

Stack: [0x00000091c3300000,0x00000091c3400000]
Native frames: (J=compiled Java code, j=interpreted, Vv=VM code, C=native code)
V  [jvm.dll+0x689d89]

VM_Operation (0x00000091c2df8a30): G1CollectForAllocation, mode: safepoint, requested by thread 0x00000208b49843d0


---------------  P R O C E S S  ---------------

Threads class SMR info:
_java_thread_list=0x0000020909a8f170, length=19, elements={
0x00000208b49843d0, 0x00000208c1f45440, 0x00000208c1f462c0, 0x00000208c1f59c80,
0x00000208c1f5b360, 0x00000208c1f5dd30, 0x00000208c1f5e6f0, 0x00000208c1f5f970,
0x00000208c1f60370, 0x00000208c1f30430, 0x000002090336e410, 0x000002090396b560,
0x000002090399a3f0, 0x0000020903b16ad0, 0x0000020903b248e0, 0x0000020903b50c70,
0x0000020903b58c50, 0x000002090870c150, 0x0000020908e5de30
}

Java Threads: ( => current thread )
  0x00000208b49843d0 JavaThread "main" [_thread_blocked, id=12964, stack(0x00000091c2d00000,0x00000091c2e00000)]
  0x00000208c1f45440 JavaThread "Reference Handler" daemon [_thread_blocked, id=1364, stack(0x00000091c3400000,0x00000091c3500000)]
  0x00000208c1f462c0 JavaThread "Finalizer" daemon [_thread_blocked, id=1752, stack(0x00000091c3500000,0x00000091c3600000)]
  0x00000208c1f59c80 JavaThread "Signal Dispatcher" daemon [_thread_blocked, id=7972, stack(0x00000091c3600000,0x00000091c3700000)]
  0x00000208c1f5b360 JavaThread "Attach Listener" daemon [_thread_blocked, id=8180, stack(0x00000091c3700000,0x00000091c3800000)]
  0x00000208c1f5dd30 JavaThread "Service Thread" daemon [_thread_blocked, id=800, stack(0x00000091c3800000,0x00000091c3900000)]
  0x00000208c1f5e6f0 JavaThread "Monitor Deflation Thread" daemon [_thread_blocked, id=8724, stack(0x00000091c3900000,0x00000091c3a00000)]
  0x00000208c1f5f970 JavaThread "C1 CompilerThread0" daemon [_thread_blocked, id=1548, stack(0x00000091c3a00000,0x00000091c3b00000)]
  0x00000208c1f60370 JavaThread "Sweeper thread" daemon [_thread_blocked, id=3724, stack(0x00000091c3b00000,0x00000091c3c00000)]
  0x00000208c1f30430 JavaThread "Common-Cleaner" daemon [_thread_blocked, id=6892, stack(0x00000091c3c00000,0x00000091c3d00000)]
  0x000002090336e410 JavaThread "C1 CompilerThread1" daemon [_thread_blocked, id=12868, stack(0x00000091c3d00000,0x00000091c3e00000)]
  0x000002090396b560 JavaThread "Monitor Ctrl-Break" daemon [_thread_in_native, id=7296, stack(0x00000091c3f00000,0x00000091c4000000)]
  0x000002090399a3f0 JavaThread "Notification Thread" daemon [_thread_blocked, id=8360, stack(0x00000091c4000000,0x00000091c4100000)]
  0x0000020903b16ad0 JavaThread "RMI TCP Accept-0" daemon [_thread_in_native, id=2596, stack(0x00000091c4500000,0x00000091c4600000)]
  0x0000020903b248e0 JavaThread "RMI TCP Connection(1)-192.168.80.1" daemon [_thread_blocked, id=6816, stack(0x00000091c4700000,0x00000091c4800000)]
  0x0000020903b50c70 JavaThread "RMI Scheduler(0)" daemon [_thread_blocked, id=9156, stack(0x00000091c4800000,0x00000091c4900000)]
  0x0000020903b58c50 JavaThread "JMX server connection timeout 19" daemon [_thread_blocked, id=15056, stack(0x00000091c4900000,0x00000091c4a00000)]
  0x000002090870c150 JavaThread "RMI TCP Connection(2)-192.168.80.1" daemon [_thread_in_native, id=15188, stack(0x00000091c4a00000,0x00000091c4b00000)]
  0x0000020908e5de30 JavaThread "C1 CompilerThread2" daemon [_thread_blocked, id=2284, stack(0x00000091c4c00000,0x00000091c4d00000)]

Other Threads:
=>0x00000208c1f3ff70 VMThread "VM Thread" [stack: 0x00000091c3300000,0x00000091c3400000] [id=6216]
  0x0000020903af6830 WatcherThread [stack: 0x00000091c4600000,0x00000091c4700000] [id=15004]
  0x00000208b49dd860 GCTaskThread "GC Thread#0" [stack: 0x00000091c2e00000,0x00000091c2f00000] [id=10132]
  0x0000020903a733c0 GCTaskThread "GC Thread#1" [stack: 0x00000091c4100000,0x00000091c4200000] [id=12316]
  0x0000020903a73680 GCTaskThread "GC Thread#2" [stack: 0x00000091c4200000,0x00000091c4300000] [id=10308]
  0x0000020903a99c20 GCTaskThread "GC Thread#3" [stack: 0x00000091c4300000,0x00000091c4400000] [id=1360]
  0x00000208b49ee530 ConcurrentGCThread "G1 Main Marker" [stack: 0x00000091c2f00000,0x00000091c3000000] [id=4748]
  0x00000208b49eef50 ConcurrentGCThread "G1 Conc#0" [stack: 0x00000091c3000000,0x00000091c3100000] [id=9948]
  0x00000208b4a2e880 ConcurrentGCThread "G1 Refine#0" [stack: 0x00000091c3100000,0x00000091c3200000] [id=4848]
  0x0000020903a87120 ConcurrentGCThread "G1 Refine#1" [stack: 0x00000091c4400000,0x00000091c4500000] [id=9096]
  0x00000208c1dfec00 ConcurrentGCThread "G1 Service" [stack: 0x00000091c3200000,0x00000091c3300000] [id=13000]

Threads with active compile tasks:

VM state: at safepoint (normal execution)

VM Mutex/Monitor currently owned by a thread:  ([mutex/lock_event])
[0x00000208b4980a90] Threads_lock - owner thread: 0x00000208c1f3ff70
[0x00000208b4980a00] Heap_lock - owner thread: 0x00000208b49843d0

Heap address: 0x0000000081400000, size: 2028 MB, Compressed Oops mode: 32-bit

CDS archive(s) mapped at: [0x00000208c2000000-0x00000208c2c00000-0x00000208c2c00000), size 12582912, SharedBaseAddress: 0x00000208c2000000, ArchiveRelocationMode: 1.
Compressed class space mapped at: 0x00000208c3000000-0x0000020903000000, reserved size: 1073741824
Narrow klass base: 0x00000208c2000000, Narrow klass shift: 0, Narrow klass range: 0x100000000

GC Precious Log:
 CPUs: 4 total, 4 available
 Memory: 8107M
 Large Page Support: Disabled
 NUMA Support: Disabled
 Compressed Oops: Enabled (32-bit)
 Heap Region Size: 1M
 Heap Min Capacity: 8M
 Heap Initial Capacity: 128M
 Heap Max Capacity: 2028M
 Pre-touch: Disabled
 Parallel Workers: 4
 Concurrent Workers: 1
 Concurrent Refinement Workers: 4
 Periodic GC: Disabled

Heap:
 garbage-first heap   total 131072K, used 36598K [0x0000000081400000, 0x0000000100000000)
  region size 1024K, 6 young (6144K), 6 survivors (6144K)
 Metaspace       used 45981K, committed 46528K, reserved 1114112K
  class space    used 6657K, committed 6912K, reserved 1048576K

Heap Regions: E=young(eden), S=young(survivor), O=old, HS=humongous(starts), HC=humongous(continues), CS=collection set, F=free, OA=open archive, CA=closed archive, TAMS=top-at-mark-start (previous, next)
|   0|0x0000000081400000, 0x0000000081500000, 0x0000000081500000|100%|HS|  |TAMS 0x0000000081500000, 0x0000000081400000| Complete 
|   1|0x0000000081500000, 0x0000000081600000, 0x0000000081600000|100%|HS|  |TAMS 0x0000000081600000, 0x0000000081500000| Complete 
|   2|0x0000000081600000, 0x0000000081700000, 0x0000000081700000|100%|HS|  |TAMS 0x0000000081700000, 0x0000000081600000| Complete 
|   3|0x0000000081700000, 0x0000000081800000, 0x0000000081800000|100%| O|  |TAMS 0x0000000081800000, 0x0000000081700000| Untracked 
|   4|0x0000000081800000, 0x0000000081900000, 0x0000000081900000|100%| O|  |TAMS 0x0000000081900000, 0x0000000081800000| Untracked 
|   5|0x0000000081900000, 0x0000000081a00000, 0x0000000081a00000|100%| O|  |TAMS 0x0000000081a00000, 0x0000000081900000| Untracked 
|   6|0x0000000081a00000, 0x0000000081b00000, 0x0000000081b00000|100%| O|  |TAMS 0x0000000081b00000, 0x0000000081a00000| Untracked 
|   7|0x0000000081b00000, 0x0000000081c00000, 0x0000000081c00000|100%| O|  |TAMS 0x0000000081c00000, 0x0000000081b00000| Untracked 
|   8|0x0000000081c00000, 0x0000000081d00000, 0x0000000081d00000|100%| O|  |TAMS 0x0000000081d00000, 0x0000000081c00000| Untracked 
|   9|0x0000000081d00000, 0x0000000081e00000, 0x0000000081e00000|100%| O|  |TAMS 0x0000000081e00000, 0x0000000081d00000| Untracked 
|  10|0x0000000081e00000, 0x0000000081f00000, 0x0000000081f00000|100%| O|  |TAMS 0x0000000081f00000, 0x0000000081e00000| Untracked 
|  11|0x0000000081f00000, 0x0000000082000000, 0x0000000082000000|100%| O|  |TAMS 0x0000000082000000, 0x0000000081f00000| Untracked 
|  12|0x0000000082000000, 0x0000000082100000, 0x0000000082100000|100%| O|  |TAMS 0x0000000082100000, 0x0000000082000000| Untracked 
|  13|0x0000000082100000, 0x0000000082200000, 0x0000000082200000|100%| O|  |TAMS 0x0000000082200000, 0x0000000082100000| Untracked 
|  14|0x0000000082200000, 0x0000000082300000, 0x0000000082300000|100%| O|  |TAMS 0x0000000082300000, 0x0000000082200000| Untracked 
|  15|0x0000000082300000, 0x0000000082400000, 0x0000000082400000|100%| O|  |TAMS 0x0000000082300000, 0x0000000082300000| Untracked 
|  16|0x0000000082400000, 0x0000000082500000, 0x0000000082500000|100%| O|  |TAMS 0x0000000082500000, 0x0000000082400000| Untracked 
|  17|0x0000000082500000, 0x0000000082600000, 0x0000000082600000|100%| O|  |TAMS 0x0000000082600000, 0x0000000082500000| Untracked 
|  18|0x0000000082600000, 0x0000000082700000, 0x0000000082700000|100%| O|  |TAMS 0x0000000082700000, 0x0000000082600000| Untracked 
|  19|0x0000000082700000, 0x0000000082800000, 0x0000000082800000|100%| O|  |TAMS 0x0000000082800000, 0x0000000082700000| Untracked 
|  20|0x0000000082800000, 0x0000000082900000, 0x0000000082900000|100%| O|  |TAMS 0x0000000082900000, 0x0000000082800000| Untracked 
|  21|0x0000000082900000, 0x0000000082a00000, 0x0000000082a00000|100%| O|  |TAMS 0x0000000082a00000, 0x0000000082900000| Untracked 
|  22|0x0000000082a00000, 0x0000000082b00000, 0x0000000082b00000|100%| O|  |TAMS 0x0000000082b00000, 0x0000000082a00000| Untracked 
|  23|0x0000000082b00000, 0x0000000082c00000, 0x0000000082c00000|100%| O|  |TAMS 0x0000000082b00000, 0x0000000082b00000| Untracked 
|  24|0x0000000082c00000, 0x0000000082d00000, 0x0000000082d00000|100%| O|  |TAMS 0x0000000082c00000, 0x0000000082c00000| Untracked 
|  25|0x0000000082d00000, 0x0000000082e00000, 0x0000000082e00000|100%| O|  |TAMS 0x0000000082d00000, 0x0000000082d00000| Untracked 
|  26|0x0000000082e00000, 0x0000000082f00000, 0x0000000082f00000|100%| O|  |TAMS 0x0000000082e00000, 0x0000000082e00000| Untracked 
|  27|0x0000000082f00000, 0x0000000083000000, 0x0000000083000000|100%| O|  |TAMS 0x0000000082f00000, 0x0000000082f00000| Untracked 
|  28|0x0000000083000000, 0x0000000083100000, 0x0000000083100000|100%| O|  |TAMS 0x0000000083000000, 0x0000000083000000| Untracked 
|  29|0x0000000083100000, 0x00000000831bda00, 0x0000000083200000| 74%| O|  |TAMS 0x0000000083100000, 0x0000000083100000| Untracked 
|  30|0x0000000083200000, 0x0000000083200000, 0x0000000083300000|  0%| F|  |TAMS 0x0000000083200000, 0x0000000083200000| Untracked 
|  31|0x0000000083300000, 0x0000000083300000, 0x0000000083400000|  0%| F|  |TAMS 0x0000000083300000, 0x0000000083300000| Untracked 
|  32|0x0000000083400000, 0x0000000083400000, 0x0000000083500000|  0%| F|  |TAMS 0x0000000083400000, 0x0000000083400000| Untracked 
|  33|0x0000000083500000, 0x0000000083500000, 0x0000000083600000|  0%| F|  |TAMS 0x0000000083500000, 0x0000000083500000| Untracked 
|  34|0x0000000083600000, 0x0000000083600000, 0x0000000083700000|  0%| F|  |TAMS 0x0000000083600000, 0x0000000083600000| Untracked 
|  35|0x0000000083700000, 0x0000000083700000, 0x0000000083800000|  0%| F|  |TAMS 0x0000000083700000, 0x0000000083700000| Untracked 
|  36|0x0000000083800000, 0x0000000083800000, 0x0000000083900000|  0%| F|  |TAMS 0x0000000083800000, 0x0000000083800000| Untracked 
|  37|0x0000000083900000, 0x0000000083900000, 0x0000000083a00000|  0%| F|  |TAMS 0x0000000083900000, 0x0000000083900000| Untracked 
|  38|0x0000000083a00000, 0x0000000083a00000, 0x0000000083b00000|  0%| F|  |TAMS 0x0000000083a00000, 0x0000000083a00000| Untracked 
|  39|0x0000000083b00000, 0x0000000083b00000, 0x0000000083c00000|  0%| F|  |TAMS 0x0000000083b00000, 0x0000000083b00000| Untracked 
|  40|0x0000000083c00000, 0x0000000083c00000, 0x0000000083d00000|  0%| F|  |TAMS 0x0000000083c00000, 0x0000000083c00000| Untracked 
|  41|0x0000000083d00000, 0x0000000083e00000, 0x0000000083e00000|100%| S|CS|TAMS 0x0000000083d00000, 0x0000000083d00000| Complete 
|  42|0x0000000083e00000, 0x0000000083f00000, 0x0000000083f00000|100%| S|CS|TAMS 0x0000000083e00000, 0x0000000083e00000| Complete 
|  43|0x0000000083f00000, 0x0000000083f00000, 0x0000000084000000|  0%| F|  |TAMS 0x0000000083f00000, 0x0000000083f00000| Untracked 
|  44|0x0000000084000000, 0x0000000084000000, 0x0000000084100000|  0%| F|  |TAMS 0x0000000084000000, 0x0000000084000000| Untracked 
|  45|0x0000000084100000, 0x0000000084100000, 0x0000000084200000|  0%| F|  |TAMS 0x0000000084100000, 0x0000000084100000| Untracked 
|  46|0x0000000084200000, 0x0000000084300000, 0x0000000084300000|100%| S|CS|TAMS 0x0000000084200000, 0x0000000084200000| Complete 
|  47|0x0000000084300000, 0x0000000084400000, 0x0000000084400000|100%| S|CS|TAMS 0x0000000084300000, 0x0000000084300000| Complete 
|  48|0x0000000084400000, 0x0000000084500000, 0x0000000084500000|100%| S|CS|TAMS 0x0000000084400000, 0x0000000084400000| Complete 
|  49|0x0000000084500000, 0x0000000084600000, 0x0000000084600000|100%| S|CS|TAMS 0x0000000084500000, 0x0000000084500000| Complete 
|  50|0x0000000084600000, 0x0000000084600000, 0x0000000084700000|  0%| F|  |TAMS 0x0000000084600000, 0x0000000084600000| Untracked 
|  51|0x0000000084700000, 0x0000000084700000, 0x0000000084800000|  0%| F|  |TAMS 0x0000000084700000, 0x0000000084700000| Untracked 
|  52|0x0000000084800000, 0x0000000084800000, 0x0000000084900000|  0%| F|  |TAMS 0x0000000084800000, 0x0000000084800000| Untracked 
|  53|0x0000000084900000, 0x0000000084900000, 0x0000000084a00000|  0%| F|  |TAMS 0x0000000084900000, 0x0000000084900000| Untracked 
|  54|0x0000000084a00000, 0x0000000084a00000, 0x0000000084b00000|  0%| F|  |TAMS 0x0000000084a00000, 0x0000000084a00000| Untracked 
|  55|0x0000000084b00000, 0x0000000084b00000, 0x0000000084c00000|  0%| F|  |TAMS 0x0000000084b00000, 0x0000000084b00000| Untracked 
|  56|0x0000000084c00000, 0x0000000084c00000, 0x0000000084d00000|  0%| F|  |TAMS 0x0000000084c00000, 0x0000000084c00000| Untracked 
|  57|0x0000000084d00000, 0x0000000084d00000, 0x0000000084e00000|  0%| F|  |TAMS 0x0000000084d00000, 0x0000000084d00000| Untracked 
|  58|0x0000000084e00000, 0x0000000084e00000, 0x0000000084f00000|  0%| F|  |TAMS 0x0000000084e00000, 0x0000000084e00000| Untracked 
|  59|0x0000000084f00000, 0x0000000084f00000, 0x0000000085000000|  0%| F|  |TAMS 0x0000000084f00000, 0x0000000084f00000| Untracked 
|  60|0x0000000085000000, 0x0000000085000000, 0x0000000085100000|  0%| F|  |TAMS 0x0000000085000000, 0x0000000085000000| Untracked 
|  61|0x0000000085100000, 0x0000000085100000, 0x0000000085200000|  0%| F|  |TAMS 0x0000000085100000, 0x0000000085100000| Untracked 
|  62|0x0000000085200000, 0x0000000085200000, 0x0000000085300000|  0%| F|  |TAMS 0x0000000085200000, 0x0000000085200000| Untracked 
|  63|0x0000000085300000, 0x0000000085300000, 0x0000000085400000|  0%| F|  |TAMS 0x0000000085300000, 0x0000000085300000| Untracked 
|  64|0x0000000085400000, 0x0000000085400000, 0x0000000085500000|  0%| F|  |TAMS 0x0000000085400000, 0x0000000085400000| Untracked 
|  65|0x0000000085500000, 0x0000000085500000, 0x0000000085600000|  0%| F|  |TAMS 0x0000000085500000, 0x0000000085500000| Untracked 
|  66|0x0000000085600000, 0x0000000085600000, 0x0000000085700000|  0%| F|  |TAMS 0x0000000085600000, 0x0000000085600000| Untracked 
|  67|0x0000000085700000, 0x0000000085700000, 0x0000000085800000|  0%| F|  |TAMS 0x0000000085700000, 0x0000000085700000| Untracked 
|  68|0x0000000085800000, 0x0000000085800000, 0x0000000085900000|  0%| F|  |TAMS 0x0000000085800000, 0x0000000085800000| Untracked 
|  69|0x0000000085900000, 0x0000000085900000, 0x0000000085a00000|  0%| F|  |TAMS 0x0000000085900000, 0x0000000085900000| Untracked 
|  70|0x0000000085a00000, 0x0000000085a00000, 0x0000000085b00000|  0%| F|  |TAMS 0x0000000085a00000, 0x0000000085a00000| Untracked 
|  71|0x0000000085b00000, 0x0000000085b00000, 0x0000000085c00000|  0%| F|  |TAMS 0x0000000085b00000, 0x0000000085b00000| Untracked 
|  72|0x0000000085c00000, 0x0000000085c00000, 0x0000000085d00000|  0%| F|  |TAMS 0x0000000085c00000, 0x0000000085c00000| Untracked 
|  73|0x0000000085d00000, 0x0000000085d00000, 0x0000000085e00000|  0%| F|  |TAMS 0x0000000085d00000, 0x0000000085d00000| Untracked 
|  74|0x0000000085e00000, 0x0000000085e00000, 0x0000000085f00000|  0%| F|  |TAMS 0x0000000085e00000, 0x0000000085e00000| Untracked 
|  75|0x0000000085f00000, 0x0000000085f00000, 0x0000000086000000|  0%| F|  |TAMS 0x0000000085f00000, 0x0000000085f00000| Untracked 
|  76|0x0000000086000000, 0x0000000086000000, 0x0000000086100000|  0%| F|  |TAMS 0x0000000086000000, 0x0000000086000000| Untracked 
|  77|0x0000000086100000, 0x0000000086100000, 0x0000000086200000|  0%| F|  |TAMS 0x0000000086100000, 0x0000000086100000| Untracked 
|  78|0x0000000086200000, 0x0000000086200000, 0x0000000086300000|  0%| F|  |TAMS 0x0000000086200000, 0x0000000086200000| Untracked 
|  79|0x0000000086300000, 0x0000000086300000, 0x0000000086400000|  0%| F|  |TAMS 0x0000000086300000, 0x0000000086300000| Untracked 
|  80|0x0000000086400000, 0x0000000086400000, 0x0000000086500000|  0%| F|  |TAMS 0x0000000086400000, 0x0000000086400000| Untracked 
|  81|0x0000000086500000, 0x0000000086500000, 0x0000000086600000|  0%| F|  |TAMS 0x0000000086500000, 0x0000000086500000| Untracked 
|  82|0x0000000086600000, 0x0000000086600000, 0x0000000086700000|  0%| F|  |TAMS 0x0000000086600000, 0x0000000086600000| Untracked 
|  83|0x0000000086700000, 0x0000000086700000, 0x0000000086800000|  0%| F|  |TAMS 0x0000000086700000, 0x0000000086700000| Untracked 
|  84|0x0000000086800000, 0x0000000086800000, 0x0000000086900000|  0%| F|  |TAMS 0x0000000086800000, 0x0000000086800000| Untracked 
|  85|0x0000000086900000, 0x0000000086900000, 0x0000000086a00000|  0%| F|  |TAMS 0x0000000086900000, 0x0000000086900000| Untracked 
|  86|0x0000000086a00000, 0x0000000086a00000, 0x0000000086b00000|  0%| F|  |TAMS 0x0000000086a00000, 0x0000000086a00000| Untracked 
|  87|0x0000000086b00000, 0x0000000086b00000, 0x0000000086c00000|  0%| F|  |TAMS 0x0000000086b00000, 0x0000000086b00000| Untracked 
|  88|0x0000000086c00000, 0x0000000086c00000, 0x0000000086d00000|  0%| F|  |TAMS 0x0000000086c00000, 0x0000000086c00000| Untracked 
|  89|0x0000000086d00000, 0x0000000086d00000, 0x0000000086e00000|  0%| F|  |TAMS 0x0000000086d00000, 0x0000000086d00000| Untracked 
|  90|0x0000000086e00000, 0x0000000086e00000, 0x0000000086f00000|  0%| F|  |TAMS 0x0000000086e00000, 0x0000000086e00000| Untracked 
|  91|0x0000000086f00000, 0x0000000086f00000, 0x0000000087000000|  0%| F|  |TAMS 0x0000000086f00000, 0x0000000086f00000| Untracked 
|  92|0x0000000087000000, 0x0000000087000000, 0x0000000087100000|  0%| F|  |TAMS 0x0000000087000000, 0x0000000087000000| Untracked 
|  93|0x0000000087100000, 0x0000000087100000, 0x0000000087200000|  0%| F|  |TAMS 0x0000000087100000, 0x0000000087100000| Untracked 
|  94|0x0000000087200000, 0x0000000087200000, 0x0000000087300000|  0%| F|  |TAMS 0x0000000087200000, 0x0000000087200000| Untracked 
|  95|0x0000000087300000, 0x0000000087300000, 0x0000000087400000|  0%| F|  |TAMS 0x0000000087300000, 0x0000000087300000| Untracked 
|  96|0x0000000087400000, 0x0000000087400000, 0x0000000087500000|  0%| F|  |TAMS 0x0000000087400000, 0x0000000087400000| Untracked 
|  97|0x0000000087500000, 0x0000000087500000, 0x0000000087600000|  0%| F|  |TAMS 0x0000000087500000, 0x0000000087500000| Untracked 
|  98|0x0000000087600000, 0x0000000087600000, 0x0000000087700000|  0%| F|  |TAMS 0x0000000087600000, 0x0000000087600000| Untracked 
|  99|0x0000000087700000, 0x0000000087700000, 0x0000000087800000|  0%| F|  |TAMS 0x0000000087700000, 0x0000000087700000| Untracked 
| 100|0x0000000087800000, 0x0000000087800000, 0x0000000087900000|  0%| F|  |TAMS 0x0000000087800000, 0x0000000087800000| Untracked 
| 101|0x0000000087900000, 0x0000000087900000, 0x0000000087a00000|  0%| F|  |TAMS 0x0000000087900000, 0x0000000087900000| Untracked 
| 102|0x0000000087a00000, 0x0000000087a00000, 0x0000000087b00000|  0%| F|  |TAMS 0x0000000087a00000, 0x0000000087a00000| Untracked 
| 103|0x0000000087b00000, 0x0000000087b00000, 0x0000000087c00000|  0%| F|  |TAMS 0x0000000087b00000, 0x0000000087b00000| Untracked 
| 104|0x0000000087c00000, 0x0000000087c00000, 0x0000000087d00000|  0%| F|  |TAMS 0x0000000087c00000, 0x0000000087c00000| Untracked 
| 105|0x0000000087d00000, 0x0000000087d00000, 0x0000000087e00000|  0%| F|  |TAMS 0x0000000087d00000, 0x0000000087d00000| Untracked 
| 106|0x0000000087e00000, 0x0000000087e00000, 0x0000000087f00000|  0%| F|  |TAMS 0x0000000087e00000, 0x0000000087e00000| Untracked 
| 107|0x0000000087f00000, 0x0000000087f00000, 0x0000000088000000|  0%| F|  |TAMS 0x0000000087f00000, 0x0000000087f00000| Untracked 
| 108|0x0000000088000000, 0x0000000088000000, 0x0000000088100000|  0%| F|  |TAMS 0x0000000088000000, 0x0000000088000000| Untracked 
| 109|0x0000000088100000, 0x0000000088100000, 0x0000000088200000|  0%| F|  |TAMS 0x0000000088100000, 0x0000000088100000| Untracked 
| 110|0x0000000088200000, 0x0000000088200000, 0x0000000088300000|  0%| F|  |TAMS 0x0000000088200000, 0x0000000088200000| Untracked 
| 111|0x0000000088300000, 0x0000000088300000, 0x0000000088400000|  0%| F|  |TAMS 0x0000000088300000, 0x0000000088300000| Untracked 
| 112|0x0000000088400000, 0x0000000088400000, 0x0000000088500000|  0%| F|  |TAMS 0x0000000088400000, 0x0000000088400000| Untracked 
| 113|0x0000000088500000, 0x0000000088500000, 0x0000000088600000|  0%| F|  |TAMS 0x0000000088500000, 0x0000000088500000| Untracked 
| 114|0x0000000088600000, 0x0000000088600000, 0x0000000088700000|  0%| F|  |TAMS 0x0000000088600000, 0x0000000088600000| Untracked 
| 115|0x0000000088700000, 0x0000000088700000, 0x0000000088800000|  0%| F|  |TAMS 0x0000000088700000, 0x0000000088700000| Untracked 
| 116|0x0000000088800000, 0x0000000088800000, 0x0000000088900000|  0%| F|  |TAMS 0x0000000088800000, 0x0000000088800000| Untracked 
| 117|0x0000000088900000, 0x0000000088900000, 0x0000000088a00000|  0%| F|  |TAMS 0x0000000088900000, 0x0000000088900000| Untracked 
| 118|0x0000000088a00000, 0x0000000088a00000, 0x0000000088b00000|  0%| F|  |TAMS 0x0000000088a00000, 0x0000000088a00000| Untracked 
| 119|0x0000000088b00000, 0x0000000088b00000, 0x0000000088c00000|  0%| F|  |TAMS 0x0000000088b00000, 0x0000000088b00000| Untracked 
| 120|0x0000000088c00000, 0x0000000088c00000, 0x0000000088d00000|  0%| F|  |TAMS 0x0000000088c00000, 0x0000000088c00000| Untracked 
| 121|0x0000000088d00000, 0x0000000088d00000, 0x0000000088e00000|  0%| F|  |TAMS 0x0000000088d00000, 0x0000000088d00000| Untracked 
| 122|0x0000000088e00000, 0x0000000088e00000, 0x0000000088f00000|  0%| F|  |TAMS 0x0000000088e00000, 0x0000000088e00000| Untracked 
| 123|0x0000000088f00000, 0x0000000088f00000, 0x0000000089000000|  0%| F|  |TAMS 0x0000000088f00000, 0x0000000088f00000| Untracked 
| 124|0x0000000089000000, 0x0000000089000000, 0x0000000089100000|  0%| F|  |TAMS 0x0000000089000000, 0x0000000089000000| Untracked 
| 125|0x0000000089100000, 0x0000000089100000, 0x0000000089200000|  0%| F|  |TAMS 0x0000000089100000, 0x0000000089100000| Untracked 
| 126|0x0000000089200000, 0x0000000089200000, 0x0000000089300000|  0%| F|  |TAMS 0x0000000089200000, 0x0000000089200000| Untracked 
| 127|0x0000000089300000, 0x0000000089300000, 0x0000000089400000|  0%| F|  |TAMS 0x0000000089300000, 0x0000000089300000| Untracked 

Card table byte_map: [0x00000208bb550000,0x00000208bb950000] _byte_map_base: 0x00000208bb146000

Marking Bits (Prev, Next): (CMBitMap*) 0x00000208b49dde80, (CMBitMap*) 0x00000208b49ddec0
 Prev Bits: [0x00000208bbd50000, 0x00000208bdd00000)
 Next Bits: [0x00000208bdd00000, 0x00000208bfcb0000)

Polling page: 0x00000208b28b0000

Metaspace:

Usage:
  Non-class:     38.40 MB used.
      Class:      6.50 MB used.
       Both:     44.90 MB used.

Virtual space:
  Non-class space:       64.00 MB reserved,      38.69 MB ( 60%) committed,  1 nodes.
      Class space:        1.00 GB reserved,       6.75 MB ( <1%) committed,  1 nodes.
             Both:        1.06 GB reserved,      45.44 MB (  4%) committed. 

Chunk freelists:
   Non-Class:  8.91 MB
       Class:  9.23 MB
        Both:  18.14 MB

MaxMetaspaceSize: unlimited
CompressedClassSpaceSize: 1.00 GB
Initial GC threshold: 21.00 MB
Current GC threshold: 46.25 MB
CDS: on
MetaspaceReclaimPolicy: balanced
 - commit_granule_bytes: 65536.
 - commit_granule_words: 8192.
 - virtual_space_node_default_size: 8388608.
 - enlarge_chunks_in_place: 1.
 - new_chunks_are_fully_committed: 0.
 - uncommit_free_chunks: 1.
 - use_allocation_guard: 0.
 - handle_deallocations: 1.


Internal statistics:

num_allocs_failed_limit: 10.
num_arena_births: 758.
num_arena_deaths: 0.
num_vsnodes_births: 2.
num_vsnodes_deaths: 0.
num_space_committed: 727.
num_space_uncommitted: 0.
num_chunks_returned_to_freelist: 10.
num_chunks_taken_from_freelist: 2459.
num_chunk_merges: 10.
num_chunk_splits: 1694.
num_chunks_enlarged: 1262.
num_inconsistent_stats: 0.

CodeCache: size=49152Kb used=11149Kb max_used=11149Kb free=38002Kb
 bounds [0x00000208b8150000, 0x00000208b8c40000, 0x00000208bb150000]
 total_blobs=5975 nmethods=5401 adapters=499
 compilation: enabled
              stopped_count=0, restarted_count=0
 full_count=0

Compilation events (20 events):
Event: 7.691 Thread 0x000002090336e410 5392       1       java.time.ZoneOffset::equals (36 bytes)
Event: 7.691 Thread 0x000002090336e410 nmethod 5392 0x00000208b8c2e790 code [0x00000208b8c2e940, 0x00000208b8c2eb18]
Event: 7.691 Thread 0x000002090336e410 5393       1       java.time.ZoneId::of (37 bytes)
Event: 7.692 Thread 0x0000020908e5de30 5394       1       sun.util.calendar.ZoneInfoFile$ZoneOffsetTransitionRule::<init> (216 bytes)
Event: 7.692 Thread 0x000002090336e410 nmethod 5393 0x00000208b8c2ec10 code [0x00000208b8c2ee00, 0x00000208b8c2f188]
Event: 7.692 Thread 0x0000020908e5de30 nmethod 5394 0x00000208b8c2f390 code [0x00000208b8c2f560, 0x00000208b8c2f828]
Event: 7.695 Thread 0x0000020908e5de30 5395       1       java.time.DayOfWeek::of (46 bytes)
Event: 7.695 Thread 0x00000208c1f5f970 5396       1       java.time.zone.ZoneOffsetTransitionRule$TimeDefinition::values (10 bytes)
Event: 7.695 Thread 0x000002090336e410 5397       1       java.time.zone.ZoneOffsetTransitionRule::readExternal (262 bytes)
Event: 7.695 Thread 0x00000208c1f5f970 nmethod 5396 0x00000208b8c2f990 code [0x00000208b8c2fb20, 0x00000208b8c2fc28]
Event: 7.695 Thread 0x00000208c1f5f970 5398       1       java.time.Month::of (46 bytes)
Event: 7.695 Thread 0x0000020908e5de30 nmethod 5395 0x00000208b8c2fd10 code [0x00000208b8c2ff00, 0x00000208b8c302d8]
Event: 7.695 Thread 0x0000020908e5de30 5399       1       java.time.zone.ZoneOffsetTransitionRule::of (136 bytes)
Event: 7.695 Thread 0x000002090336e410 nmethod 5397 0x00000208b8c30510 code [0x00000208b8c30780, 0x00000208b8c30ca8]
Event: 7.695 Thread 0x000002090336e410 5400       1       java.time.zone.ZoneOffsetTransitionRule::<init> (79 bytes)
Event: 7.695 Thread 0x00000208c1f5f970 nmethod 5398 0x00000208b8c31090 code [0x00000208b8c31280, 0x00000208b8c31658]
Event: 7.695 Thread 0x00000208c1f5f970 5401       1       java.time.LocalTime::of (40 bytes)
Event: 7.695 Thread 0x000002090336e410 nmethod 5400 0x00000208b8c31890 code [0x00000208b8c31a40, 0x00000208b8c31db8]
Event: 7.696 Thread 0x0000020908e5de30 nmethod 5399 0x00000208b8c31e10 code [0x00000208b8c32060, 0x00000208b8c328a8]
Event: 7.696 Thread 0x00000208c1f5f970 nmethod 5401 0x00000208b8c32c10 code [0x00000208b8c32e00, 0x00000208b8c331f8]

GC Heap History (20 events):
Event: 0.572 GC heap after
{Heap after GC invocations=1 (full 0):
 garbage-first heap   total 131072K, used 10549K [0x0000000081400000, 0x0000000100000000)
  region size 1024K, 2 young (2048K), 2 survivors (2048K)
 Metaspace       used 2865K, committed 3072K, reserved 1114112K
  class space    used 347K, committed 448K, reserved 1048576K
}
Event: 0.879 GC heap before
{Heap before GC invocations=1 (full 0):
 garbage-first heap   total 131072K, used 15669K [0x0000000081400000, 0x0000000100000000)
  region size 1024K, 8 young (8192K), 2 survivors (2048K)
 Metaspace       used 6571K, committed 6784K, reserved 1114112K
  class space    used 830K, committed 960K, reserved 1048576K
}
Event: 0.883 GC heap after
{Heap after GC invocations=2 (full 0):
 garbage-first heap   total 131072K, used 11657K [0x0000000081400000, 0x0000000100000000)
  region size 1024K, 1 young (1024K), 1 survivors (1024K)
 Metaspace       used 6571K, committed 6784K, reserved 1114112K
  class space    used 830K, committed 960K, reserved 1048576K
}
Event: 1.329 GC heap before
{Heap before GC invocations=2 (full 0):
 garbage-first heap   total 131072K, used 34185K [0x0000000081400000, 0x0000000100000000)
  region size 1024K, 19 young (19456K), 1 survivors (1024K)
 Metaspace       used 9180K, committed 9408K, reserved 1114112K
  class space    used 1154K, committed 1216K, reserved 1048576K
}
Event: 1.335 GC heap after
{Heap after GC invocations=3 (full 0):
 garbage-first heap   total 131072K, used 15205K [0x0000000081400000, 0x0000000100000000)
  region size 1024K, 3 young (3072K), 3 survivors (3072K)
 Metaspace       used 9180K, committed 9408K, reserved 1114112K
  class space    used 1154K, committed 1216K, reserved 1048576K
}
Event: 3.648 GC heap before
{Heap before GC invocations=3 (full 0):
 garbage-first heap   total 131072K, used 71525K [0x0000000081400000, 0x0000000100000000)
  region size 1024K, 60 young (61440K), 3 survivors (3072K)
 Metaspace       used 21194K, committed 21504K, reserved 1114112K
  class space    used 2893K, committed 3072K, reserved 1048576K
}
Event: 3.659 GC heap after
{Heap after GC invocations=4 (full 0):
 garbage-first heap   total 131072K, used 19277K [0x0000000081400000, 0x0000000100000000)
  region size 1024K, 7 young (7168K), 7 survivors (7168K)
 Metaspace       used 21194K, committed 21504K, reserved 1114112K
  class space    used 2893K, committed 3072K, reserved 1048576K
}
Event: 4.430 GC heap before
{Heap before GC invocations=5 (full 0):
 garbage-first heap   total 75776K, used 56141K [0x0000000081400000, 0x0000000100000000)
  region size 1024K, 44 young (45056K), 7 survivors (7168K)
 Metaspace       used 24268K, committed 24576K, reserved 1114112K
  class space    used 3297K, committed 3456K, reserved 1048576K
}
Event: 4.447 GC heap after
{Heap after GC invocations=6 (full 0):
 garbage-first heap   total 75776K, used 22838K [0x0000000081400000, 0x0000000100000000)
  region size 1024K, 4 young (4096K), 4 survivors (4096K)
 Metaspace       used 24268K, committed 24576K, reserved 1114112K
  class space    used 3297K, committed 3456K, reserved 1048576K
}
Event: 4.485 GC heap before
{Heap before GC invocations=6 (full 0):
 garbage-first heap   total 75776K, used 23862K [0x0000000081400000, 0x0000000100000000)
  region size 1024K, 5 young (5120K), 4 survivors (4096K)
 Metaspace       used 24282K, committed 24576K, reserved 1114112K
  class space    used 3301K, committed 3456K, reserved 1048576K
}
Event: 4.494 GC heap after
{Heap after GC invocations=7 (full 0):
 garbage-first heap   total 91136K, used 23324K [0x0000000081400000, 0x0000000100000000)
  region size 1024K, 1 young (1024K), 1 survivors (1024K)
 Metaspace       used 24282K, committed 24576K, reserved 1114112K
  class space    used 3301K, committed 3456K, reserved 1048576K
}
Event: 5.143 GC heap before
{Heap before GC invocations=7 (full 0):
 garbage-first heap   total 91136K, used 63260K [0x0000000081400000, 0x0000000100000000)
  region size 1024K, 40 young (40960K), 1 survivors (1024K)
 Metaspace       used 27883K, committed 28288K, reserved 1114112K
  class space    used 3889K, committed 4032K, reserved 1048576K
}
Event: 5.149 GC heap after
{Heap after GC invocations=8 (full 0):
 garbage-first heap   total 91136K, used 25312K [0x0000000081400000, 0x0000000100000000)
  region size 1024K, 3 young (3072K), 3 survivors (3072K)
 Metaspace       used 27883K, committed 28288K, reserved 1114112K
  class space    used 3889K, committed 4032K, reserved 1048576K
}
Event: 5.945 GC heap before
{Heap before GC invocations=9 (full 0):
 garbage-first heap   total 91136K, used 66272K [0x0000000081400000, 0x0000000100000000)
  region size 1024K, 43 young (44032K), 3 survivors (3072K)
 Metaspace       used 34500K, committed 34944K, reserved 1114112K
  class space    used 4921K, committed 5120K, reserved 1048576K
}
Event: 5.953 GC heap after
{Heap after GC invocations=10 (full 0):
 garbage-first heap   total 91136K, used 28100K [0x0000000081400000, 0x0000000100000000)
  region size 1024K, 6 young (6144K), 6 survivors (6144K)
 Metaspace       used 34500K, committed 34944K, reserved 1114112K
  class space    used 4921K, committed 5120K, reserved 1048576K
}
Event: 6.574 GC heap before
{Heap before GC invocations=10 (full 0):
 garbage-first heap   total 91136K, used 69060K [0x0000000081400000, 0x0000000100000000)
  region size 1024K, 45 young (46080K), 6 survivors (6144K)
 Metaspace       used 38388K, committed 38848K, reserved 1114112K
  class space    used 5479K, committed 5696K, reserved 1048576K
}
Event: 6.589 GC heap after
{Heap after GC invocations=11 (full 0):
 garbage-first heap   total 91136K, used 30995K [0x0000000081400000, 0x0000000100000000)
  region size 1024K, 6 young (6144K), 6 survivors (6144K)
 Metaspace       used 38388K, committed 38848K, reserved 1114112K
  class space    used 5479K, committed 5696K, reserved 1048576K
}
Event: 7.027 GC heap before
{Heap before GC invocations=11 (full 0):
 garbage-first heap   total 91136K, used 69907K [0x0000000081400000, 0x0000000100000000)
  region size 1024K, 44 young (45056K), 6 survivors (6144K)
 Metaspace       used 41544K, committed 42112K, reserved 1114112K
  class space    used 5983K, committed 6272K, reserved 1048576K
}
Event: 7.038 GC heap after
{Heap after GC invocations=12 (full 0):
 garbage-first heap   total 91136K, used 31919K [0x0000000081400000, 0x0000000100000000)
  region size 1024K, 4 young (4096K), 4 survivors (4096K)
 Metaspace       used 41544K, committed 42112K, reserved 1114112K
  class space    used 5983K, committed 6272K, reserved 1048576K
}
Event: 7.698 GC heap before
{Heap before GC invocations=12 (full 0):
 garbage-first heap   total 91136K, used 69807K [0x0000000081400000, 0x0000000100000000)
  region size 1024K, 42 young (43008K), 4 survivors (4096K)
 Metaspace       used 45981K, committed 46528K, reserved 1114112K
  class space    used 6657K, committed 6912K, reserved 1048576K
}

Dll operation events (4 events):
Event: 0.011 Loaded shared library C:\Users\hp\.jdks\jbr-17.0.12\bin\java.dll
Event: 0.052 Loaded shared library C:\Users\hp\.jdks\jbr-17.0.12\bin\jsvml.dll
Event: 0.221 Loaded shared library C:\Users\hp\.jdks\jbr-17.0.12\bin\zip.dll
Event: 6.463 Loaded shared library C:\Users\hp\.jdks\jbr-17.0.12\bin\verify.dll

Deoptimization events (2 events):
Event: 5.783 Thread 0x00000208b49843d0 DEOPT PACKING pc=0x00000208b89d1fb5 sp=0x00000091c2dfdc30
Event: 5.783 Thread 0x00000208b49843d0 DEOPT UNPACKING pc=0x00000208b81a7143 sp=0x00000091c2dfd1d8 mode 0

Classes loaded (20 events):
Event: 7.563 Loading class javax/xml/parsers/SAXParserFactory
Event: 7.563 Loading class javax/xml/parsers/SAXParserFactory done
Event: 7.599 Loading class sun/misc/Unsafe
Event: 7.599 Loading class sun/misc/Unsafe done
Event: 7.600 Loading class jdk/internal/vm/annotation/ForceInline
Event: 7.600 Loading class jdk/internal/vm/annotation/ForceInline done
Event: 7.613 Loading class sun/util/resources/LocaleData$CommonResourceBundleProvider
Event: 7.613 Loading class sun/util/resources/LocaleData$LocaleDataResourceBundleProvider
Event: 7.613 Loading class java/util/spi/ResourceBundleProvider
Event: 7.613 Loading class java/util/spi/ResourceBundleProvider done
Event: 7.613 Loading class sun/util/resources/LocaleData$LocaleDataResourceBundleProvider done
Event: 7.613 Loading class sun/util/resources/LocaleData$CommonResourceBundleProvider done
Event: 7.613 Loading class sun/util/resources/Bundles$2
Event: 7.614 Loading class sun/util/resources/Bundles$2 done
Event: 7.616 Loading class java/text/ParsePosition
Event: 7.616 Loading class java/text/ParsePosition done
Event: 7.616 Loading class java/text/CalendarBuilder
Event: 7.616 Loading class java/text/CalendarBuilder done
Event: 7.653 Loading class sun/util/resources/ParallelListResourceBundle
Event: 7.653 Loading class sun/util/resources/ParallelListResourceBundle done

Classes unloaded (0 events):
No events

Classes redefined (0 events):
No events

Internal exceptions (20 events):
Event: 5.998 Thread 0x00000208b49843d0 Exception <a 'java/lang/NoSuchMethodError'{0x000000008694d418}: 'void java.lang.invoke.DirectMethodHandle$Holder.invokeVirtual(java.lang.Object, java.lang.Object, int)'> (0x000000008694d418) 
thrown [s\src\hotspot\share\interpreter\linkResolver.cpp, line 771]
Event: 5.999 Thread 0x00000208b49843d0 Exception <a 'java/lang/NoSuchMethodError'{0x0000000086953600}: 'void java.lang.invoke.DirectMethodHandle$Holder.invokeStatic(java.lang.Object, java.lang.Object, java.lang.Object, int, java.lang.Object)'> (0x0000000086953600) 
thrown [s\src\hotspot\share\interpreter\linkResolver.cpp, line 771]
Event: 5.999 Thread 0x00000208b49843d0 Exception <a 'java/lang/NoSuchMethodError'{0x000000008695ab08}: 'java.lang.Object java.lang.invoke.DirectMethodHandle$Holder.newInvokeSpecial(java.lang.Object, java.lang.Object, java.lang.Object, int)'> (0x000000008695ab08) 
thrown [s\src\hotspot\share\interpreter\linkResolver.cpp, line 771]
Event: 5.999 Thread 0x00000208b49843d0 Exception <a 'java/lang/NoSuchMethodError'{0x000000008695edf0}: 'java.lang.Object java.lang.invoke.DirectMethodHandle$Holder.invokeSpecial(java.lang.Object, java.lang.Object, java.lang.Object, java.lang.Object, int)'> (0x000000008695edf0) 
thrown [s\src\hotspot\share\interpreter\linkResolver.cpp, line 771]
Event: 5.999 Thread 0x00000208b49843d0 Exception <a 'java/lang/NoSuchMethodError'{0x00000000869629b8}: 'java.lang.Object java.lang.invoke.Invokers$Holder.linkToTargetMethod(java.lang.Object, java.lang.Object, int, java.lang.Object)'> (0x00000000869629b8) 
thrown [s\src\hotspot\share\interpreter\linkResolver.cpp, line 771]
Event: 6.210 Thread 0x00000208b49843d0 Exception <a 'java/io/FileNotFoundException'{0x0000000085ca9f40}> (0x0000000085ca9f40) 
thrown [s\src\hotspot\share\prims\jni.cpp, line 531]
Event: 6.302 Thread 0x00000208b49843d0 Exception <a 'java/lang/NoSuchMethodError'{0x000000008573a098}: 'int java.lang.invoke.DirectMethodHandle$Holder.invokeInterface(java.lang.Object, java.lang.Object, java.lang.Object, java.lang.Object)'> (0x000000008573a098) 
thrown [s\src\hotspot\share\interpreter\linkResolver.cpp, line 771]
Event: 6.356 Thread 0x00000208b49843d0 Exception <a 'java/lang/NoSuchMethodError'{0x00000000854f23e0}: 'java.lang.Object java.lang.invoke.DirectMethodHandle$Holder.invokeStaticInit(java.lang.Object, java.lang.Object, java.lang.Object, java.lang.Object)'> (0x00000000854f23e0) 
thrown [s\src\hotspot\share\interpreter\linkResolver.cpp, line 771]
Event: 6.358 Thread 0x00000208b49843d0 Exception <a 'java/lang/IncompatibleClassChangeError'{0x0000000085309258}: Found class java.lang.Object, but interface was expected> (0x0000000085309258) 
thrown [s\src\hotspot\share\interpreter\linkResolver.cpp, line 838]
Event: 6.359 Thread 0x00000208b49843d0 Exception <a 'java/lang/IncompatibleClassChangeError'{0x00000000853178f0}: Found class java.lang.Object, but interface was expected> (0x00000000853178f0) 
thrown [s\src\hotspot\share\interpreter\linkResolver.cpp, line 838]
Event: 6.362 Thread 0x00000208b49843d0 Exception <a 'java/lang/IncompatibleClassChangeError'{0x00000000853494e8}: Found class java.lang.Object, but interface was expected> (0x00000000853494e8) 
thrown [s\src\hotspot\share\interpreter\linkResolver.cpp, line 838]
Event: 6.493 Thread 0x00000208b49843d0 Exception <a 'java/lang/NoSuchMethodError'{0x0000000084c31558}: 'int java.lang.invoke.DirectMethodHandle$Holder.invokeStaticInit(java.lang.Object, int, java.lang.Object, java.lang.Object, java.lang.Object, java.lang.Object)'> (0x0000000084c31558) 
thrown [s\src\hotspot\share\interpreter\linkResolver.cpp, line 771]
Event: 6.515 Thread 0x00000208b49843d0 Exception <a 'java/lang/NoSuchMethodError'{0x0000000084cfbb68}: 'java.lang.Object java.lang.invoke.DirectMethodHandle$Holder.invokeStatic(java.lang.Object, java.lang.Object, int, java.lang.Object)'> (0x0000000084cfbb68) 
thrown [s\src\hotspot\share\interpreter\linkResolver.cpp, line 771]
Event: 6.515 Thread 0x00000208b49843d0 Exception <a 'java/lang/NoSuchMethodError'{0x0000000084b02dc0}: 'java.lang.Object java.lang.invoke.DirectMethodHandle$Holder.newInvokeSpecial(java.lang.Object, java.lang.Object, int)'> (0x0000000084b02dc0) 
thrown [s\src\hotspot\share\interpreter\linkResolver.cpp, line 771]
Event: 6.678 Thread 0x00000208b49843d0 Exception <a 'java/lang/NoSuchMethodError'{0x0000000085eed310}: 'java.lang.Object java.lang.invoke.DirectMethodHandle$Holder.newInvokeSpecial(java.lang.Object, java.lang.Object, java.lang.Object, int, java.lang.Object, java.lang.Object)'> (0x0000000085eed310) 
thrown [s\src\hotspot\share\interpreter\linkResolver.cpp, line 771]
Event: 6.839 Thread 0x00000208b49843d0 Exception <a 'java/lang/NoSuchMethodError'{0x0000000085311a98}: 'long java.lang.invoke.DirectMethodHandle$Holder.invokeVirtual(java.lang.Object, java.lang.Object)'> (0x0000000085311a98) 
thrown [s\src\hotspot\share\interpreter\linkResolver.cpp, line 771]
Event: 6.890 Thread 0x00000208b49843d0 Exception <a 'java/lang/NoSuchMethodError'{0x00000000850e3f78}: 'java.lang.Object java.lang.invoke.DirectMethodHandle$Holder.invokeSpecial(java.lang.Object, java.lang.Object, java.lang.Object, long, int)'> (0x00000000850e3f78) 
thrown [s\src\hotspot\share\interpreter\linkResolver.cpp, line 771]
Event: 6.890 Thread 0x00000208b49843d0 Exception <a 'java/lang/NoSuchMethodError'{0x00000000850e7d30}: 'java.lang.Object java.lang.invoke.Invokers$Holder.linkToTargetMethod(java.lang.Object, long, int, java.lang.Object)'> (0x00000000850e7d30) 
thrown [s\src\hotspot\share\interpreter\linkResolver.cpp, line 771]
Event: 7.505 Thread 0x00000208b49843d0 Exception <a 'java/lang/NoSuchMethodError'{0x000000008577c6a8}: 'int java.lang.invoke.DirectMethodHandle$Holder.invokeStatic(java.lang.Object, java.lang.Object, java.lang.Object, java.lang.Object, java.lang.Object)'> (0x000000008577c6a8) 
thrown [s\src\hotspot\share\interpreter\linkResolver.cpp, line 771]
Event: 7.550 Thread 0x00000208b49843d0 Exception <a 'java/lang/NoSuchMethodError'{0x00000000855da970}: 'void java.lang.invoke.DirectMethodHandle$Holder.invokeInterface(java.lang.Object, java.lang.Object)'> (0x00000000855da970) 
thrown [s\src\hotspot\share\interpreter\linkResolver.cpp, line 771]

VM Operations (20 events):
Event: 6.472 Executing VM operation: HandshakeAllThreads done
Event: 6.573 Executing VM operation: G1CollectForAllocation
Event: 6.589 Executing VM operation: G1CollectForAllocation done
Event: 6.731 Executing VM operation: HandshakeAllThreads
Event: 6.731 Executing VM operation: HandshakeAllThreads done
Event: 6.731 Executing VM operation: HandshakeAllThreads
Event: 6.731 Executing VM operation: HandshakeAllThreads done
Event: 6.810 Executing VM operation: HandshakeAllThreads
Event: 6.810 Executing VM operation: HandshakeAllThreads done
Event: 6.811 Executing VM operation: HandshakeAllThreads
Event: 6.811 Executing VM operation: HandshakeAllThreads done
Event: 6.846 Executing VM operation: HandshakeAllThreads
Event: 6.846 Executing VM operation: HandshakeAllThreads done
Event: 7.027 Executing VM operation: G1CollectForAllocation
Event: 7.038 Executing VM operation: G1CollectForAllocation done
Event: 7.189 Executing VM operation: HandshakeAllThreads
Event: 7.189 Executing VM operation: HandshakeAllThreads done
Event: 7.236 Executing VM operation: HandshakeAllThreads
Event: 7.236 Executing VM operation: HandshakeAllThreads done
Event: 7.698 Executing VM operation: G1CollectForAllocation

Events (20 events):
Event: 3.721 Loaded shared library C:\Users\hp\.jdks\jbr-17.0.12\bin\sunmscapi.dll
Event: 3.730 Thread 0x000002090870e9d0 Thread exited: 0x000002090870e9d0
Event: 3.743 Thread 0x000002090870d590 Thread added: 0x000002090870d590
Event: 3.745 Thread 0x000002090870c660 Thread exited: 0x000002090870c660
Event: 3.748 Thread 0x000002090870d590 Thread exited: 0x000002090870d590
Event: 4.250 Thread 0x000002090870c660 Thread added: 0x000002090870c660
Event: 4.253 Thread 0x000002090870c660 Thread exited: 0x000002090870c660
Event: 4.756 Thread 0x000002090870f3f0 Thread added: 0x000002090870f3f0
Event: 4.760 Thread 0x000002090870f3f0 Thread exited: 0x000002090870f3f0
Event: 5.263 Thread 0x000002090870c660 Thread added: 0x000002090870c660
Event: 5.269 Thread 0x000002090870c660 Thread exited: 0x000002090870c660
Event: 5.772 Thread 0x000002090870cb70 Thread added: 0x000002090870cb70
Event: 5.777 Thread 0x000002090870cb70 Thread exited: 0x000002090870cb70
Event: 6.279 Thread 0x000002090870dfb0 Thread added: 0x000002090870dfb0
Event: 6.285 Thread 0x000002090870dfb0 Thread exited: 0x000002090870dfb0
Event: 6.787 Thread 0x000002090870d590 Thread added: 0x000002090870d590
Event: 6.791 Thread 0x000002090870d590 Thread exited: 0x000002090870d590
Event: 6.845 Thread 0x000002090870eee0 Thread exited: 0x000002090870eee0
Event: 7.294 Thread 0x000002090870f900 Thread added: 0x000002090870f900
Event: 7.298 Thread 0x000002090870f900 Thread exited: 0x000002090870f900


Dynamic libraries:
0x00007ff6daac0000 - 0x00007ff6daaca000 	C:\Users\hp\.jdks\jbr-17.0.12\bin\java.exe
0x00007fff5a6d0000 - 0x00007fff5a8c8000 	C:\Windows\SYSTEM32\ntdll.dll
0x00007fff597f0000 - 0x00007fff598b2000 	C:\Windows\System32\KERNEL32.DLL
0x00007fff57d70000 - 0x00007fff5806f000 	C:\Windows\System32\KERNELBASE.dll
0x00007fff583f0000 - 0x00007fff584f0000 	C:\Windows\System32\ucrtbase.dll
0x00007fff454e0000 - 0x00007fff454f7000 	C:\Users\hp\.jdks\jbr-17.0.12\bin\jli.dll
0x00007fff50a60000 - 0x00007fff50a7b000 	C:\Users\hp\.jdks\jbr-17.0.12\bin\VCRUNTIME140.dll
0x00007fff45f80000 - 0x00007fff4621a000 	C:\Windows\WinSxS\amd64_microsoft.windows.common-controls_6595b64144ccf1df_6.0.19041.4355_none_60b8b9eb71f62e16\COMCTL32.dll
0x00007fff589a0000 - 0x00007fff58a3e000 	C:\Windows\System32\msvcrt.dll
0x00007fff586f0000 - 0x00007fff5888d000 	C:\Windows\System32\USER32.dll
0x00007fff58070000 - 0x00007fff58092000 	C:\Windows\System32\win32u.dll
0x00007fff59760000 - 0x00007fff5978b000 	C:\Windows\System32\GDI32.dll
0x00007fff585d0000 - 0x00007fff586ea000 	C:\Windows\System32\gdi32full.dll
0x00007fff58110000 - 0x00007fff581ad000 	C:\Windows\System32\msvcp_win.dll
0x00007fff5a4a0000 - 0x00007fff5a4cf000 	C:\Windows\System32\IMM32.DLL
0x00007fff51340000 - 0x00007fff5134c000 	C:\Users\hp\.jdks\jbr-17.0.12\bin\vcruntime140_1.dll
0x00007fff2b720000 - 0x00007fff2b7ad000 	C:\Users\hp\.jdks\jbr-17.0.12\bin\msvcp140.dll
0x00007fff15b50000 - 0x00007fff167da000 	C:\Users\hp\.jdks\jbr-17.0.12\bin\server\jvm.dll
0x00007fff588f0000 - 0x00007fff5899f000 	C:\Windows\System32\ADVAPI32.dll
0x00007fff59c00000 - 0x00007fff59c9f000 	C:\Windows\System32\sechost.dll
0x00007fff59ad0000 - 0x00007fff59bf3000 	C:\Windows\System32\RPCRT4.dll
0x00007fff584f0000 - 0x00007fff58517000 	C:\Windows\System32\bcrypt.dll
0x00007fff5a600000 - 0x00007fff5a66b000 	C:\Windows\System32\WS2_32.dll
0x00007fff57270000 - 0x00007fff572bb000 	C:\Windows\SYSTEM32\POWRPROF.dll
0x00007fff45d30000 - 0x00007fff45d57000 	C:\Windows\SYSTEM32\WINMM.dll
0x00007fff50cc0000 - 0x00007fff50cca000 	C:\Windows\SYSTEM32\VERSION.dll
0x00007fff57130000 - 0x00007fff57142000 	C:\Windows\SYSTEM32\UMPDC.dll
0x00007fff56580000 - 0x00007fff56592000 	C:\Windows\SYSTEM32\kernel.appcore.dll
0x00007fff51240000 - 0x00007fff5124a000 	C:\Users\hp\.jdks\jbr-17.0.12\bin\jimage.dll
0x00007fff55a60000 - 0x00007fff55c44000 	C:\Windows\SYSTEM32\DBGHELP.DLL
0x00007fff43aa0000 - 0x00007fff43ad4000 	C:\Windows\SYSTEM32\dbgcore.DLL
0x00007fff58200000 - 0x00007fff58282000 	C:\Windows\System32\bcryptPrimitives.dll
0x00007fff51280000 - 0x00007fff5128e000 	C:\Users\hp\.jdks\jbr-17.0.12\bin\instrument.dll
0x00007fff3a870000 - 0x00007fff3a895000 	C:\Users\hp\.jdks\jbr-17.0.12\bin\java.dll
0x00007fff290c0000 - 0x00007fff29197000 	C:\Users\hp\.jdks\jbr-17.0.12\bin\jsvml.dll
0x00007fff58e90000 - 0x00007fff595fd000 	C:\Windows\System32\SHELL32.dll
0x00007fff55d90000 - 0x00007fff56534000 	C:\Windows\SYSTEM32\windows.storage.dll
0x00007fff5a140000 - 0x00007fff5a495000 	C:\Windows\System32\combase.dll
0x00007fff576c0000 - 0x00007fff576ef000 	C:\Windows\SYSTEM32\Wldp.dll
0x00007fff58bf0000 - 0x00007fff58cbd000 	C:\Windows\System32\OLEAUT32.dll
0x00007fff58cc0000 - 0x00007fff58d6d000 	C:\Windows\System32\SHCORE.dll
0x00007fff59a70000 - 0x00007fff59ac5000 	C:\Windows\System32\shlwapi.dll
0x00007fff57ca0000 - 0x00007fff57cc4000 	C:\Windows\SYSTEM32\profapi.dll
0x00007fff43a20000 - 0x00007fff43a38000 	C:\Users\hp\.jdks\jbr-17.0.12\bin\zip.dll
0x00007fff428b0000 - 0x00007fff428c9000 	C:\Users\hp\.jdks\jbr-17.0.12\bin\net.dll
0x00007fff505f0000 - 0x00007fff506fa000 	C:\Windows\SYSTEM32\WINHTTP.dll
0x00007fff574a0000 - 0x00007fff5750c000 	C:\Windows\system32\mswsock.dll
0x00007fff3aa10000 - 0x00007fff3aa26000 	C:\Users\hp\.jdks\jbr-17.0.12\bin\nio.dll
0x00007fff51260000 - 0x00007fff5127a000 	C:\Program Files\JetBrains\IntelliJ IDEA 2024.3.1.1\bin\breakgen64.dll
0x00007fff571a0000 - 0x00007fff5726a000 	C:\Windows\SYSTEM32\DNSAPI.dll
0x00007fff57150000 - 0x00007fff5718b000 	C:\Windows\SYSTEM32\IPHLPAPI.DLL
0x00007fff5a130000 - 0x00007fff5a138000 	C:\Windows\System32\NSI.dll
0x00007fff505e0000 - 0x00007fff505ea000 	C:\Windows\System32\rasadhlp.dll
0x00007fff50970000 - 0x00007fff50979000 	C:\Users\hp\.jdks\jbr-17.0.12\bin\extnet.dll
0x00007fff4cc00000 - 0x00007fff4cc80000 	C:\Windows\System32\fwpuclnt.dll
0x00007fff51250000 - 0x00007fff51259000 	C:\Users\hp\.jdks\jbr-17.0.12\bin\management.dll
0x00007fff43a10000 - 0x00007fff43a1b000 	C:\Users\hp\.jdks\jbr-17.0.12\bin\management_ext.dll
0x00007fff59ca0000 - 0x00007fff59ca8000 	C:\Windows\System32\PSAPI.DLL
0x00007fff57700000 - 0x00007fff57718000 	C:\Windows\SYSTEM32\CRYPTSP.dll
0x00007fff56d70000 - 0x00007fff56da4000 	C:\Windows\system32\rsaenh.dll
0x00007fff57c60000 - 0x00007fff57c8e000 	C:\Windows\SYSTEM32\USERENV.dll
0x00007fff57630000 - 0x00007fff5763c000 	C:\Windows\SYSTEM32\CRYPTBASE.dll
0x00007fff508c0000 - 0x00007fff508d7000 	C:\Windows\SYSTEM32\dhcpcsvc6.DLL
0x00007fff50880000 - 0x00007fff5089d000 	C:\Windows\SYSTEM32\dhcpcsvc.DLL
0x00007fff3f170000 - 0x00007fff3f187000 	C:\Windows\system32\napinsp.dll
0x00007fff3f150000 - 0x00007fff3f16b000 	C:\Windows\system32\pnrpnsp.dll
0x00007fff53c70000 - 0x00007fff53c85000 	C:\Windows\system32\wshbth.dll
0x00007fff51020000 - 0x00007fff5103d000 	C:\Windows\system32\NLAapi.dll
0x00007fff3f100000 - 0x00007fff3f112000 	C:\Windows\System32\winrnr.dll
0x00007fff43c10000 - 0x00007fff43c61000 	C:\Windows\SYSTEM32\pdh.dll
0x00007fff47370000 - 0x00007fff4737f000 	C:\Windows\System32\perfproc.dll
0x00007fff39390000 - 0x00007fff3939f000 	C:\Windows\System32\perfos.dll
0x00007fff3a9e0000 - 0x00007fff3a9ee000 	C:\Users\hp\.jdks\jbr-17.0.12\bin\sunmscapi.dll
0x00007fff58290000 - 0x00007fff583ec000 	C:\Windows\System32\CRYPT32.dll
0x00007fff57810000 - 0x00007fff57837000 	C:\Windows\SYSTEM32\ncrypt.dll
0x00007fff577d0000 - 0x00007fff5780b000 	C:\Windows\SYSTEM32\NTASN1.dll
0x00007fff439f0000 - 0x00007fff43a00000 	C:\Users\hp\.jdks\jbr-17.0.12\bin\verify.dll

dbghelp: loaded successfully - version: 4.0.5 - missing functions: none
symbol engine: initialized successfully - sym options: 0x614 - pdb path: .;C:\Users\hp\.jdks\jbr-17.0.12\bin;C:\Windows\SYSTEM32;C:\Windows\WinSxS\amd64_microsoft.windows.common-controls_6595b64144ccf1df_6.0.19041.4355_none_60b8b9eb71f62e16;C:\Users\hp\.jdks\jbr-17.0.12\bin\server;C:\Program Files\JetBrains\IntelliJ IDEA 2024.3.1.1\bin

VM Arguments:
jvm_args: -XX:TieredStopAtLevel=1 -Dspring.output.ansi.enabled=always -Dcom.sun.management.jmxremote -Dspring.jmx.enabled=true -Dspring.liveBeansView.mbeanDomain -Dspring.application.admin.enabled=true -Dmanagement.endpoints.jmx.exposure.include=* -javaagent:C:\Program Files\JetBrains\IntelliJ IDEA 2024.3.1.1\lib\idea_rt.jar=56047:C:\Program Files\JetBrains\IntelliJ IDEA 2024.3.1.1\bin -Dfile.encoding=UTF-8 
java_command: com.eureka.EurekaApplication
java_class_path (initial): D:\mmm\mmm\2024-2025 4SAE1\App web dist\MiniProjet\Eureka\target\classes;C:\Users\hp\.m2\repository\org\springframework\boot\spring-boot-starter-data-jpa\3.4.3\spring-boot-starter-data-jpa-3.4.3.jar;C:\Users\hp\.m2\repository\org\springframework\boot\spring-boot-starter\3.4.3\spring-boot-starter-3.4.3.jar;C:\Users\hp\.m2\repository\org\springframework\boot\spring-boot\3.4.3\spring-boot-3.4.3.jar;C:\Users\hp\.m2\repository\org\springframework\boot\spring-boot-autoconfigure\3.4.3\spring-boot-autoconfigure-3.4.3.jar;C:\Users\hp\.m2\repository\org\springframework\boot\spring-boot-starter-logging\3.4.3\spring-boot-starter-logging-3.4.3.jar;C:\Users\hp\.m2\repository\ch\qos\logback\logback-classic\1.5.16\logback-classic-1.5.16.jar;C:\Users\hp\.m2\repository\ch\qos\logback\logback-core\1.5.16\logback-core-1.5.16.jar;C:\Users\hp\.m2\repository\org\apache\logging\log4j\log4j-to-slf4j\2.24.3\log4j-to-slf4j-2.24.3.jar;C:\Users\hp\.m2\repository\org\apache\logging\log4j\log4j-api\2.24.3\log4j-api-2.24.3.jar;C:\Users\hp\.m2\repository\org\slf4j\jul-to-slf4j\2.0.16\jul-to-slf4j-2.0.16.jar;C:\Users\hp\.m2\repository\jakarta\annotation\jakarta.annotation-api\2.1.1\jakarta.annotation-api-2.1.1.jar;C:\Users\hp\.m2\repository\org\yaml\snakeyaml\2.3\snakeyaml-2.3.jar;C:\Users\hp\.m2\repository\org\springframework\boot\spring-boot-starter-jdbc\3.4.3\spring-boot-starter-jdbc-3.4.3.jar;C:\Users\hp\.m2\repository\com\zaxxer\HikariCP\5.1.0\HikariCP-5.1.0.jar;C:\Users\hp\.m2\repository\org\springframework\spring-jdbc\6.2.3\spring-jdbc-6.2.3.jar;C:\Users\hp\.m2\repository\org\hibernate\orm\hibernate-core\6.6.8.Final\hibernate-core-6.6.8.Final.jar;C:\Users\hp\.m2\repository\jakarta\persistence\jakarta.persistence-api\3.1.0\jakarta.persistence-api-3.1.0.jar;C:\Users\hp\.m2\repository\jakarta\transaction\jakarta.transaction-api\2.0.1\jakarta.transaction-api-2.0.1.jar;C:\Users\hp\.m2\repository\org\jboss\logging\jboss-logging\3.6.1.Final\jboss-logging-3.6.1.Final.jar;
Launcher Type: SUN_STANDARD

[Global flags]
     intx CICompilerCount                          = 3                                         {product} {ergonomic}
     uint ConcGCThreads                            = 1                                         {product} {ergonomic}
     uint G1ConcRefinementThreads                  = 4                                         {product} {ergonomic}
   size_t G1HeapRegionSize                         = 1048576                                   {product} {ergonomic}
    uintx GCDrainStackTargetSize                   = 64                                        {product} {ergonomic}
   size_t InitialHeapSize                          = 134217728                                 {product} {ergonomic}
     bool ManagementServer                         = true                                      {product} {command line}
   size_t MarkStackSize                            = 4194304                                   {product} {ergonomic}
   size_t MaxHeapSize                              = 2126512128                                {product} {ergonomic}
   size_t MaxNewSize                               = 1275068416                                {product} {ergonomic}
   size_t MinHeapDeltaBytes                        = 1048576                                   {product} {ergonomic}
   size_t MinHeapSize                              = 8388608                                   {product} {ergonomic}
    uintx NonProfiledCodeHeapSize                  = 0                                      {pd product} {ergonomic}
     bool ProfileInterpreter                       = false                                  {pd product} {command line}
    uintx ProfiledCodeHeapSize                     = 0                                      {pd product} {ergonomic}
   size_t SoftMaxHeapSize                          = 2126512128                             {manageable} {ergonomic}
     intx TieredStopAtLevel                        = 1                                         {product} {command line}
     bool UseCompressedClassPointers               = true                           {product lp64_product} {ergonomic}
     bool UseCompressedOops                        = true                           {product lp64_product} {ergonomic}
     bool UseG1GC                                  = true                                      {product} {ergonomic}
     bool UseLargePagesIndividualAllocation        = false                                  {pd product} {ergonomic}

Logging:
Log output configuration:
 #0: stdout all=warning uptime,level,tags
 #1: stderr all=off uptime,level,tags

Environment Variables:
PATH=C:\Python313\Scripts\;C:\Python313\;C:\oraclexe\app\oracle\product\11.2.0\server\bin;;C:\Python312\Scripts\;C:\Python312\;C:\Program Files (x86)\VMware\VMware Workstation\bin\;C:\Program Files\Common Files\Oracle\Java\javapath;C:\Program Files (x86)\Common Files\Oracle\Java\java8path;C:\Program Files (x86)\Common Files\Oracle\Java\javapath;C:\Windows\system32;C:\Windows;C:\Windows\System32\Wbem;C:\Windows\System32\WindowsPowerShell\v1.0\;C:\Windows\System32\OpenSSH\;C:\Program Files\Microsoft SQL Server\120\Tools\Binn\;C:\Program Files\Common Files\Autodesk Shared\;C:\Program Files\Git\cmd;C:\Program Files\Microsoft SQL Server\150\Tools\Binn\;C:\Program Files\Microsoft SQL Server\Client SDK\ODBC\170\Tools\Binn\;C:\Program Files\dotnet\;C:\ProgramData\chocolatey\bin;C:\Program Files\Docker\Docker\resources\bin;C:\Program Files\nodejs\;C:\Users\hp\AppData\Local\Microsoft\WindowsApps;C:\Users\hp\AppData\Local\Programs\Microsoft VS Code\bin;C:\Users\hp\.dotnet\tools;C:\Program Files\MongoDB\Server\4.0\bin;C:\Users\hp\AppData\Roaming\npm
USERNAME=hp
OS=Windows_NT
PROCESSOR_IDENTIFIER=Intel64 Family 6 Model 142 Stepping 9, GenuineIntel
TMP=C:\Users\hp\AppData\Local\Temp
TEMP=C:\Users\hp\AppData\Local\Temp



Periodic native trim disabled

JNI global refs:
JNI global refs: 17, weak refs: 0

JNI global refs memory usage: 843, weak refs: 841

Process memory usage:
Resident Set Size: 227904K (2% of 8302416K total physical memory with 510300K free physical memory)

OOME stack traces (most recent first):
Classloader memory used:
Loader jdk.internal.loader.ClassLoaders$AppClassLoader                                 : 4440K
Loader bootstrap                                                                       : 1234K
Loader jdk.internal.loader.ClassLoaders$PlatformClassLoader                            : 41016B
Loader jdk.internal.reflect.DelegatingClassLoader                                      : 32400B
Loader sun.reflect.misc.MethodUtil                                                     : 373B


---------------  S Y S T E M  ---------------

OS:
 Windows 10 , 64 bit Build 19041 (10.0.19041.5438)
OS uptime: 0 days 12:36 hours
Hyper-V role detected

CPU: total 4 (initial active 4) (2 cores per cpu, 2 threads per core) family 6 model 142 stepping 9 microcode 0xb4, cx8, cmov, fxsr, ht, mmx, 3dnowpref, sse, sse2, sse3, ssse3, sse4.1, sse4.2, popcnt, lzcnt, tsc, tscinvbit, avx, avx2, aes, erms, clmul, bmi1, bmi2, adx, fma, vzeroupper, clflush, clflushopt, hv
Processor Information for all 4 processors :
  Max Mhz: 2901, Current Mhz: 2901, Mhz Limit: 2901

Memory: 4k page, system-wide physical 8107M (498M free)
TotalPageFile size 12107M (AvailPageFile size 6M)
current process WorkingSet (physical memory assigned to process): 222M, peak: 222M
current process commit charge ("private bytes"): 291M, peak: 308M

vm_info: OpenJDK 64-Bit Server VM (17.0.12+1-b1207.37) for windows-amd64 JRE (17.0.12+1-b1207.37), built on 2024-09-25 by "builduser" with MS VC++ 16.10 / 16.11 (VS2019)

END.
