#
# There is insufficient memory for the Java Runtime Environment to continue.
# Native memory allocation (mmap) failed to map 65536 bytes. Error detail: Failed to commit metaspace.
# Possible reasons:
#   The system is out of physical RAM or swap space
#   This process is running with CompressedOops enabled, and the Java Heap may be blocking the growth of the native heap
# Possible solutions:
#   Reduce memory load on the system
#   Increase physical memory or swap space
#   Check if swap backing store is full
#   Decrease Java heap size (-Xmx/-Xms)
#   Decrease number of Java threads
#   Decrease Java thread stack sizes (-Xss)
#   Set larger code cache with -XX:ReservedCodeCacheSize=
#   JVM is running with Unscaled Compressed Oops mode in which the Java heap is
#     placed in the first 4GB address space. The Java Heap base address is the
#     maximum limit for the native heap growth. Please use -XX:HeapBaseMinAddress
#     to set the Java Heap base and to place the Java Heap above 4GB virtual address.
# This output file may be truncated or incomplete.
#
#  Out of Memory Error (virtualSpaceNode.cpp:110), pid=4628, tid=5036
#
# JRE version: OpenJDK Runtime Environment JBR-17.0.12+1-1207.37-nomod (17.0.12+1) (build 17.0.12+1-b1207.37)
# Java VM: OpenJDK 64-Bit Server VM JBR-17.0.12+1-1207.37-nomod (17.0.12+1-b1207.37, mixed mode, emulated-client, sharing, tiered, compressed oops, compressed class ptrs, g1 gc, windows-amd64)
# No core dump will be written. Minidumps are not enabled by default on client versions of Windows
#

---------------  S U M M A R Y ------------

Command Line: -XX:TieredStopAtLevel=1 -Dspring.output.ansi.enabled=always -Dcom.sun.management.jmxremote -Dspring.jmx.enabled=true -Dspring.liveBeansView.mbeanDomain -Dspring.application.admin.enabled=true -Dmanagement.endpoints.jmx.exposure.include=* -javaagent:C:\Program Files\JetBrains\IntelliJ IDEA 2024.3.1.1\lib\idea_rt.jar=56111:C:\Program Files\JetBrains\IntelliJ IDEA 2024.3.1.1\bin -Dfile.encoding=UTF-8 com.eureka.EurekaApplication

Host: Intel(R) Core(TM) i7-7500U CPU @ 2.70GHz, 4 cores, 7G,  Windows 10 , 64 bit Build 19041 (10.0.19041.5438)
Time: Tue Feb 25 21:43:59 2025 Romance Standard Time elapsed time: 3.624630 seconds (0d 0h 0m 3s)

---------------  T H R E A D  ---------------

Current thread (0x00000212fda606f0):  JavaThread "background-preinit" [_thread_in_vm, id=5036, stack(0x0000002e5c800000,0x0000002e5c900000)]

Stack: [0x0000002e5c800000,0x0000002e5c900000]
Native frames: (J=compiled Java code, j=interpreted, Vv=VM code, C=native code)
V  [jvm.dll+0x689d89]

Java frames: (J=compiled Java code, j=interpreted, Vv=VM code)
J 1341  java.lang.ClassLoader.defineClass1(Ljava/lang/ClassLoader;Ljava/lang/String;[BIILjava/security/ProtectionDomain;Ljava/lang/String;)Ljava/lang/Class; java.base@17.0.12 (0 bytes) @ 0x00000212ee6dd6e3 [0x00000212ee6dd620+0x00000000000000c3]
J 1366 c1 java.lang.ClassLoader.defineClass(Ljava/lang/String;[BIILjava/security/ProtectionDomain;)Ljava/lang/Class; java.base@17.0.12 (43 bytes) @ 0x00000212ee6eba5c [0x00000212ee6eb960+0x00000000000000fc]
J 1373 c1 jdk.internal.loader.BuiltinClassLoader.defineClass(Ljava/lang/String;Ljdk/internal/loader/Resource;)Ljava/lang/Class; java.base@17.0.12 (121 bytes) @ 0x00000212ee6f02e4 [0x00000212ee6efe20+0x00000000000004c4]
J 1370 c1 jdk.internal.loader.BuiltinClassLoader.findClassOnClassPathOrNull(Ljava/lang/String;)Ljava/lang/Class; java.base@17.0.12 (64 bytes) @ 0x00000212ee6ee85c [0x00000212ee6ee5a0+0x00000000000002bc]
J 1095 c1 jdk.internal.loader.BuiltinClassLoader.loadClassOrNull(Ljava/lang/String;Z)Ljava/lang/Class; java.base@17.0.12 (143 bytes) @ 0x00000212ee66dadc [0x00000212ee66d680+0x000000000000045c]
J 1187 c1 jdk.internal.loader.ClassLoaders$AppClassLoader.loadClass(Ljava/lang/String;Z)Ljava/lang/Class; java.base@17.0.12 (40 bytes) @ 0x00000212ee6a0724 [0x00000212ee6a05e0+0x0000000000000144]
J 1181 c1 java.lang.ClassLoader.loadClass(Ljava/lang/String;)Ljava/lang/Class; java.base@17.0.12 (7 bytes) @ 0x00000212ee69c464 [0x00000212ee69c420+0x0000000000000044]
v  ~StubRoutines::call_stub
J 1341  java.lang.ClassLoader.defineClass1(Ljava/lang/ClassLoader;Ljava/lang/String;[BIILjava/security/ProtectionDomain;Ljava/lang/String;)Ljava/lang/Class; java.base@17.0.12 (0 bytes) @ 0x00000212ee6dd6e3 [0x00000212ee6dd620+0x00000000000000c3]
J 1366 c1 java.lang.ClassLoader.defineClass(Ljava/lang/String;[BIILjava/security/ProtectionDomain;)Ljava/lang/Class; java.base@17.0.12 (43 bytes) @ 0x00000212ee6eba5c [0x00000212ee6eb960+0x00000000000000fc]
J 1373 c1 jdk.internal.loader.BuiltinClassLoader.defineClass(Ljava/lang/String;Ljdk/internal/loader/Resource;)Ljava/lang/Class; java.base@17.0.12 (121 bytes) @ 0x00000212ee6f02e4 [0x00000212ee6efe20+0x00000000000004c4]
J 1370 c1 jdk.internal.loader.BuiltinClassLoader.findClassOnClassPathOrNull(Ljava/lang/String;)Ljava/lang/Class; java.base@17.0.12 (64 bytes) @ 0x00000212ee6ee85c [0x00000212ee6ee5a0+0x00000000000002bc]
J 1095 c1 jdk.internal.loader.BuiltinClassLoader.loadClassOrNull(Ljava/lang/String;Z)Ljava/lang/Class; java.base@17.0.12 (143 bytes) @ 0x00000212ee66dadc [0x00000212ee66d680+0x000000000000045c]
J 1187 c1 jdk.internal.loader.ClassLoaders$AppClassLoader.loadClass(Ljava/lang/String;Z)Ljava/lang/Class; java.base@17.0.12 (40 bytes) @ 0x00000212ee6a0724 [0x00000212ee6a05e0+0x0000000000000144]
J 1181 c1 java.lang.ClassLoader.loadClass(Ljava/lang/String;)Ljava/lang/Class; java.base@17.0.12 (7 bytes) @ 0x00000212ee69c464 [0x00000212ee69c420+0x0000000000000044]
v  ~StubRoutines::call_stub
j  org.springframework.http.converter.json.Jackson2ObjectMapperBuilder.build()Lcom/fasterxml/jackson/databind/ObjectMapper;+77
j  org.springframework.http.converter.json.MappingJackson2HttpMessageConverter.<init>()V+4
j  org.springframework.http.converter.support.AllEncompassingFormHttpMessageConverter.<init>()V+55
j  org.springframework.boot.autoconfigure.BackgroundPreinitializer$MessageConverterInitializer.run()V+4
j  org.springframework.boot.autoconfigure.BackgroundPreinitializer$1.runSafely(Ljava/lang/Runnable;)Z+1
j  org.springframework.boot.autoconfigure.BackgroundPreinitializer$1.run()V+32
j  java.lang.Thread.run()V+11 java.base@17.0.12
v  ~StubRoutines::call_stub

Compiled method (n/a)    3632 1341     n 0       java.lang.ClassLoader::defineClass1 (native)
 total in heap  [0x00000212ee6dd490,0x00000212ee6dd970] = 1248
 relocation     [0x00000212ee6dd5e8,0x00000212ee6dd620] = 56
 main code      [0x00000212ee6dd620,0x00000212ee6dd970] = 848

[Constant Pool (empty)]

[MachCode]
[Entry Point]
  # {method} {0x00000212800122e8} 'defineClass1' '(Ljava/lang/ClassLoader;Ljava/lang/String;[BIILjava/security/ProtectionDomain;Ljava/lang/String;)Ljava/lang/Class;' in 'java/lang/ClassLoader'
  # parm0:    rdx:rdx   = 'java/lang/ClassLoader'
  # parm1:    r8:r8     = 'java/lang/String'
  # parm2:    r9:r9     = '[B'
  # parm3:    rdi       = int
  # parm4:    rsi       = int
  # parm5:    rcx:rcx   = 'java/security/ProtectionDomain'
  # parm6:    [sp+0xa0]   = 'java/lang/String'  (sp of caller)
  0x00000212ee6dd620: 448b 5208 | 49bb 0000 | 0080 1202 | 0000 4d03 | d349 3bc2 | 0f84 0600 

  0x00000212ee6dd638: ;   {runtime_call ic_miss_stub}
  0x00000212ee6dd638: 0000 e941 | 3ac3 ff90 
[Verified Entry Point]
  0x00000212ee6dd640: 8984 2400 | 90ff ff55 | 488b ec48 | 81ec 9000 | 0000 4881 | 7d10 0000 | 0000 488d | 4510 480f 
  0x00000212ee6dd660: 4445 1048 | 8944 2440 | 4889 4c24 | 7048 83f9 | 0048 8d44 | 2470 480f | 4444 2470 | 4889 4424 
  0x00000212ee6dd680: 3848 8974 | 2430 4889 | 7c24 284c | 894c 2458 | 4983 f900 | 488d 4424 | 5848 0f44 | 4424 5848 
  0x00000212ee6dd6a0: 8944 2420 | 4c89 4424 | 5049 83f8 | 004c 8d4c | 2450 4c0f | 444c 2450 | 4889 5424 | 4848 83fa 
  0x00000212ee6dd6c0: 004c 8d44 | 2448 4c0f | 4444 2448 

  0x00000212ee6dd6cc: ;   {oop(a 'java/lang/Class'{0x0000000081da6cd8} = 'java/lang/ClassLoader')}
  0x00000212ee6dd6cc: 49be d86c | da81 0000 | 0000 4c89 | 7424 784c | 8d74 2478 | 498b d6c5 

  0x00000212ee6dd6e4: ;   {internal_word}
  0x00000212ee6dd6e4: f877 49ba | e3d6 6dee | 1202 0000 | 4d89 97a0 | 0200 0049 | 89a7 9802 

  0x00000212ee6dd6fc: ;   {external_word}
  0x00000212ee6dd6fc: 0000 49ba | a8aa 6e16 | ff7f 0000 | 4180 3a00 | 0f84 5200 | 0000 5241 

  0x00000212ee6dd714: ;   {metadata({method} {0x00000212800122e8} 'defineClass1' '(Ljava/lang/ClassLoader;Ljava/lang/String;[BIILjava/security/ProtectionDomain;Ljava/lang/String;)Ljava/lang/Class;' in 'java/lang/ClassLoader')}
  0x00000212ee6dd714: 5041 5148 | bae0 2201 | 8012 0200 | 0049 8bcf | 4883 ec20 | f7c4 0f00 | 0000 0f84 | 1a00 0000 
  0x00000212ee6dd734: 4883 ec08 

  0x00000212ee6dd738: ;   {runtime_call}
  0x00000212ee6dd738: 49ba 90fd | 2316 ff7f | 0000 41ff | d248 83c4 | 08e9 0d00 

  0x00000212ee6dd74c: ;   {runtime_call}
  0x00000212ee6dd74c: 0000 49ba | 90fd 2316 | ff7f 0000 | 41ff d248 | 83c4 2041 | 5941 585a | 498d 8fb8 | 0200 0041 
  0x00000212ee6dd76c: c787 4803 | 0000 0400 

  0x00000212ee6dd774: ;   {runtime_call}
  0x00000212ee6dd774: 0000 49ba | ac16 873a | ff7f 0000 | 41ff d2c5 | f877 41c7 | 8748 0300 | 0005 0000 | 00f0 8344 
  0x00000212ee6dd794: 24c0 0049 | 3baf 5003 | 0000 0f87 | 1100 0000 | 4181 bf38 | 0300 0000 | 0000 000f | 842c 0000 
  0x00000212ee6dd7b4: 00c5 f877 | 4889 45f8 | 498b cf4c | 8be4 4883 | ec20 4883 

  0x00000212ee6dd7c8: ;   {runtime_call}
  0x00000212ee6dd7c8: e4f0 49ba | a021 3416 | ff7f 0000 | 41ff d249 | 8be4 4d33 | e448 8b45 | f841 c787 | 4803 0000 
  0x00000212ee6dd7e8: 0800 0000 | 4181 bfb8 | 0300 0002 | 0000 000f | 843f 0100 

  0x00000212ee6dd7fc: ;   {external_word}
  0x00000212ee6dd7fc: 0049 baa8 | aa6e 16ff | 7f00 0041 | 803a 000f | 8450 0000 | 0048 8945 

  0x00000212ee6dd814: ;   {metadata({method} {0x00000212800122e8} 'defineClass1' '(Ljava/lang/ClassLoader;Ljava/lang/String;[BIILjava/security/ProtectionDomain;Ljava/lang/String;)Ljava/lang/Class;' in 'java/lang/ClassLoader')}
  0x00000212ee6dd814: f848 bae0 | 2201 8012 | 0200 0049 | 8bcf 4883 | ec20 f7c4 | 0f00 0000 | 0f84 1a00 | 0000 4883 
  0x00000212ee6dd834: ;   {runtime_call}
  0x00000212ee6dd834: ec08 49ba | 90fd 2316 | ff7f 0000 | 41ff d248 | 83c4 08e9 | 0d00 0000 

  0x00000212ee6dd84c: ;   {runtime_call}
  0x00000212ee6dd84c: 49ba 90fd | 2316 ff7f | 0000 41ff | d248 83c4 | 2048 8b45 | f849 c787 | 9802 0000 | 0000 0000 
  0x00000212ee6dd86c: 49c7 87a0 | 0200 0000 | 0000 00c5 | f877 4885 | c00f 8493 | 0000 0048 | f7c0 0100 | 0000 0f84 
  0x00000212ee6dd88c: 8300 0000 | 488b 40ff | 4180 7f38 | 000f 846f | 0000 0048 | 83f8 000f | 8465 0000 | 0049 8b4f 
  0x00000212ee6dd8ac: 2048 83f9 | 000f 8414 | 0000 0048 | 83e9 0849 | 894f 2049 | 034f 3048 | 8901 e943 | 0000 0050 
  0x00000212ee6dd8cc: 498b d748 | 8bc8 4883 | ec20 f7c4 | 0f00 0000 | 0f84 1a00 | 0000 4883 

  0x00000212ee6dd8e4: ;   {runtime_call}
  0x00000212ee6dd8e4: ec08 49ba | 5078 e215 | ff7f 0000 | 41ff d248 | 83c4 08e9 | 0d00 0000 

  0x00000212ee6dd8fc: ;   {runtime_call}
  0x00000212ee6dd8fc: 49ba 5078 | e215 ff7f | 0000 41ff | d248 83c4 | 2058 e903 | 0000 0048 | 8b00 498b | 8fd8 0000 
  0x00000212ee6dd91c: 00c7 8100 | 0100 0000 | 0000 00c9 | 4981 7f08 | 0000 0000 | 0f85 0100 

  0x00000212ee6dd934: ;   {runtime_call StubRoutines (1)}
  0x00000212ee6dd934: 0000 c3e9 | c435 beff | c5f8 7748 | 8945 f84c | 8be4 4883 | ec20 4883 

  0x00000212ee6dd94c: ;   {runtime_call}
  0x00000212ee6dd94c: e4f0 49ba | 102e 2416 | ff7f 0000 | 41ff d249 | 8be4 4d33 | e448 8b45 | f8e9 93fe | ffff f4f4 
  0x00000212ee6dd96c: f4f4 f4f4 
[/MachCode]


Compiled method (c1)    3661 1366       1       java.lang.ClassLoader::defineClass (43 bytes)
 total in heap  [0x00000212ee6eb790,0x00000212ee6ebd50] = 1472
 relocation     [0x00000212ee6eb8e8,0x00000212ee6eb948] = 96
 main code      [0x00000212ee6eb960,0x00000212ee6ebb00] = 416
 stub code      [0x00000212ee6ebb00,0x00000212ee6ebb78] = 120
 metadata       [0x00000212ee6ebb78,0x00000212ee6ebbb8] = 64
 scopes data    [0x00000212ee6ebbb8,0x00000212ee6ebc70] = 184
 scopes pcs     [0x00000212ee6ebc70,0x00000212ee6ebd10] = 160
 dependencies   [0x00000212ee6ebd10,0x00000212ee6ebd28] = 24
 nul chk table  [0x00000212ee6ebd28,0x00000212ee6ebd50] = 40

[Constant Pool (empty)]

[MachCode]
[Entry Point]
  # {method} {0x0000021280011ed8} 'defineClass' '(Ljava/lang/String;[BIILjava/security/ProtectionDomain;)Ljava/lang/Class;' in 'java/lang/ClassLoader'
  # this:     rdx:rdx   = 'java/lang/ClassLoader'
  # parm0:    r8:r8     = 'java/lang/String'
  # parm1:    r9:r9     = '[B'
  # parm2:    rdi       = int
  # parm3:    rsi       = int
  # parm4:    rcx:rcx   = 'java/security/ProtectionDomain'
  #           [sp+0xc0]  (sp of caller)
  0x00000212ee6eb960: 448b 5208 | 49bb 0000 | 0080 1202 | 0000 4d03 | d34c 3bd0 

  0x00000212ee6eb974: ;   {runtime_call ic_miss_stub}
  0x00000212ee6eb974: 0f85 0657 | c2ff 660f | 1f44 0000 
[Verified Entry Point]
  0x00000212ee6eb980: 8984 2400 | 90ff ff55 | 4881 ecb0 | 0000 0048 | 8954 2478 | 89b4 2494 | 0000 0089 | bc24 9000 
  0x00000212ee6eb9a0: 0000 4c89 | 8c24 8800 | 0000 498b | d84c 8bc3 | 4c8b c948 | 8bca 488b | d148 899c | 2480 0000 
  0x00000212ee6eb9c0: 0066 0f1f 

  0x00000212ee6eb9c4: ;   {optimized virtual_call}
  0x00000212ee6eb9c4: 4400 00e8 

  0x00000212ee6eb9c8: ; ImmutableOopMap {[120]=Oop [136]=Oop [128]=Oop }
                      ;*invokevirtual preDefineClass {reexecute=0 rethrow=0 return_oop=0}
                      ; - java.lang.ClassLoader::defineClass@4 (line 1015)
  0x00000212ee6eb9c8: 7416 0000 | 4889 8424 | 9800 0000 

  0x00000212ee6eb9d4: ; implicit exception: dispatches to 0x00000212ee6eba9a
  0x00000212ee6eb9d4: 448b 4010 | 4983 f800 | 0f85 0f00 

  0x00000212ee6eb9e0: ;   {oop(NULL)}
  0x00000212ee6eb9e0: 0000 48bb | 0000 0000 | 0000 0000 | e936 0000 | 0045 8b40 | 0c49 83f8 | 000f 850f 

  0x00000212ee6eb9fc: ;   {oop(NULL)}
  0x00000212ee6eb9fc: 0000 0048 | bb00 0000 | 0000 0000 | 00e9 1900 | 0000 418b | 5038 483b 

  0x00000212ee6eba14: ;   {optimized virtual_call}
  0x00000212ee6eba14: 0266 90e8 

  0x00000212ee6eba18: ; ImmutableOopMap {[120]=Oop [136]=Oop [128]=Oop [152]=Oop }
                      ;*invokevirtual toExternalForm {reexecute=0 rethrow=0 return_oop=0}
                      ; - java.net.URL::toExternalForm@5 (line 1039)
                      ; - java.net.URL::toString@1 (line 1025)
                      ; - java.lang.ClassLoader::defineClassSourceLocation@22 (line 917)
                      ; - java.lang.ClassLoader::defineClass@12 (line 1016)
  0x00000212ee6eba18: 8480 f9ff | 488b d848 | 8b84 2498 | 0000 008b | b424 9400 | 0000 8bbc | 2490 0000 | 004c 8b8c 
  0x00000212ee6eba38: 2488 0000 | 004c 8b84 | 2480 0000 | 0048 8b54 | 2478 4c8b | da49 8bd3 | 488b c848 

  0x00000212ee6eba54: ;   {static_call}
  0x00000212ee6eba54: 891c 24e8 

  0x00000212ee6eba58: ; ImmutableOopMap {[152]=Oop [120]=Oop }
                      ;*invokestatic defineClass1 {reexecute=0 rethrow=0 return_oop=0}
                      ; - java.lang.ClassLoader::defineClass@27 (line 1017)
  0x00000212ee6eba58: e41b ffff | 4c8b c04c | 8b8c 2498 | 0000 0048 | 8b54 2478 | 4889 8424 | a000 0000 

  0x00000212ee6eba74: ;   {optimized virtual_call}
  0x00000212ee6eba74: 6666 90e8 

  0x00000212ee6eba78: ; ImmutableOopMap {[160]=Oop }
                      ;*invokevirtual postDefineClass {reexecute=0 rethrow=0 return_oop=0}
                      ; - java.lang.ClassLoader::defineClass@37 (line 1018)
  0x00000212ee6eba78: 84e9 0100 | 488b 8424 | a000 0000 | 4881 c4b0 | 0000 005d 

  0x00000212ee6eba8c: ;   {poll_return}
  0x00000212ee6eba8c: 493b a750 | 0300 000f | 8715 0000 

  0x00000212ee6eba98: ;   {runtime_call throw_null_pointer_exception Runtime1 stub}
  0x00000212ee6eba98: 00c3 e881 

  0x00000212ee6eba9c: ; ImmutableOopMap {[120]=Oop [136]=Oop [128]=Oop rax=Oop [152]=Oop }
                      ;*invokevirtual getCodeSource {reexecute=0 rethrow=0 return_oop=0}
                      ; - java.lang.ClassLoader::defineClassSourceLocation@1 (line 914)
                      ; - java.lang.ClassLoader::defineClass@12 (line 1016)
                      ;   {runtime_call throw_null_pointer_exception Runtime1 stub}
  0x00000212ee6eba9c: 55cc ffe8 

  0x00000212ee6ebaa0: ; ImmutableOopMap {[120]=Oop [136]=Oop [128]=Oop rax=Oop [152]=Oop }
                      ;*invokevirtual getLocation {reexecute=0 rethrow=0 return_oop=0}
                      ; - java.lang.ClassLoader::defineClassSourceLocation@12 (line 916)
                      ; - java.lang.ClassLoader::defineClass@12 (line 1016)
  0x00000212ee6ebaa0: 7c55 ccff 

  0x00000212ee6ebaa4: ;   {runtime_call throw_null_pointer_exception Runtime1 stub}
  0x00000212ee6ebaa4: e877 55cc 

  0x00000212ee6ebaa8: ; ImmutableOopMap {[120]=Oop [136]=Oop [128]=Oop [152]=Oop r8=Oop }
                      ;*invokevirtual toString {reexecute=0 rethrow=0 return_oop=0}
                      ; - java.lang.ClassLoader::defineClassSourceLocation@22 (line 917)
                      ; - java.lang.ClassLoader::defineClass@12 (line 1016)
                      ;   {runtime_call throw_null_pointer_exception Runtime1 stub}
  0x00000212ee6ebaa8: ffe8 7255 

  0x00000212ee6ebaac: ; ImmutableOopMap {[120]=Oop [136]=Oop [128]=Oop [152]=Oop r8=Oop rdx=Oop }
                      ;*invokevirtual toExternalForm {reexecute=0 rethrow=0 return_oop=0}
                      ; - java.net.URL::toExternalForm@5 (line 1039)
                      ; - java.net.URL::toString@1 (line 1025)
                      ; - java.lang.ClassLoader::defineClassSourceLocation@22 (line 917)
                      ; - java.lang.ClassLoader::defineClass@12 (line 1016)
                      ;   {internal_word}
  0x00000212ee6ebaac: ccff 49ba | 8cba 6eee | 1202 0000 | 4d89 9768 

  0x00000212ee6ebabc: ;   {runtime_call SafepointBlob}
  0x00000212ee6ebabc: 0300 00e9 | 3cbf c2ff | 9090 498b | 87e0 0300 | 0049 c787 | e003 0000 | 0000 0000 | 49c7 87e8 
  0x00000212ee6ebadc: 0300 0000 | 0000 0048 | 81c4 b000 

  0x00000212ee6ebae8: ;   {runtime_call unwind_exception Runtime1 stub}
  0x00000212ee6ebae8: 0000 5de9 | 1046 ccff | f4f4 f4f4 | f4f4 f4f4 | f4f4 f4f4 | f4f4 f4f4 
[Stub Code]
  0x00000212ee6ebb00: ;   {no_reloc}
  0x00000212ee6ebb00: 0f1f 4400 

  0x00000212ee6ebb04: ;   {static_stub}
  0x00000212ee6ebb04: 0048 bb10 | 2201 8012 

  0x00000212ee6ebb0c: ;   {runtime_call I2C/C2I adapters}
  0x00000212ee6ebb0c: 0200 00e9 | cd1e c2ff 

  0x00000212ee6ebb14: ;   {static_stub}
  0x00000212ee6ebb14: 9048 bb00 | 0000 0000 

  0x00000212ee6ebb1c: ;   {runtime_call}
  0x00000212ee6ebb1c: 0000 00e9 | fbff ffff 

  0x00000212ee6ebb24: ;   {static_stub}
  0x00000212ee6ebb24: 9048 bb00 | 0000 0000 

  0x00000212ee6ebb2c: ;   {runtime_call}
  0x00000212ee6ebb2c: 0000 00e9 | fbff ffff 

  0x00000212ee6ebb34: ;   {static_stub}
  0x00000212ee6ebb34: 9048 bb58 | 2301 8012 

  0x00000212ee6ebb3c: ;   {runtime_call I2C/C2I adapters}
  0x00000212ee6ebb3c: 0200 00e9 | 9d1e c2ff 
[Exception Handler]
  0x00000212ee6ebb44: ;   {runtime_call handle_exception_from_callee Runtime1 stub}
  0x00000212ee6ebb44: e8b7 72cc 

  0x00000212ee6ebb48: ;   {external_word}
  0x00000212ee6ebb48: ff48 b9d0 | 9d48 16ff | 7f00 0048 

  0x00000212ee6ebb54: ;   {runtime_call}
  0x00000212ee6ebb54: 83e4 f049 | ba40 ec10 | 16ff 7f00 | 0041 ffd2 

  0x00000212ee6ebb64: ;   {section_word}
  0x00000212ee6ebb64: f449 ba65 | bb6e ee12 | 0200 0041 

  0x00000212ee6ebb70: ;   {runtime_call DeoptimizationBlob}
  0x00000212ee6ebb70: 52e9 2ab1 | c2ff f4f4 
[/MachCode]


Compiled method (c1)    3669 1373       1       jdk.internal.loader.BuiltinClassLoader::defineClass (121 bytes)
 total in heap  [0x00000212ee6efb90,0x00000212ee6f0a30] = 3744
 relocation     [0x00000212ee6efce8,0x00000212ee6efe18] = 304
 main code      [0x00000212ee6efe20,0x00000212ee6f0440] = 1568
 stub code      [0x00000212ee6f0440,0x00000212ee6f0588] = 328
 metadata       [0x00000212ee6f0588,0x00000212ee6f05e0] = 88
 scopes data    [0x00000212ee6f05e0,0x00000212ee6f0838] = 600
 scopes pcs     [0x00000212ee6f0838,0x00000212ee6f09d8] = 416
 dependencies   [0x00000212ee6f09d8,0x00000212ee6f09f8] = 32
 handler table  [0x00000212ee6f09f8,0x00000212ee6f0a10] = 24
 nul chk table  [0x00000212ee6f0a10,0x00000212ee6f0a30] = 32

[Constant Pool (empty)]

[MachCode]
[Entry Point]
  # {method} {0x0000021280492e70} 'defineClass' '(Ljava/lang/String;Ljdk/internal/loader/Resource;)Ljava/lang/Class;' in 'jdk/internal/loader/BuiltinClassLoader'
  # this:     rdx:rdx   = 'jdk/internal/loader/BuiltinClassLoader'
  # parm0:    r8:r8     = 'java/lang/String'
  # parm1:    r9:r9     = 'jdk/internal/loader/Resource'
  #           [sp+0x110]  (sp of caller)
  0x00000212ee6efe20: 448b 5208 | 49bb 0000 | 0080 1202 | 0000 4d03 | d34c 3bd0 

  0x00000212ee6efe34: ;   {runtime_call ic_miss_stub}
  0x00000212ee6efe34: 0f85 4612 | c2ff 660f | 1f44 0000 
[Verified Entry Point]
  0x00000212ee6efe40: 8984 2400 | 90ff ff55 | 4881 ec00 | 0100 0048 | 8994 24a0 | 0000 004c | 8984 2490 | 0000 004c 
  0x00000212ee6efe60: 898c 2498 | 0000 0049 | 8bd1 6666 | 9048 b860 | 4b1c 8012 

  0x00000212ee6efe74: ;   {virtual_call}
  0x00000212ee6efe74: 0200 00e8 

  0x00000212ee6efe78: ; ImmutableOopMap {[152]=Oop [160]=Oop [144]=Oop }
                      ;*invokevirtual getCodeSourceURL {reexecute=0 rethrow=0 return_oop=0}
                      ; - jdk.internal.loader.BuiltinClassLoader::defineClass@1 (line 842)
  0x00000212ee6efe78: 243a 0000 | 4889 8424 | a800 0000 | 4c8b 8424 | 9000 0000 

  0x00000212ee6efe8c: ; implicit exception: dispatches to 0x00000212ee6f0343
  0x00000212ee6efe8c: 418b 7014 

  0x00000212ee6efe90: ; implicit exception: dispatches to 0x00000212ee6f0348
  0x00000212ee6efe90: 8b56 0c45 | 0fbe 4810 | 498b c9c1 | e118 c1f9 | 18d3 fa48 | 8bfa ffcf | 4183 f900 | ba00 0000 
  0x00000212ee6efeb0: 000f 8505 | 0000 00ba | 0100 0000 | 83e2 0183 | fa00 488b | d641 b82e | 0000 004c | 8bcf 0f84 
  0x00000212ee6efed0: 0d00 0000 

  0x00000212ee6efed4: ;   {static_call}
  0x00000212ee6efed4: 6666 90e8 

  0x00000212ee6efed8: ; ImmutableOopMap {[152]=Oop [160]=Oop [168]=Oop [144]=Oop }
                      ;*invokestatic lastIndexOf {reexecute=0 rethrow=0 return_oop=0}
                      ; - java.lang.String::lastIndexOf@13 (line 2489)
                      ; - java.lang.String::lastIndexOf@8 (line 2451)
                      ; - jdk.internal.loader.BuiltinClassLoader::defineClass@8 (line 845)
  0x00000212ee6efed8: c46b cdff | e90b 0000 | 0066 0f1f 

  0x00000212ee6efee4: ;   {static_call}
  0x00000212ee6efee4: 4400 00e8 

  0x00000212ee6efee8: ; ImmutableOopMap {[152]=Oop [160]=Oop [168]=Oop [144]=Oop }
                      ;*invokestatic lastIndexOf {reexecute=0 rethrow=0 return_oop=0}
                      ; - java.lang.String::lastIndexOf@25 (line 2490)
                      ; - java.lang.String::lastIndexOf@8 (line 2451)
                      ; - jdk.internal.loader.BuiltinClassLoader::defineClass@8 (line 845)
  0x00000212ee6efee8: 941a c2ff | 83f8 ff0f | 8467 0000 | 0041 b800 | 0000 004c | 8bc8 488b | 9424 9000 

  0x00000212ee6eff04: ;   {optimized virtual_call}
  0x00000212ee6eff04: 0000 90e8 

  0x00000212ee6eff08: ; ImmutableOopMap {[152]=Oop [160]=Oop [168]=Oop [144]=Oop }
                      ;*invokevirtual substring {reexecute=0 rethrow=0 return_oop=0}
                      ; - jdk.internal.loader.BuiltinClassLoader::defineClass@23 (line 847)
  0x00000212ee6eff08: 7450 e3ff | 488b 9424 | 9800 0000 | 4889 8424 | b000 0000 | 9048 b860 | 4b1c 8012 

  0x00000212ee6eff24: ;   {virtual_call}
  0x00000212ee6eff24: 0200 00e8 

  0x00000212ee6eff28: ; ImmutableOopMap {[152]=Oop [160]=Oop [168]=Oop [144]=Oop [176]=Oop }
                      ;*invokevirtual getManifest {reexecute=0 rethrow=0 return_oop=0}
                      ; - jdk.internal.loader.BuiltinClassLoader::defineClass@29 (line 848)
  0x00000212ee6eff28: d43c 0000 | 4c8b 8424 | b000 0000 | 4c8b c848 | 8bbc 24a8 | 0000 0048 | 8b94 24a0 | 0000 0066 
  0x00000212ee6eff48: 0f1f 4400 | 0048 b828 | 8108 8012 

  0x00000212ee6eff54: ;   {virtual_call}
  0x00000212ee6eff54: 0200 00e8 

  0x00000212ee6eff58: ; ImmutableOopMap {[152]=Oop [160]=Oop [168]=Oop [144]=Oop }
                      ;*invokevirtual defineOrCheckPackage {reexecute=0 rethrow=0 return_oop=0}
                      ; - jdk.internal.loader.BuiltinClassLoader::defineClass@40 (line 849)
  0x00000212ee6eff58: c4f7 ffff | 4c8b 8c24 | 9800 0000 | 488d 9424 | e000 0000 | 4c89 4a08 | 498b 0148 | 83c8 0148 
  0x00000212ee6eff78: 8902 f049 | 0fb1 110f | 8413 0000 | 0048 2bc4 | 4881 e007 | f0ff ff48 | 8902 0f85 | b503 0000 
  0x00000212ee6eff98: 418b 510c | 4883 fa00 | 0f85 4700 | 0000 498b | d10f 1f40 | 0048 b860 | 4b1c 8012 

  0x00000212ee6effb4: ;   {virtual_call}
  0x00000212ee6effb4: 0200 00e8 

  0x00000212ee6effb8: ; ImmutableOopMap {[160]=Oop [168]=Oop [144]=Oop [152]=Oop [232]=Oop }
                      ;*invokevirtual getInputStream {reexecute=0 rethrow=0 return_oop=0}
                      ; - jdk.internal.loader.Resource::cachedInputStream@9 (line 77)
                      ; - jdk.internal.loader.Resource::getByteBuffer@1 (line 163)
                      ; - jdk.internal.loader.BuiltinClassLoader::defineClass@45 (line 853)
  0x00000212ee6effb8: e4ef 0100 | 410f be57 | 3883 fa00 | 4c8b 8c24 | 9800 0000 | 0f85 8e03 | 0000 4c8b | d045 8951 
  0x00000212ee6effd8: 0c49 8bd1 | 4833 d048 | c1ea 1448 | 83fa 000f | 858f 0300 | 0041 8b51 | 0c48 8d84 | 24e0 0000 
  0x00000212ee6efff8: 0048 8b30 | 4885 f60f | 840f 0000 | 0048 8b78 | 08f0 480f | b137 0f85 | 8003 0000 | 4883 fa00 
  0x00000212ee6f0018: 0f84 4400 

  0x00000212ee6f001c: ;   {metadata('sun/nio/ByteBuffered')}
  0x00000212ee6f001c: 0000 48b8 | 705c 0f80 | 1202 0000 | 8b5a 0849 | ba00 0000 | 8012 0200 | 0049 03da | 483b 4320 
  0x00000212ee6f003c: 0f84 2500 | 0000 483b | d80f 841c | 0000 0053 

  0x00000212ee6f004c: ;   {runtime_call slow_subtype_check Runtime1 stub}
  0x00000212ee6f004c: 50e8 ae39 | ccff 5b5b | 83fb 000f | 8405 0000 | 00e9 0500 | 0000 4833 | f6eb 0a48 | be01 0000 
  0x00000212ee6f006c: 0000 0000 | 0083 fe00 | 0f84 6700 | 0000 4883 | fa00 0f84 | 4400 0000 

  0x00000212ee6f0084: ;   {metadata('sun/nio/ByteBuffered')}
  0x00000212ee6f0084: 48bb 705c | 0f80 1202 | 0000 8b7a | 0849 ba00 | 0000 8012 | 0200 0049 | 03fa 483b | 5f20 0f84 
  0x00000212ee6f00a4: 2000 0000 | 483b fb0f | 8417 0000 

  0x00000212ee6f00b0: ;   {runtime_call slow_subtype_check Runtime1 stub}
  0x00000212ee6f00b0: 0057 53e8 | 4839 ccff | 5f5f 83ff | 000f 84e7 | 0200 00e9 | 0000 0000 | 0f1f 4400 | 0048 b8ff 
  0x00000212ee6f00d0: ffff ffff 

  0x00000212ee6f00d4: ;   {virtual_call}
  0x00000212ee6f00d4: ffff ffe8 

  0x00000212ee6f00d8: ; ImmutableOopMap {[160]=Oop [168]=Oop [144]=Oop [152]=Oop }
                      ;*invokeinterface getByteBuffer {reexecute=0 rethrow=0 return_oop=0}
                      ; - jdk.internal.loader.Resource::getByteBuffer@16 (line 165)
                      ; - jdk.internal.loader.BuiltinClassLoader::defineClass@45 (line 853)
  0x00000212ee6f00d8: a415 c2ff | e90a 0000 

  0x00000212ee6f00e0: ;   {oop(NULL)}
  0x00000212ee6f00e0: 0048 b800 | 0000 0000 | 0000 0048 | 83f8 000f | 84e5 0000 | 0048 8984 | 24b8 0000 | 0048 8b94 
  0x00000212ee6f0100: 2498 0000 | 0048 b8ff | ffff ffff 

  0x00000212ee6f010c: ;   {virtual_call}
  0x00000212ee6f010c: ffff ffe8 

  0x00000212ee6f0110: ; ImmutableOopMap {[160]=Oop [168]=Oop [144]=Oop [184]=Oop }
                      ;*invokevirtual getCodeSigners {reexecute=0 rethrow=0 return_oop=0}
                      ; - jdk.internal.loader.BuiltinClassLoader::defineClass@56 (line 855)
  0x00000212ee6f0110: 6c15 c2ff 

  0x00000212ee6f0114: ;   {metadata('java/security/CodeSource')}
  0x00000212ee6f0114: 4c8b c848 | baf8 fe00 | 8012 0200 | 0049 8b87 | 0801 0000 | 488d 7828 | 493b bf18 | 0100 000f 
  0x00000212ee6f0134: 877a 0200 | 0049 89bf | 0801 0000 | 48c7 0001 | 0000 0048 | 8bca 49ba | 0000 0080 | 1202 0000 
  0x00000212ee6f0154: 492b ca89 | 4808 4833 | c989 480c | 4833 c948 | 8948 1048 | 8948 1848 | 8948 204c | 8b84 24a8 
  0x00000212ee6f0174: 0000 0048 | 8bd0 4889 | 8424 c000 | 0000 0f1f 

  0x00000212ee6f0184: ;   {optimized virtual_call}
  0x00000212ee6f0184: 4400 00e8 

  0x00000212ee6f0188: ; ImmutableOopMap {[160]=Oop [144]=Oop [184]=Oop [192]=Oop }
                      ;*invokespecial <init> {reexecute=0 rethrow=0 return_oop=0}
                      ; - jdk.internal.loader.BuiltinClassLoader::defineClass@68 (line 856)
  0x00000212ee6f0188: f411 c2ff | 4c8b 8424 | c000 0000 | 488b 9424 | a000 0000 

  0x00000212ee6f019c: ;   {optimized virtual_call}
  0x00000212ee6f019c: 6666 90e8 

  0x00000212ee6f01a0: ; ImmutableOopMap {[160]=Oop [144]=Oop [184]=Oop }
                      ;*invokevirtual getProtectionDomain {reexecute=0 rethrow=0 return_oop=0}
                      ; - java.security.SecureClassLoader::defineClass@5 (line 182)
                      ; - jdk.internal.loader.BuiltinClassLoader::defineClass@79 (line 857)
  0x00000212ee6f01a0: dc11 c2ff | 4c8b 8424 | 9000 0000 | 4c8b 8c24 | b800 0000 | 488b f848 | 8b94 24a0 

  0x00000212ee6f01bc: ;   {optimized virtual_call}
  0x00000212ee6f01bc: 0000 00e8 

  0x00000212ee6f01c0: ; ImmutableOopMap {}
                      ;*invokevirtual defineClass {reexecute=0 rethrow=0 return_oop=0}
                      ; - java.security.SecureClassLoader::defineClass@8 (line 182)
                      ; - jdk.internal.loader.BuiltinClassLoader::defineClass@79 (line 857)
  0x00000212ee6f01c0: bc11 c2ff | 4881 c400 | 0100 005d 

  0x00000212ee6f01cc: ;   {poll_return}
  0x00000212ee6f01cc: 493b a750 | 0300 000f | 87e7 0100 | 00c3 4c8b | 8c24 9800 | 0000 498b | d148 b860 | 4b1c 8012 
  0x00000212ee6f01ec: ;   {virtual_call}
  0x00000212ee6f01ec: 0200 00e8 

  0x00000212ee6f01f0: ; ImmutableOopMap {[160]=Oop [144]=Oop [152]=Oop [168]=Oop }
                      ;*invokevirtual getBytes {reexecute=0 rethrow=0 return_oop=0}
                      ; - jdk.internal.loader.BuiltinClassLoader::defineClass@84 (line 859)
  0x00000212ee6f01f0: 6cf1 0100 | 4889 8424 | c800 0000 | 488b 9424 | 9800 0000 | 9048 b860 | 4b1c 8012 

  0x00000212ee6f020c: ;   {virtual_call}
  0x00000212ee6f020c: 0200 00e8 

  0x00000212ee6f0210: ; ImmutableOopMap {[160]=Oop [144]=Oop [168]=Oop [200]=Oop }
                      ;*invokevirtual getCodeSigners {reexecute=0 rethrow=0 return_oop=0}
                      ; - jdk.internal.loader.BuiltinClassLoader::defineClass@90 (line 860)
  0x00000212ee6f0210: 0c11 0200 

  0x00000212ee6f0214: ;   {metadata('java/security/CodeSource')}
  0x00000212ee6f0214: 4c8b c848 | baf8 fe00 | 8012 0200 | 0049 8b87 | 0801 0000 | 488d 7828 | 493b bf18 | 0100 000f 
  0x00000212ee6f0234: 879d 0100 | 0049 89bf | 0801 0000 | 48c7 0001 | 0000 0048 | 8bca 49ba | 0000 0080 | 1202 0000 
  0x00000212ee6f0254: 492b ca89 | 4808 4833 | c989 480c | 4833 c948 | 8948 1048 | 8948 1848 | 8948 204c | 8b84 24a8 
  0x00000212ee6f0274: 0000 0048 | 8bd0 4889 | 8424 d000 | 0000 0f1f 

  0x00000212ee6f0284: ;   {optimized virtual_call}
  0x00000212ee6f0284: 4400 00e8 

  0x00000212ee6f0288: ; ImmutableOopMap {[160]=Oop [144]=Oop [200]=Oop [208]=Oop }
                      ;*invokespecial <init> {reexecute=0 rethrow=0 return_oop=0}
                      ; - jdk.internal.loader.BuiltinClassLoader::defineClass@102 (line 861)
  0x00000212ee6f0288: d4dc ffff | 488b 8424 | c800 0000 

  0x00000212ee6f0294: ; implicit exception: dispatches to 0x00000212ee6f03e3
  0x00000212ee6f0294: 8b70 0c4c | 8b84 24d0 | 0000 0048 | 8b94 24a0 | 0000 0089 | b424 d800 

  0x00000212ee6f02ac: ;   {optimized virtual_call}
  0x00000212ee6f02ac: 0000 90e8 

  0x00000212ee6f02b0: ; ImmutableOopMap {[160]=Oop [144]=Oop [200]=Oop }
                      ;*invokevirtual getProtectionDomain {reexecute=0 rethrow=0 return_oop=0}
                      ; - java.security.SecureClassLoader::defineClass@9 (line 150)
                      ; - jdk.internal.loader.BuiltinClassLoader::defineClass@117 (line 862)
  0x00000212ee6f02b0: acac ffff | 4c8b 8424 | 9000 0000 | 4c8b 8c24 | c800 0000 | bf00 0000 | 008b b424 | d800 0000 
  0x00000212ee6f02d0: 488b c848 | 8b94 24a0 | 0000 000f 

  0x00000212ee6f02dc: ;   {optimized virtual_call}
  0x00000212ee6f02dc: 1f40 00e8 

  0x00000212ee6f02e0: ; ImmutableOopMap {}
                      ;*invokevirtual defineClass {reexecute=0 rethrow=0 return_oop=0}
                      ; - java.security.SecureClassLoader::defineClass@12 (line 150)
                      ; - jdk.internal.loader.BuiltinClassLoader::defineClass@117 (line 862)
  0x00000212ee6f02e0: 9cb6 ffff | 4881 c400 | 0100 005d 

  0x00000212ee6f02ec: ;   {poll_return}
  0x00000212ee6f02ec: 493b a750 | 0300 000f | 87ef 0000 | 00c3 498b | 87e0 0300 | 004d 33d2 | 4d89 97e0 | 0300 004d 
  0x00000212ee6f030c: 33d2 4d89 | 97e8 0300 | 0048 8bf0 | 488d 8424 | e000 0000 | 488b 3848 | 85ff 0f84 | 0f00 0000 
  0x00000212ee6f032c: 488b 5808 | f048 0fb1 | 3b0f 85c3 | 0000 0048 | 8bc6 e9f0 

  0x00000212ee6f0340: ;   {runtime_call throw_null_pointer_exception Runtime1 stub}
  0x00000212ee6f0340: 0000 00e8 

  0x00000212ee6f0344: ; ImmutableOopMap {[152]=Oop [160]=Oop rax=Oop [168]=Oop r8=Oop [144]=Oop }
                      ;*invokevirtual lastIndexOf {reexecute=0 rethrow=0 return_oop=0}
                      ; - jdk.internal.loader.BuiltinClassLoader::defineClass@8 (line 845)
  0x00000212ee6f0344: d80c ccff 

  0x00000212ee6f0348: ;   {runtime_call throw_null_pointer_exception Runtime1 stub}
  0x00000212ee6f0348: e8d3 0ccc 

  0x00000212ee6f034c: ; ImmutableOopMap {[152]=Oop [160]=Oop rax=Oop [168]=Oop r8=Oop [144]=Oop rsi=Oop }
                      ;*arraylength {reexecute=0 rethrow=0 return_oop=0}
                      ; - java.lang.String::length@4 (line 1481)
                      ; - java.lang.String::lastIndexOf@3 (line 2451)
                      ; - jdk.internal.loader.BuiltinClassLoader::defineClass@8 (line 845)
  0x00000212ee6f034c: ff4c 894c | 2408 4889 

  0x00000212ee6f0354: ;   {runtime_call monitorenter_nofpu Runtime1 stub}
  0x00000212ee6f0354: 1424 e8a5 

  0x00000212ee6f0358: ; ImmutableOopMap {[160]=Oop [168]=Oop [144]=Oop r9=Oop [152]=Oop [232]=Oop }
                      ;*synchronization entry
                      ; - jdk.internal.loader.Resource::cachedInputStream@-1 (line 76)
                      ; - jdk.internal.loader.Resource::getByteBuffer@1 (line 163)
                      ; - jdk.internal.loader.BuiltinClassLoader::defineClass@45 (line 853)
  0x00000212ee6f0358: 3ccc ffe9 | 38fc ffff | 418b 510c | 4883 fa00 | 0f84 64fc | ffff 4889 

  0x00000212ee6f0370: ;   {runtime_call g1_pre_barrier_slow}
  0x00000212ee6f0370: 1424 e889 | 63cc ffe9 | 56fc ffff | 4883 f800 | 0f84 67fc | ffff 4c89 

  0x00000212ee6f0388: ;   {runtime_call g1_post_barrier_slow}
  0x00000212ee6f0388: 0c24 e871 | 66cc ffe9 | 59fc ffff | 488d 8424 | e000 0000 | 4889 0424 

  0x00000212ee6f03a0: ;   {runtime_call monitorexit_nofpu Runtime1 stub}
  0x00000212ee6f03a0: e85b 42cc | ffe9 6afc | ffff 4889 

  0x00000212ee6f03ac: ;   {runtime_call throw_class_cast_exception Runtime1 stub}
  0x00000212ee6f03ac: 1424 e86d 

  0x00000212ee6f03b0: ; ImmutableOopMap {[160]=Oop [168]=Oop [144]=Oop [152]=Oop }
                      ;*checkcast {reexecute=0 rethrow=0 return_oop=0}
                      ; - jdk.internal.loader.Resource::getByteBuffer@13 (line 165)
                      ; - jdk.internal.loader.BuiltinClassLoader::defineClass@45 (line 853)
  0x00000212ee6f03b0: 30cc ff48 

  0x00000212ee6f03b4: ;   {runtime_call fast_new_instance Runtime1 stub}
  0x00000212ee6f03b4: 8bd2 e845 

  0x00000212ee6f03b8: ; ImmutableOopMap {[160]=Oop [168]=Oop [144]=Oop [184]=Oop r9=Oop }
                      ;*new {reexecute=0 rethrow=0 return_oop=0}
                      ; - jdk.internal.loader.BuiltinClassLoader::defineClass@61 (line 856)
  0x00000212ee6f03b8: 15cc ffe9 | affd ffff 

  0x00000212ee6f03c0: ;   {internal_word}
  0x00000212ee6f03c0: 49ba cc01 | 6fee 1202 | 0000 4d89 | 9768 0300 

  0x00000212ee6f03d0: ;   {runtime_call SafepointBlob}
  0x00000212ee6f03d0: 00e9 2a76 | c2ff 488b 

  0x00000212ee6f03d8: ;   {runtime_call fast_new_instance Runtime1 stub}
  0x00000212ee6f03d8: d2e8 2215 

  0x00000212ee6f03dc: ; ImmutableOopMap {[160]=Oop [144]=Oop [168]=Oop [200]=Oop r9=Oop }
                      ;*new {reexecute=0 rethrow=0 return_oop=0}
                      ; - jdk.internal.loader.BuiltinClassLoader::defineClass@95 (line 861)
  0x00000212ee6f03dc: ccff e98c 

  0x00000212ee6f03e0: ;   {runtime_call throw_null_pointer_exception Runtime1 stub}
  0x00000212ee6f03e0: feff ffe8 

  0x00000212ee6f03e4: ; ImmutableOopMap {[160]=Oop [144]=Oop [208]=Oop rax=Oop [200]=Oop }
                      ;*arraylength {reexecute=0 rethrow=0 return_oop=0}
                      ; - jdk.internal.loader.BuiltinClassLoader::defineClass@114 (line 862)
  0x00000212ee6f03e4: 380c ccff 

  0x00000212ee6f03e8: ;   {internal_word}
  0x00000212ee6f03e8: 49ba ec02 | 6fee 1202 | 0000 4d89 | 9768 0300 

  0x00000212ee6f03f8: ;   {runtime_call SafepointBlob}
  0x00000212ee6f03f8: 00e9 0276 | c2ff 488d | 8424 e000 | 0000 4889 

  0x00000212ee6f0408: ;   {runtime_call monitorexit_nofpu Runtime1 stub}
  0x00000212ee6f0408: 0424 e8f1 | 41cc ffe9 | 27ff ffff | 9090 498b | 87e0 0300 | 0049 c787 | e003 0000 | 0000 0000 
  0x00000212ee6f0428: 49c7 87e8 | 0300 0000 | 0000 0048 | 81c4 0001 

  0x00000212ee6f0438: ;   {runtime_call unwind_exception Runtime1 stub}
  0x00000212ee6f0438: 0000 5de9 | c0fc cbff 
[Stub Code]
  0x00000212ee6f0440: ;   {no_reloc}
  0x00000212ee6f0440: 0f1f 4400 

  0x00000212ee6f0444: ;   {static_stub}
  0x00000212ee6f0444: 0048 bb00 | 0000 0000 

  0x00000212ee6f044c: ;   {runtime_call}
  0x00000212ee6f044c: 0000 00e9 | fbff ffff 

  0x00000212ee6f0454: ;   {static_stub}
  0x00000212ee6f0454: 9048 bb00 | 0000 0000 

  0x00000212ee6f045c: ;   {runtime_call}
  0x00000212ee6f045c: 0000 00e9 | fbff ffff 

  0x00000212ee6f0464: ;   {static_stub}
  0x00000212ee6f0464: 9048 bb00 | 0000 0000 

  0x00000212ee6f046c: ;   {runtime_call}
  0x00000212ee6f046c: 0000 00e9 | fbff ffff 

  0x00000212ee6f0474: ;   {static_stub}
  0x00000212ee6f0474: 9048 bb00 | 0000 0000 

  0x00000212ee6f047c: ;   {runtime_call}
  0x00000212ee6f047c: 0000 00e9 | fbff ffff 

  0x00000212ee6f0484: ;   {static_stub}
  0x00000212ee6f0484: 9048 bb00 | 0000 0000 

  0x00000212ee6f048c: ;   {runtime_call}
  0x00000212ee6f048c: 0000 00e9 | fbff ffff 

  0x00000212ee6f0494: ;   {static_stub}
  0x00000212ee6f0494: 9048 bb00 | 0000 0000 

  0x00000212ee6f049c: ;   {runtime_call}
  0x00000212ee6f049c: 0000 00e9 | fbff ffff 

  0x00000212ee6f04a4: ;   {static_stub}
  0x00000212ee6f04a4: 9048 bb00 | 0000 0000 

  0x00000212ee6f04ac: ;   {runtime_call}
  0x00000212ee6f04ac: 0000 00e9 | fbff ffff 

  0x00000212ee6f04b4: ;   {static_stub}
  0x00000212ee6f04b4: 9048 bb00 | 0000 0000 

  0x00000212ee6f04bc: ;   {runtime_call}
  0x00000212ee6f04bc: 0000 00e9 | fbff ffff 

  0x00000212ee6f04c4: ;   {static_stub}
  0x00000212ee6f04c4: 9048 bb00 | 0000 0000 

  0x00000212ee6f04cc: ;   {runtime_call}
  0x00000212ee6f04cc: 0000 00e9 | fbff ffff 

  0x00000212ee6f04d4: ;   {static_stub}
  0x00000212ee6f04d4: 9048 bb00 | 0000 0000 

  0x00000212ee6f04dc: ;   {runtime_call}
  0x00000212ee6f04dc: 0000 00e9 | fbff ffff 

  0x00000212ee6f04e4: ;   {static_stub}
  0x00000212ee6f04e4: 9048 bb00 | 0000 0000 

  0x00000212ee6f04ec: ;   {runtime_call}
  0x00000212ee6f04ec: 0000 00e9 | fbff ffff 

  0x00000212ee6f04f4: ;   {static_stub}
  0x00000212ee6f04f4: 9048 bb00 | 0000 0000 

  0x00000212ee6f04fc: ;   {runtime_call}
  0x00000212ee6f04fc: 0000 00e9 | fbff ffff 

  0x00000212ee6f0504: ;   {static_stub}
  0x00000212ee6f0504: 9048 bb00 | 0000 0000 

  0x00000212ee6f050c: ;   {runtime_call}
  0x00000212ee6f050c: 0000 00e9 | fbff ffff 

  0x00000212ee6f0514: ;   {static_stub}
  0x00000212ee6f0514: 9048 bb00 | 0000 0000 

  0x00000212ee6f051c: ;   {runtime_call}
  0x00000212ee6f051c: 0000 00e9 | fbff ffff 

  0x00000212ee6f0524: ;   {static_stub}
  0x00000212ee6f0524: 9048 bb00 | 0000 0000 

  0x00000212ee6f052c: ;   {runtime_call}
  0x00000212ee6f052c: 0000 00e9 | fbff ffff 

  0x00000212ee6f0534: ;   {static_stub}
  0x00000212ee6f0534: 9048 bb00 | 0000 0000 

  0x00000212ee6f053c: ;   {runtime_call}
  0x00000212ee6f053c: 0000 00e9 | fbff ffff 

  0x00000212ee6f0544: ;   {static_stub}
  0x00000212ee6f0544: 9048 bb00 | 0000 0000 

  0x00000212ee6f054c: ;   {runtime_call}
  0x00000212ee6f054c: 0000 00e9 | fbff ffff 
[Exception Handler]
  0x00000212ee6f0554: ;   {runtime_call handle_exception_from_callee Runtime1 stub}
  0x00000212ee6f0554: e8a7 28cc 

  0x00000212ee6f0558: ;   {external_word}
  0x00000212ee6f0558: ff48 b9d0 | 9d48 16ff | 7f00 0048 

  0x00000212ee6f0564: ;   {runtime_call}
  0x00000212ee6f0564: 83e4 f049 | ba40 ec10 | 16ff 7f00 | 0041 ffd2 

  0x00000212ee6f0574: ;   {section_word}
  0x00000212ee6f0574: f449 ba75 | 056f ee12 | 0200 0041 

  0x00000212ee6f0580: ;   {runtime_call DeoptimizationBlob}
  0x00000212ee6f0580: 52e9 1a67 | c2ff f4f4 
[/MachCode]


---------------  P R O C E S S  ---------------

Threads class SMR info:
_java_thread_list=0x00000212f8d7a190, length=19, elements={
0x00000212eaaf7a00, 0x00000212f80b0ed0, 0x00000212f80b2400, 0x00000212f80c72e0,
0x00000212f80c8dc0, 0x00000212f80cbaa0, 0x00000212f80cc370, 0x00000212f80cccf0,
0x00000212f80cd600, 0x00000212f809c020, 0x00000212f809c6d0, 0x00000212f875e200,
0x00000212f8ab1900, 0x00000212f8c27880, 0x00000212f8c80b40, 0x00000212f8c7d000,
0x00000212f8c9db80, 0x00000212fda5f2b0, 0x00000212fda606f0
}

Java Threads: ( => current thread )
  0x00000212eaaf7a00 JavaThread "main" [_thread_in_vm, id=13404, stack(0x0000002e5b700000,0x0000002e5b800000)]
  0x00000212f80b0ed0 JavaThread "Reference Handler" daemon [_thread_blocked, id=348, stack(0x0000002e5be00000,0x0000002e5bf00000)]
  0x00000212f80b2400 JavaThread "Finalizer" daemon [_thread_blocked, id=3936, stack(0x0000002e5bf00000,0x0000002e5c000000)]
  0x00000212f80c72e0 JavaThread "Signal Dispatcher" daemon [_thread_blocked, id=4948, stack(0x0000002e5c000000,0x0000002e5c100000)]
  0x00000212f80c8dc0 JavaThread "Attach Listener" daemon [_thread_blocked, id=3680, stack(0x0000002e5c100000,0x0000002e5c200000)]
  0x00000212f80cbaa0 JavaThread "Service Thread" daemon [_thread_blocked, id=5556, stack(0x0000002e5c200000,0x0000002e5c300000)]
  0x00000212f80cc370 JavaThread "Monitor Deflation Thread" daemon [_thread_blocked, id=1652, stack(0x0000002e5c300000,0x0000002e5c400000)]
  0x00000212f80cccf0 JavaThread "C1 CompilerThread0" daemon [_thread_blocked, id=13084, stack(0x0000002e5c400000,0x0000002e5c500000)]
  0x00000212f80cd600 JavaThread "Sweeper thread" daemon [_thread_blocked, id=12092, stack(0x0000002e5c500000,0x0000002e5c600000)]
  0x00000212f809c020 JavaThread "Common-Cleaner" daemon [_thread_blocked, id=948, stack(0x0000002e5c600000,0x0000002e5c700000)]
  0x00000212f809c6d0 JavaThread "C1 CompilerThread1" daemon [_thread_blocked, id=9280, stack(0x0000002e5c700000,0x0000002e5c800000)]
  0x00000212f875e200 JavaThread "Monitor Ctrl-Break" daemon [_thread_in_native, id=12328, stack(0x0000002e5ca00000,0x0000002e5cb00000)]
  0x00000212f8ab1900 JavaThread "Notification Thread" daemon [_thread_blocked, id=7600, stack(0x0000002e5cb00000,0x0000002e5cc00000)]
  0x00000212f8c27880 JavaThread "RMI TCP Accept-0" daemon [_thread_in_native, id=1912, stack(0x0000002e5cf00000,0x0000002e5d000000)]
  0x00000212f8c80b40 JavaThread "RMI TCP Connection(1)-192.168.80.1" daemon [_thread_in_native, id=4832, stack(0x0000002e5d100000,0x0000002e5d200000)]
  0x00000212f8c7d000 JavaThread "RMI Scheduler(0)" daemon [_thread_blocked, id=9268, stack(0x0000002e5d200000,0x0000002e5d300000)]
  0x00000212f8c9db80 JavaThread "JMX server connection timeout 19" daemon [_thread_blocked, id=1532, stack(0x0000002e5d300000,0x0000002e5d400000)]
  0x00000212fda5f2b0 JavaThread "spring.cloud.inetutils" daemon [_thread_in_native, id=9004, stack(0x0000002e5d400000,0x0000002e5d500000)]
=>0x00000212fda606f0 JavaThread "background-preinit" [_thread_in_vm, id=5036, stack(0x0000002e5c800000,0x0000002e5c900000)]

Other Threads:
  0x00000212f80aaf50 VMThread "VM Thread" [stack: 0x0000002e5bd00000,0x0000002e5be00000] [id=6256]
  0x00000212f8c381e0 WatcherThread [stack: 0x0000002e5d000000,0x0000002e5d100000] [id=13660]
  0x00000212eab4fa10 GCTaskThread "GC Thread#0" [stack: 0x0000002e5b800000,0x0000002e5b900000] [id=5244]
  0x00000212f8babcb0 GCTaskThread "GC Thread#1" [stack: 0x0000002e5c900000,0x0000002e5ca00000] [id=9020]
  0x00000212f8babf70 GCTaskThread "GC Thread#2" [stack: 0x0000002e5cc00000,0x0000002e5cd00000] [id=13516]
  0x00000212f8be7cb0 GCTaskThread "GC Thread#3" [stack: 0x0000002e5cd00000,0x0000002e5ce00000] [id=13936]
  0x00000212eab5fce0 ConcurrentGCThread "G1 Main Marker" [stack: 0x0000002e5b900000,0x0000002e5ba00000] [id=6464]
  0x00000212e88cd7b0 ConcurrentGCThread "G1 Conc#0" [stack: 0x0000002e5ba00000,0x0000002e5bb00000] [id=6584]
  0x00000212f7f660e0 ConcurrentGCThread "G1 Refine#0" [stack: 0x0000002e5bb00000,0x0000002e5bc00000] [id=14940]
  0x00000212f8536e80 ConcurrentGCThread "G1 Refine#1" [stack: 0x0000002e5ce00000,0x0000002e5cf00000] [id=12476]
  0x00000212f7f66a20 ConcurrentGCThread "G1 Service" [stack: 0x0000002e5bc00000,0x0000002e5bd00000] [id=4872]

Threads with active compile tasks:

VM state: not at safepoint (normal execution)

VM Mutex/Monitor currently owned by a thread:  ([mutex/lock_event])
[0x00000212eaaf1ef0] Metaspace_lock - owner thread: 0x00000212fda606f0

Heap address: 0x0000000081400000, size: 2028 MB, Compressed Oops mode: 32-bit

CDS archive(s) mapped at: [0x0000021280000000-0x0000021280c00000-0x0000021280c00000), size 12582912, SharedBaseAddress: 0x0000021280000000, ArchiveRelocationMode: 1.
Compressed class space mapped at: 0x0000021281000000-0x00000212c1000000, reserved size: 1073741824
Narrow klass base: 0x0000021280000000, Narrow klass shift: 0, Narrow klass range: 0x100000000

GC Precious Log:
 CPUs: 4 total, 4 available
 Memory: 8107M
 Large Page Support: Disabled
 NUMA Support: Disabled
 Compressed Oops: Enabled (32-bit)
 Heap Region Size: 1M
 Heap Min Capacity: 8M
 Heap Initial Capacity: 128M
 Heap Max Capacity: 2028M
 Pre-touch: Disabled
 Parallel Workers: 4
 Concurrent Workers: 1
 Concurrent Refinement Workers: 4
 Periodic GC: Disabled

Heap:
 garbage-first heap   total 131072K, used 39927K [0x0000000081400000, 0x0000000100000000)
  region size 1024K, 28 young (28672K), 3 survivors (3072K)
 Metaspace       used 14781K, committed 15040K, reserved 1114112K
  class space    used 2036K, committed 2176K, reserved 1048576K

Heap Regions: E=young(eden), S=young(survivor), O=old, HS=humongous(starts), HC=humongous(continues), CS=collection set, F=free, OA=open archive, CA=closed archive, TAMS=top-at-mark-start (previous, next)
|   0|0x0000000081400000, 0x0000000081500000, 0x0000000081500000|100%|HS|  |TAMS 0x0000000081400000, 0x0000000081400000| Complete 
|   1|0x0000000081500000, 0x0000000081600000, 0x0000000081600000|100%|HS|  |TAMS 0x0000000081500000, 0x0000000081500000| Complete 
|   2|0x0000000081600000, 0x0000000081700000, 0x0000000081700000|100%|HS|  |TAMS 0x0000000081600000, 0x0000000081600000| Complete 
|   3|0x0000000081700000, 0x0000000081800000, 0x0000000081800000|100%| O|  |TAMS 0x0000000081700000, 0x0000000081700000| Untracked 
|   4|0x0000000081800000, 0x0000000081900000, 0x0000000081900000|100%| O|  |TAMS 0x0000000081800000, 0x0000000081800000| Untracked 
|   5|0x0000000081900000, 0x0000000081a00000, 0x0000000081a00000|100%| O|  |TAMS 0x0000000081900000, 0x0000000081900000| Untracked 
|   6|0x0000000081a00000, 0x0000000081b00000, 0x0000000081b00000|100%| O|  |TAMS 0x0000000081a00000, 0x0000000081a00000| Untracked 
|   7|0x0000000081b00000, 0x0000000081c00000, 0x0000000081c00000|100%| O|  |TAMS 0x0000000081b00000, 0x0000000081b00000| Untracked 
|   8|0x0000000081c00000, 0x0000000081d00000, 0x0000000081d00000|100%| O|  |TAMS 0x0000000081c00000, 0x0000000081c00000| Untracked 
|   9|0x0000000081d00000, 0x0000000081e00000, 0x0000000081e00000|100%| O|  |TAMS 0x0000000081d00000, 0x0000000081d00000| Untracked 
|  10|0x0000000081e00000, 0x0000000081f00000, 0x0000000081f00000|100%| O|  |TAMS 0x0000000081e00000, 0x0000000081e00000| Untracked 
|  11|0x0000000081f00000, 0x0000000081f00000, 0x0000000082000000|  0%| F|  |TAMS 0x0000000081f00000, 0x0000000081f00000| Untracked 
|  12|0x0000000082000000, 0x0000000082000000, 0x0000000082100000|  0%| F|  |TAMS 0x0000000082000000, 0x0000000082000000| Untracked 
|  13|0x0000000082100000, 0x0000000082100000, 0x0000000082200000|  0%| F|  |TAMS 0x0000000082100000, 0x0000000082100000| Untracked 
|  14|0x0000000082200000, 0x0000000082200000, 0x0000000082300000|  0%| F|  |TAMS 0x0000000082200000, 0x0000000082200000| Untracked 
|  15|0x0000000082300000, 0x00000000823fdc00, 0x0000000082400000| 99%| O|  |TAMS 0x0000000082300000, 0x0000000082300000| Untracked 
|  16|0x0000000082400000, 0x0000000082400000, 0x0000000082500000|  0%| F|  |TAMS 0x0000000082400000, 0x0000000082400000| Untracked 
|  17|0x0000000082500000, 0x0000000082500000, 0x0000000082600000|  0%| F|  |TAMS 0x0000000082500000, 0x0000000082500000| Untracked 
|  18|0x0000000082600000, 0x0000000082600000, 0x0000000082700000|  0%| F|  |TAMS 0x0000000082600000, 0x0000000082600000| Untracked 
|  19|0x0000000082700000, 0x0000000082700000, 0x0000000082800000|  0%| F|  |TAMS 0x0000000082700000, 0x0000000082700000| Untracked 
|  20|0x0000000082800000, 0x0000000082800000, 0x0000000082900000|  0%| F|  |TAMS 0x0000000082800000, 0x0000000082800000| Untracked 
|  21|0x0000000082900000, 0x0000000082900000, 0x0000000082a00000|  0%| F|  |TAMS 0x0000000082900000, 0x0000000082900000| Untracked 
|  22|0x0000000082a00000, 0x0000000082a00000, 0x0000000082b00000|  0%| F|  |TAMS 0x0000000082a00000, 0x0000000082a00000| Untracked 
|  23|0x0000000082b00000, 0x0000000082b00000, 0x0000000082c00000|  0%| F|  |TAMS 0x0000000082b00000, 0x0000000082b00000| Untracked 
|  24|0x0000000082c00000, 0x0000000082c00000, 0x0000000082d00000|  0%| F|  |TAMS 0x0000000082c00000, 0x0000000082c00000| Untracked 
|  25|0x0000000082d00000, 0x0000000082d00000, 0x0000000082e00000|  0%| F|  |TAMS 0x0000000082d00000, 0x0000000082d00000| Untracked 
|  26|0x0000000082e00000, 0x0000000082e00000, 0x0000000082f00000|  0%| F|  |TAMS 0x0000000082e00000, 0x0000000082e00000| Untracked 
|  27|0x0000000082f00000, 0x0000000082f00000, 0x0000000083000000|  0%| F|  |TAMS 0x0000000082f00000, 0x0000000082f00000| Untracked 
|  28|0x0000000083000000, 0x0000000083000000, 0x0000000083100000|  0%| F|  |TAMS 0x0000000083000000, 0x0000000083000000| Untracked 
|  29|0x0000000083100000, 0x0000000083100000, 0x0000000083200000|  0%| F|  |TAMS 0x0000000083100000, 0x0000000083100000| Untracked 
|  30|0x0000000083200000, 0x0000000083200000, 0x0000000083300000|  0%| F|  |TAMS 0x0000000083200000, 0x0000000083200000| Untracked 
|  31|0x0000000083300000, 0x0000000083300000, 0x0000000083400000|  0%| F|  |TAMS 0x0000000083300000, 0x0000000083300000| Untracked 
|  32|0x0000000083400000, 0x0000000083400000, 0x0000000083500000|  0%| F|  |TAMS 0x0000000083400000, 0x0000000083400000| Untracked 
|  33|0x0000000083500000, 0x0000000083500000, 0x0000000083600000|  0%| F|  |TAMS 0x0000000083500000, 0x0000000083500000| Untracked 
|  34|0x0000000083600000, 0x0000000083600000, 0x0000000083700000|  0%| F|  |TAMS 0x0000000083600000, 0x0000000083600000| Untracked 
|  35|0x0000000083700000, 0x0000000083700000, 0x0000000083800000|  0%| F|  |TAMS 0x0000000083700000, 0x0000000083700000| Untracked 
|  36|0x0000000083800000, 0x0000000083800000, 0x0000000083900000|  0%| F|  |TAMS 0x0000000083800000, 0x0000000083800000| Untracked 
|  37|0x0000000083900000, 0x0000000083900000, 0x0000000083a00000|  0%| F|  |TAMS 0x0000000083900000, 0x0000000083900000| Untracked 
|  38|0x0000000083a00000, 0x0000000083a00000, 0x0000000083b00000|  0%| F|  |TAMS 0x0000000083a00000, 0x0000000083a00000| Untracked 
|  39|0x0000000083b00000, 0x0000000083b00000, 0x0000000083c00000|  0%| F|  |TAMS 0x0000000083b00000, 0x0000000083b00000| Untracked 
|  40|0x0000000083c00000, 0x0000000083c00000, 0x0000000083d00000|  0%| F|  |TAMS 0x0000000083c00000, 0x0000000083c00000| Untracked 
|  41|0x0000000083d00000, 0x0000000083d00000, 0x0000000083e00000|  0%| F|  |TAMS 0x0000000083d00000, 0x0000000083d00000| Untracked 
|  42|0x0000000083e00000, 0x0000000083e00000, 0x0000000083f00000|  0%| F|  |TAMS 0x0000000083e00000, 0x0000000083e00000| Untracked 
|  43|0x0000000083f00000, 0x0000000083f00000, 0x0000000084000000|  0%| F|  |TAMS 0x0000000083f00000, 0x0000000083f00000| Untracked 
|  44|0x0000000084000000, 0x0000000084000000, 0x0000000084100000|  0%| F|  |TAMS 0x0000000084000000, 0x0000000084000000| Untracked 
|  45|0x0000000084100000, 0x0000000084100000, 0x0000000084200000|  0%| F|  |TAMS 0x0000000084100000, 0x0000000084100000| Untracked 
|  46|0x0000000084200000, 0x0000000084200000, 0x0000000084300000|  0%| F|  |TAMS 0x0000000084200000, 0x0000000084200000| Untracked 
|  47|0x0000000084300000, 0x0000000084300000, 0x0000000084400000|  0%| F|  |TAMS 0x0000000084300000, 0x0000000084300000| Untracked 
|  48|0x0000000084400000, 0x0000000084400000, 0x0000000084500000|  0%| F|  |TAMS 0x0000000084400000, 0x0000000084400000| Untracked 
|  49|0x0000000084500000, 0x0000000084500000, 0x0000000084600000|  0%| F|  |TAMS 0x0000000084500000, 0x0000000084500000| Untracked 
|  50|0x0000000084600000, 0x0000000084600000, 0x0000000084700000|  0%| F|  |TAMS 0x0000000084600000, 0x0000000084600000| Untracked 
|  51|0x0000000084700000, 0x0000000084700000, 0x0000000084800000|  0%| F|  |TAMS 0x0000000084700000, 0x0000000084700000| Untracked 
|  52|0x0000000084800000, 0x0000000084800000, 0x0000000084900000|  0%| F|  |TAMS 0x0000000084800000, 0x0000000084800000| Untracked 
|  53|0x0000000084900000, 0x0000000084900000, 0x0000000084a00000|  0%| F|  |TAMS 0x0000000084900000, 0x0000000084900000| Untracked 
|  54|0x0000000084a00000, 0x0000000084a00000, 0x0000000084b00000|  0%| F|  |TAMS 0x0000000084a00000, 0x0000000084a00000| Untracked 
|  55|0x0000000084b00000, 0x0000000084b00000, 0x0000000084c00000|  0%| F|  |TAMS 0x0000000084b00000, 0x0000000084b00000| Untracked 
|  56|0x0000000084c00000, 0x0000000084c00000, 0x0000000084d00000|  0%| F|  |TAMS 0x0000000084c00000, 0x0000000084c00000| Untracked 
|  57|0x0000000084d00000, 0x0000000084d00000, 0x0000000084e00000|  0%| F|  |TAMS 0x0000000084d00000, 0x0000000084d00000| Untracked 
|  58|0x0000000084e00000, 0x0000000084e00000, 0x0000000084f00000|  0%| F|  |TAMS 0x0000000084e00000, 0x0000000084e00000| Untracked 
|  59|0x0000000084f00000, 0x0000000084f00000, 0x0000000085000000|  0%| F|  |TAMS 0x0000000084f00000, 0x0000000084f00000| Untracked 
|  60|0x0000000085000000, 0x0000000085000000, 0x0000000085100000|  0%| F|  |TAMS 0x0000000085000000, 0x0000000085000000| Untracked 
|  61|0x0000000085100000, 0x0000000085100000, 0x0000000085200000|  0%| F|  |TAMS 0x0000000085100000, 0x0000000085100000| Untracked 
|  62|0x0000000085200000, 0x0000000085200000, 0x0000000085300000|  0%| F|  |TAMS 0x0000000085200000, 0x0000000085200000| Untracked 
|  63|0x0000000085300000, 0x0000000085300000, 0x0000000085400000|  0%| F|  |TAMS 0x0000000085300000, 0x0000000085300000| Untracked 
|  64|0x0000000085400000, 0x0000000085400000, 0x0000000085500000|  0%| F|  |TAMS 0x0000000085400000, 0x0000000085400000| Untracked 
|  65|0x0000000085500000, 0x0000000085500000, 0x0000000085600000|  0%| F|  |TAMS 0x0000000085500000, 0x0000000085500000| Untracked 
|  66|0x0000000085600000, 0x0000000085600000, 0x0000000085700000|  0%| F|  |TAMS 0x0000000085600000, 0x0000000085600000| Untracked 
|  67|0x0000000085700000, 0x0000000085700000, 0x0000000085800000|  0%| F|  |TAMS 0x0000000085700000, 0x0000000085700000| Untracked 
|  68|0x0000000085800000, 0x0000000085800000, 0x0000000085900000|  0%| F|  |TAMS 0x0000000085800000, 0x0000000085800000| Untracked 
|  69|0x0000000085900000, 0x0000000085900000, 0x0000000085a00000|  0%| F|  |TAMS 0x0000000085900000, 0x0000000085900000| Untracked 
|  70|0x0000000085a00000, 0x0000000085a00000, 0x0000000085b00000|  0%| F|  |TAMS 0x0000000085a00000, 0x0000000085a00000| Untracked 
|  71|0x0000000085b00000, 0x0000000085b00000, 0x0000000085c00000|  0%| F|  |TAMS 0x0000000085b00000, 0x0000000085b00000| Untracked 
|  72|0x0000000085c00000, 0x0000000085c00000, 0x0000000085d00000|  0%| F|  |TAMS 0x0000000085c00000, 0x0000000085c00000| Untracked 
|  73|0x0000000085d00000, 0x0000000085d00000, 0x0000000085e00000|  0%| F|  |TAMS 0x0000000085d00000, 0x0000000085d00000| Untracked 
|  74|0x0000000085e00000, 0x0000000085e00000, 0x0000000085f00000|  0%| F|  |TAMS 0x0000000085e00000, 0x0000000085e00000| Untracked 
|  75|0x0000000085f00000, 0x0000000085f00000, 0x0000000086000000|  0%| F|  |TAMS 0x0000000085f00000, 0x0000000085f00000| Untracked 
|  76|0x0000000086000000, 0x0000000086000000, 0x0000000086100000|  0%| F|  |TAMS 0x0000000086000000, 0x0000000086000000| Untracked 
|  77|0x0000000086100000, 0x0000000086100000, 0x0000000086200000|  0%| F|  |TAMS 0x0000000086100000, 0x0000000086100000| Untracked 
|  78|0x0000000086200000, 0x0000000086200000, 0x0000000086300000|  0%| F|  |TAMS 0x0000000086200000, 0x0000000086200000| Untracked 
|  79|0x0000000086300000, 0x0000000086300000, 0x0000000086400000|  0%| F|  |TAMS 0x0000000086300000, 0x0000000086300000| Untracked 
|  80|0x0000000086400000, 0x0000000086400000, 0x0000000086500000|  0%| F|  |TAMS 0x0000000086400000, 0x0000000086400000| Untracked 
|  81|0x0000000086500000, 0x0000000086500000, 0x0000000086600000|  0%| F|  |TAMS 0x0000000086500000, 0x0000000086500000| Untracked 
|  82|0x0000000086600000, 0x0000000086600000, 0x0000000086700000|  0%| F|  |TAMS 0x0000000086600000, 0x0000000086600000| Untracked 
|  83|0x0000000086700000, 0x0000000086700000, 0x0000000086800000|  0%| F|  |TAMS 0x0000000086700000, 0x0000000086700000| Untracked 
|  84|0x0000000086800000, 0x0000000086800000, 0x0000000086900000|  0%| F|  |TAMS 0x0000000086800000, 0x0000000086800000| Untracked 
|  85|0x0000000086900000, 0x0000000086900000, 0x0000000086a00000|  0%| F|  |TAMS 0x0000000086900000, 0x0000000086900000| Untracked 
|  86|0x0000000086a00000, 0x0000000086a00000, 0x0000000086b00000|  0%| F|  |TAMS 0x0000000086a00000, 0x0000000086a00000| Untracked 
|  87|0x0000000086b00000, 0x0000000086b00000, 0x0000000086c00000|  0%| F|  |TAMS 0x0000000086b00000, 0x0000000086b00000| Untracked 
|  88|0x0000000086c00000, 0x0000000086c00000, 0x0000000086d00000|  0%| F|  |TAMS 0x0000000086c00000, 0x0000000086c00000| Untracked 
|  89|0x0000000086d00000, 0x0000000086d00000, 0x0000000086e00000|  0%| F|  |TAMS 0x0000000086d00000, 0x0000000086d00000| Untracked 
|  90|0x0000000086e00000, 0x0000000086e00000, 0x0000000086f00000|  0%| F|  |TAMS 0x0000000086e00000, 0x0000000086e00000| Untracked 
|  91|0x0000000086f00000, 0x0000000086f00000, 0x0000000087000000|  0%| F|  |TAMS 0x0000000086f00000, 0x0000000086f00000| Untracked 
|  92|0x0000000087000000, 0x0000000087000000, 0x0000000087100000|  0%| F|  |TAMS 0x0000000087000000, 0x0000000087000000| Untracked 
|  93|0x0000000087100000, 0x0000000087100000, 0x0000000087200000|  0%| F|  |TAMS 0x0000000087100000, 0x0000000087100000| Untracked 
|  94|0x0000000087200000, 0x0000000087200000, 0x0000000087300000|  0%| F|  |TAMS 0x0000000087200000, 0x0000000087200000| Untracked 
|  95|0x0000000087300000, 0x0000000087300000, 0x0000000087400000|  0%| F|  |TAMS 0x0000000087300000, 0x0000000087300000| Untracked 
|  96|0x0000000087400000, 0x0000000087400000, 0x0000000087500000|  0%| F|  |TAMS 0x0000000087400000, 0x0000000087400000| Untracked 
|  97|0x0000000087500000, 0x0000000087500000, 0x0000000087600000|  0%| F|  |TAMS 0x0000000087500000, 0x0000000087500000| Untracked 
|  98|0x0000000087600000, 0x0000000087600000, 0x0000000087700000|  0%| F|  |TAMS 0x0000000087600000, 0x0000000087600000| Untracked 
|  99|0x0000000087700000, 0x0000000087700000, 0x0000000087800000|  0%| F|  |TAMS 0x0000000087700000, 0x0000000087700000| Untracked 
| 100|0x0000000087800000, 0x00000000878f5450, 0x0000000087900000| 95%| E|  |TAMS 0x0000000087800000, 0x0000000087800000| Complete 
| 101|0x0000000087900000, 0x0000000087a00000, 0x0000000087a00000|100%| E|CS|TAMS 0x0000000087900000, 0x0000000087900000| Complete 
| 102|0x0000000087a00000, 0x0000000087b00000, 0x0000000087b00000|100%| E|CS|TAMS 0x0000000087a00000, 0x0000000087a00000| Complete 
| 103|0x0000000087b00000, 0x0000000087c00000, 0x0000000087c00000|100%| E|CS|TAMS 0x0000000087b00000, 0x0000000087b00000| Complete 
| 104|0x0000000087c00000, 0x0000000087d00000, 0x0000000087d00000|100%| E|CS|TAMS 0x0000000087c00000, 0x0000000087c00000| Complete 
| 105|0x0000000087d00000, 0x0000000087e00000, 0x0000000087e00000|100%| S|CS|TAMS 0x0000000087d00000, 0x0000000087d00000| Complete 
| 106|0x0000000087e00000, 0x0000000087f00000, 0x0000000087f00000|100%| S|CS|TAMS 0x0000000087e00000, 0x0000000087e00000| Complete 
| 107|0x0000000087f00000, 0x0000000088000000, 0x0000000088000000|100%| S|CS|TAMS 0x0000000087f00000, 0x0000000087f00000| Complete 
| 108|0x0000000088000000, 0x0000000088100000, 0x0000000088100000|100%| E|CS|TAMS 0x0000000088000000, 0x0000000088000000| Complete 
| 109|0x0000000088100000, 0x0000000088200000, 0x0000000088200000|100%| E|CS|TAMS 0x0000000088100000, 0x0000000088100000| Complete 
| 110|0x0000000088200000, 0x0000000088300000, 0x0000000088300000|100%| E|CS|TAMS 0x0000000088200000, 0x0000000088200000| Complete 
| 111|0x0000000088300000, 0x0000000088400000, 0x0000000088400000|100%| E|CS|TAMS 0x0000000088300000, 0x0000000088300000| Complete 
| 112|0x0000000088400000, 0x0000000088500000, 0x0000000088500000|100%| E|CS|TAMS 0x0000000088400000, 0x0000000088400000| Complete 
| 113|0x0000000088500000, 0x0000000088600000, 0x0000000088600000|100%| E|CS|TAMS 0x0000000088500000, 0x0000000088500000| Complete 
| 114|0x0000000088600000, 0x0000000088700000, 0x0000000088700000|100%| E|CS|TAMS 0x0000000088600000, 0x0000000088600000| Complete 
| 115|0x0000000088700000, 0x0000000088800000, 0x0000000088800000|100%| E|CS|TAMS 0x0000000088700000, 0x0000000088700000| Complete 
| 116|0x0000000088800000, 0x0000000088900000, 0x0000000088900000|100%| E|CS|TAMS 0x0000000088800000, 0x0000000088800000| Complete 
| 117|0x0000000088900000, 0x0000000088a00000, 0x0000000088a00000|100%| E|CS|TAMS 0x0000000088900000, 0x0000000088900000| Complete 
| 118|0x0000000088a00000, 0x0000000088b00000, 0x0000000088b00000|100%| E|CS|TAMS 0x0000000088a00000, 0x0000000088a00000| Complete 
| 119|0x0000000088b00000, 0x0000000088c00000, 0x0000000088c00000|100%| E|CS|TAMS 0x0000000088b00000, 0x0000000088b00000| Complete 
| 120|0x0000000088c00000, 0x0000000088d00000, 0x0000000088d00000|100%| E|CS|TAMS 0x0000000088c00000, 0x0000000088c00000| Complete 
| 121|0x0000000088d00000, 0x0000000088e00000, 0x0000000088e00000|100%| E|CS|TAMS 0x0000000088d00000, 0x0000000088d00000| Complete 
| 122|0x0000000088e00000, 0x0000000088f00000, 0x0000000088f00000|100%| E|CS|TAMS 0x0000000088e00000, 0x0000000088e00000| Complete 
| 123|0x0000000088f00000, 0x0000000089000000, 0x0000000089000000|100%| E|CS|TAMS 0x0000000088f00000, 0x0000000088f00000| Complete 
| 124|0x0000000089000000, 0x0000000089100000, 0x0000000089100000|100%| E|CS|TAMS 0x0000000089000000, 0x0000000089000000| Complete 
| 125|0x0000000089100000, 0x0000000089200000, 0x0000000089200000|100%| E|CS|TAMS 0x0000000089100000, 0x0000000089100000| Complete 
| 126|0x0000000089200000, 0x0000000089300000, 0x0000000089300000|100%| E|CS|TAMS 0x0000000089200000, 0x0000000089200000| Complete 
| 127|0x0000000089300000, 0x0000000089400000, 0x0000000089400000|100%| E|CS|TAMS 0x0000000089300000, 0x0000000089300000| Complete 

Card table byte_map: [0x00000212f16c0000,0x00000212f1ac0000] _byte_map_base: 0x00000212f12b6000

Marking Bits (Prev, Next): (CMBitMap*) 0x00000212e88cc860, (CMBitMap*) 0x00000212e88cc8a0
 Prev Bits: [0x00000212f1ec0000, 0x00000212f3e70000)
 Next Bits: [0x00000212f3e70000, 0x00000212f5e20000)

Polling page: 0x00000212e8a20000

Metaspace:

Usage:
  Non-class:     12.45 MB used.
      Class:      1.99 MB used.
       Both:     14.44 MB used.

Virtual space:
  Non-class space:       64.00 MB reserved,      12.56 MB ( 20%) committed,  1 nodes.
      Class space:        1.00 GB reserved,       2.12 MB ( <1%) committed,  1 nodes.
             Both:        1.06 GB reserved,      14.69 MB (  1%) committed. 

Chunk freelists:
   Non-Class:  3.17 MB
       Class:  13.88 MB
        Both:  17.05 MB

MaxMetaspaceSize: unlimited
CompressedClassSpaceSize: 1.00 GB
Initial GC threshold: 21.00 MB
Current GC threshold: 21.00 MB
CDS: on
MetaspaceReclaimPolicy: balanced
 - commit_granule_bytes: 65536.
 - commit_granule_words: 8192.
 - virtual_space_node_default_size: 8388608.
 - enlarge_chunks_in_place: 1.
 - new_chunks_are_fully_committed: 0.
 - uncommit_free_chunks: 1.
 - use_allocation_guard: 0.
 - handle_deallocations: 1.


Internal statistics:

num_allocs_failed_limit: 0.
num_arena_births: 360.
num_arena_deaths: 0.
num_vsnodes_births: 2.
num_vsnodes_deaths: 0.
num_space_committed: 235.
num_space_uncommitted: 0.
num_chunks_returned_to_freelist: 0.
num_chunks_taken_from_freelist: 774.
num_chunk_merges: 0.
num_chunk_splits: 472.
num_chunks_enlarged: 299.
num_inconsistent_stats: 0.

CodeCache: size=49152Kb used=4947Kb max_used=5218Kb free=44204Kb
 bounds [0x00000212ee2c0000, 0x00000212ee7e0000, 0x00000212f12c0000]
 total_blobs=2642 nmethods=2166 adapters=402
 compilation: enabled
              stopped_count=0, restarted_count=0
 full_count=0

Compilation events (20 events):
Event: 3.592 Thread 0x00000212f809c6d0 nmethod 2156 0x00000212ee4d4e90 code [0x00000212ee4d5040, 0x00000212ee4d5348]
Event: 3.592 Thread 0x00000212f809c6d0 2158       1       java.util.Collections$UnmodifiableMap::keySet (28 bytes)
Event: 3.592 Thread 0x00000212f80cccf0 nmethod 2157 0x00000212ee4d4710 code [0x00000212ee4d4900, 0x00000212ee4d4cb8]
Event: 3.592 Thread 0x00000212f809c6d0 nmethod 2158 0x00000212ee4d4110 code [0x00000212ee4d42c0, 0x00000212ee4d45b8]
Event: 3.593 Thread 0x00000212f809c6d0 2159       1       java.util.jar.JavaUtilJarAccessImpl::getTrustedAttributes (6 bytes)
Event: 3.593 Thread 0x00000212f809c6d0 nmethod 2159 0x00000212ee4d3d90 code [0x00000212ee4d3f20, 0x00000212ee4d4008]
Event: 3.594 Thread 0x00000212f809c6d0 2160       1       java.lang.ClassLoader::getUnnamedModule (5 bytes)
Event: 3.594 Thread 0x00000212f809c6d0 nmethod 2160 0x00000212ee4d3a90 code [0x00000212ee4d3c20, 0x00000212ee4d3cf8]
Event: 3.597 Thread 0x00000212f80cccf0 2162       1       java.util.LinkedHashMap::afterNodeInsertion (40 bytes)
Event: 3.597 Thread 0x00000212f809c6d0 2161       1       java.util.LinkedHashMap::newNode (23 bytes)
Event: 3.597 Thread 0x00000212f80cccf0 nmethod 2162 0x00000212ee4d3610 code [0x00000212ee4d37c0, 0x00000212ee4d3988]
Event: 3.598 Thread 0x00000212f809c6d0 nmethod 2161 0x00000212ee4d2f10 code [0x00000212ee4d30c0, 0x00000212ee4d34b8]
Event: 3.601 Thread 0x00000212f80cccf0 2164       1       java.util.BitSet::checkInvariants (111 bytes)
Event: 3.601 Thread 0x00000212f809c6d0 2163       1       java.util.BitSet::wordIndex (5 bytes)
Event: 3.601 Thread 0x00000212f809c6d0 nmethod 2163 0x00000212ee4d2c10 code [0x00000212ee4d2da0, 0x00000212ee4d2e58]
Event: 3.601 Thread 0x00000212f80cccf0 nmethod 2164 0x00000212ee4d2910 code [0x00000212ee4d2aa0, 0x00000212ee4d2b58]
Event: 3.603 Thread 0x00000212f809c6d0 2165       1       java.util.BitSet::get (69 bytes)
Event: 3.603 Thread 0x00000212f809c6d0 nmethod 2165 0x00000212ee4d2010 code [0x00000212ee4d2200, 0x00000212ee4d2688]
Event: 3.606 Thread 0x00000212f809c6d0 2166       1       ch.qos.logback.classic.Logger::getChildByName (68 bytes)
Event: 3.606 Thread 0x00000212f809c6d0 nmethod 2166 0x00000212ee4d1a90 code [0x00000212ee4d1c60, 0x00000212ee4d1ea8]

GC Heap History (6 events):
Event: 1.329 GC heap before
{Heap before GC invocations=0 (full 0):
 garbage-first heap   total 131072K, used 17408K [0x0000000081400000, 0x0000000100000000)
  region size 1024K, 13 young (13312K), 0 survivors (0K)
 Metaspace       used 2968K, committed 3136K, reserved 1114112K
  class space    used 361K, committed 448K, reserved 1048576K
}
Event: 1.336 GC heap after
{Heap after GC invocations=1 (full 0):
 garbage-first heap   total 131072K, used 10895K [0x0000000081400000, 0x0000000100000000)
  region size 1024K, 2 young (2048K), 2 survivors (2048K)
 Metaspace       used 2968K, committed 3136K, reserved 1114112K
  class space    used 361K, committed 448K, reserved 1048576K
}
Event: 1.684 GC heap before
{Heap before GC invocations=1 (full 0):
 garbage-first heap   total 131072K, used 19087K [0x0000000081400000, 0x0000000100000000)
  region size 1024K, 10 young (10240K), 2 survivors (2048K)
 Metaspace       used 7160K, committed 7424K, reserved 1114112K
  class space    used 914K, committed 1024K, reserved 1048576K
}
Event: 1.688 GC heap after
{Heap after GC invocations=2 (full 0):
 garbage-first heap   total 131072K, used 11854K [0x0000000081400000, 0x0000000100000000)
  region size 1024K, 2 young (2048K), 2 survivors (2048K)
 Metaspace       used 7160K, committed 7424K, reserved 1114112K
  class space    used 914K, committed 1024K, reserved 1048576K
}
Event: 2.029 GC heap before
{Heap before GC invocations=2 (full 0):
 garbage-first heap   total 131072K, used 34382K [0x0000000081400000, 0x0000000100000000)
  region size 1024K, 20 young (20480K), 2 survivors (2048K)
 Metaspace       used 9723K, committed 9920K, reserved 1114112K
  class space    used 1242K, committed 1344K, reserved 1048576K
}
Event: 2.035 GC heap after
{Heap after GC invocations=3 (full 0):
 garbage-first heap   total 131072K, used 15351K [0x0000000081400000, 0x0000000100000000)
  region size 1024K, 3 young (3072K), 3 survivors (3072K)
 Metaspace       used 9723K, committed 9920K, reserved 1114112K
  class space    used 1242K, committed 1344K, reserved 1048576K
}

Dll operation events (3 events):
Event: 0.014 Loaded shared library C:\Users\hp\.jdks\jbr-17.0.12\bin\java.dll
Event: 0.040 Loaded shared library C:\Users\hp\.jdks\jbr-17.0.12\bin\jsvml.dll
Event: 0.786 Loaded shared library C:\Users\hp\.jdks\jbr-17.0.12\bin\zip.dll

Deoptimization events (0 events):
No events

Classes loaded (20 events):
Event: 3.532 Loading class java/util/stream/IntPipeline$4$1
Event: 3.532 Loading class java/util/stream/IntPipeline$4$1 done
Event: 3.532 Loading class java/util/RegularEnumSet$EnumSetIterator
Event: 3.532 Loading class java/util/RegularEnumSet$EnumSetIterator done
Event: 3.545 Loading class java/util/concurrent/Executors$DefaultThreadFactory
Event: 3.545 Loading class java/util/concurrent/Executors$DefaultThreadFactory done
Event: 3.551 Loading class java/util/Collections$UnmodifiableMap$UnmodifiableEntrySet
Event: 3.551 Loading class java/util/Collections$UnmodifiableMap$UnmodifiableEntrySet done
Event: 3.551 Loading class java/util/Collections$UnmodifiableMap$UnmodifiableEntrySet$UnmodifiableEntrySetSpliterator
Event: 3.551 Loading class java/util/Collections$UnmodifiableMap$UnmodifiableEntrySet$UnmodifiableEntrySetSpliterator done
Event: 3.552 Loading class java/util/Collections$UnmodifiableMap$UnmodifiableEntrySet$UnmodifiableEntry
Event: 3.552 Loading class java/util/Collections$UnmodifiableMap$UnmodifiableEntrySet$UnmodifiableEntry done
Event: 3.558 Loading class java/util/Stack
Event: 3.559 Loading class java/util/Stack done
Event: 3.559 Loading class java/util/Vector$Itr
Event: 3.559 Loading class java/util/Vector$Itr done
Event: 3.617 Loading class java/io/NotSerializableException
Event: 3.617 Loading class java/io/NotSerializableException done
Event: 3.618 Loading class java/util/concurrent/CompletionException
Event: 3.618 Loading class java/util/concurrent/CompletionException done

Classes unloaded (0 events):
No events

Classes redefined (0 events):
No events

Internal exceptions (20 events):
Event: 2.260 Thread 0x00000212eaaf7a00 Exception <a 'java/lang/NoSuchMethodError'{0x000000008899d370}: 'java.lang.Object java.lang.invoke.DirectMethodHandle$Holder.invokeSpecial(java.lang.Object, java.lang.Object, java.lang.Object, int, java.lang.Object)'> (0x000000008899d370) 
thrown [s\src\hotspot\share\interpreter\linkResolver.cpp, line 771]
Event: 2.261 Thread 0x00000212eaaf7a00 Exception <a 'java/lang/NoSuchMethodError'{0x00000000889a58d8}: 'java.lang.Object java.lang.invoke.DirectMethodHandle$Holder.newInvokeSpecial(java.lang.Object, java.lang.Object, java.lang.Object, int, java.lang.Object)'> (0x00000000889a58d8) 
thrown [s\src\hotspot\share\interpreter\linkResolver.cpp, line 771]
Event: 2.261 Thread 0x00000212eaaf7a00 Exception <a 'java/lang/NoSuchMethodError'{0x00000000889ad2a8}: 'java.lang.Object java.lang.invoke.Invokers$Holder.linkToTargetMethod(java.lang.Object, java.lang.Object, int, java.lang.Object, java.lang.Object)'> (0x00000000889ad2a8) 
thrown [s\src\hotspot\share\interpreter\linkResolver.cpp, line 771]
Event: 2.262 Thread 0x00000212eaaf7a00 Exception <a 'java/lang/NoSuchMethodError'{0x00000000889bbcb8}: 'java.lang.Object java.lang.invoke.DirectMethodHandle$Holder.newInvokeSpecial(java.lang.Object, int, java.lang.Object)'> (0x00000000889bbcb8) 
thrown [s\src\hotspot\share\interpreter\linkResolver.cpp, line 771]
Event: 2.262 Thread 0x00000212eaaf7a00 Exception <a 'java/lang/NoSuchMethodError'{0x00000000889bff28}: 'int java.lang.invoke.DirectMethodHandle$Holder.invokeSpecialIFC(java.lang.Object, java.lang.Object, java.lang.Object, java.lang.Object)'> (0x00000000889bff28) 
thrown [s\src\hotspot\share\interpreter\linkResolver.cpp, line 771]
Event: 2.285 Thread 0x00000212eaaf7a00 Exception <a 'java/lang/NoSuchMethodError'{0x0000000088895388}: 'void java.lang.invoke.DirectMethodHandle$Holder.invokeInterface(java.lang.Object, java.lang.Object, java.lang.Object)'> (0x0000000088895388) 
thrown [s\src\hotspot\share\interpreter\linkResolver.cpp, line 771]
Event: 2.302 Thread 0x00000212eaaf7a00 Exception <a 'java/lang/NoSuchMethodError'{0x000000008873ff98}: 'java.lang.Object java.lang.invoke.DirectMethodHandle$Holder.invokeStatic(java.lang.Object, java.lang.Object, int)'> (0x000000008873ff98) 
thrown [s\src\hotspot\share\interpreter\linkResolver.cpp, line 771]
Event: 2.303 Thread 0x00000212eaaf7a00 Exception <a 'java/lang/NoSuchMethodError'{0x000000008874ba30}: 'void java.lang.invoke.DelegatingMethodHandle$Holder.delegate(java.lang.Object, java.lang.Object, int, java.lang.Object)'> (0x000000008874ba30) 
thrown [s\src\hotspot\share\interpreter\linkResolver.cpp, line 771]
Event: 2.375 Thread 0x00000212f8c80b40 Exception <a 'java/lang/reflect/InvocationTargetException'{0x0000000089198b38}> (0x0000000089198b38) 
thrown [s\src\hotspot\share\runtime\reflection.cpp, line 1134]
Event: 2.379 Thread 0x00000212f8c80b40 Exception <a 'java/lang/NoSuchMethodError'{0x00000000886cb9f0}: static [Ljava/lang/StackTraceElement;.<clinit>()V> (0x00000000886cb9f0) 
thrown [s\src\hotspot\share\prims\jni.cpp, line 1127]
Event: 2.887 Thread 0x00000212f8c80b40 Exception <a 'java/lang/reflect/InvocationTargetException'{0x00000000886e86c8}> (0x00000000886e86c8) 
thrown [s\src\hotspot\share\runtime\reflection.cpp, line 1134]
Event: 3.398 Thread 0x00000212f8c80b40 Exception <a 'java/lang/reflect/InvocationTargetException'{0x0000000088543a10}> (0x0000000088543a10) 
thrown [s\src\hotspot\share\runtime\reflection.cpp, line 1134]
Event: 3.504 Thread 0x00000212eaaf7a00 Exception <a 'java/lang/NoSuchMethodError'{0x00000000885b0a58}: 'java.lang.Object java.lang.invoke.DirectMethodHandle$Holder.invokeVirtual(java.lang.Object, java.lang.Object, java.lang.Object)'> (0x00000000885b0a58) 
thrown [s\src\hotspot\share\interpreter\linkResolver.cpp, line 771]
Event: 3.531 Thread 0x00000212eaaf7a00 Exception <a 'java/lang/NoSuchMethodError'{0x00000000884bdee8}: 'void java.lang.invoke.DirectMethodHandle$Holder.invokeStatic(java.lang.Object, java.lang.Object, int)'> (0x00000000884bdee8) 
thrown [s\src\hotspot\share\interpreter\linkResolver.cpp, line 771]
Event: 3.534 Thread 0x00000212eaaf7a00 Exception <a 'java/lang/NoSuchMethodError'{0x00000000884cf2f0}: 'void java.lang.invoke.DirectMethodHandle$Holder.invokeStaticInit(java.lang.Object, java.lang.Object, java.lang.Object)'> (0x00000000884cf2f0) 
thrown [s\src\hotspot\share\interpreter\linkResolver.cpp, line 771]
Event: 3.546 Thread 0x00000212eaaf7a00 Exception <a 'java/lang/NoSuchMethodError'{0x0000000088386a60}: 'void java.lang.invoke.DirectMethodHandle$Holder.invokeVirtual(java.lang.Object, java.lang.Object, java.lang.Object, java.lang.Object)'> (0x0000000088386a60) 
thrown [s\src\hotspot\share\interpreter\linkResolver.cpp, line 771]
Event: 3.555 Thread 0x00000212eaaf7a00 Exception <a 'java/lang/NoSuchMethodError'{0x000000008823a288}: 'java.lang.Object java.lang.invoke.DirectMethodHandle$Holder.invokeSpecial(java.lang.Object, java.lang.Object, long, java.lang.Object, java.lang.Object, java.lang.Object, java.lang.Object, java.lang.Object, java.lang.Object)'> (0x000000008823a288) 
thrown [s\src\hotspot\share\interpreter\linkResolver.cpp, line 771]
Event: 3.555 Thread 0x00000212eaaf7a00 Exception <a 'java/lang/NoSuchMethodError'{0x000000008823eb08}: 'java.lang.Object java.lang.invoke.DelegatingMethodHandle$Holder.reinvoke_L(java.lang.Object, long, java.lang.Object, java.lang.Object, java.lang.Object, java.lang.Object, java.lang.Object, java.lang.Object)'> (0x000000008823eb08) 
thrown [s\src\hotspot\share\interpreter\linkResolver.cpp, line 771]
Event: 3.584 Thread 0x00000212eaaf7a00 Exception <a 'java/lang/NoSuchMethodError'{0x00000000881f9f60}: 'void java.lang.invoke.DirectMethodHandle$Holder.invokeSpecial(java.lang.Object, java.lang.Object, java.lang.Object)'> (0x00000000881f9f60) 
thrown [s\src\hotspot\share\interpreter\linkResolver.cpp, line 771]
Event: 3.590 Thread 0x00000212eaaf7a00 Exception <a 'java/lang/IncompatibleClassChangeError'{0x00000000880712b0}: Found class java.lang.Object, but interface was expected> (0x00000000880712b0) 
thrown [s\src\hotspot\share\interpreter\linkResolver.cpp, line 838]

VM Operations (20 events):
Event: 1.534 Executing VM operation: HandshakeAllThreads
Event: 1.534 Executing VM operation: HandshakeAllThreads done
Event: 1.548 Executing VM operation: HandshakeAllThreads
Event: 1.548 Executing VM operation: HandshakeAllThreads done
Event: 1.684 Executing VM operation: G1CollectForAllocation
Event: 1.688 Executing VM operation: G1CollectForAllocation done
Event: 1.755 Executing VM operation: HandshakeAllThreads
Event: 1.755 Executing VM operation: HandshakeAllThreads done
Event: 2.029 Executing VM operation: G1CollectForAllocation
Event: 2.035 Executing VM operation: G1CollectForAllocation done
Event: 2.066 Executing VM operation: HandshakeAllThreads
Event: 2.066 Executing VM operation: HandshakeAllThreads done
Event: 2.241 Executing VM operation: HandshakeAllThreads
Event: 2.241 Executing VM operation: HandshakeAllThreads done
Event: 3.242 Executing VM operation: Cleanup
Event: 3.242 Executing VM operation: Cleanup done
Event: 3.580 Executing VM operation: HandshakeAllThreads
Event: 3.580 Executing VM operation: HandshakeAllThreads done
Event: 3.582 Executing VM operation: HandshakeAllThreads
Event: 3.582 Executing VM operation: HandshakeAllThreads done

Events (20 events):
Event: 1.073 Loaded shared library C:\Users\hp\.jdks\jbr-17.0.12\bin\jimage.dll
Event: 1.169 Loaded shared library C:\Program Files\JetBrains\IntelliJ IDEA 2024.3.1.1\bin\breakgen64.dll
Event: 1.170 Thread 0x00000212f875e200 Thread added: 0x00000212f875e200
Event: 1.170 Thread 0x00000212f8ab1900 Thread added: 0x00000212f8ab1900
Event: 1.188 Loaded shared library C:\Users\hp\.jdks\jbr-17.0.12\bin\extnet.dll
Event: 1.201 Loaded shared library C:\Users\hp\.jdks\jbr-17.0.12\bin\management.dll
Event: 1.215 Loaded shared library C:\Users\hp\.jdks\jbr-17.0.12\bin\management_ext.dll
Event: 1.473 Thread 0x00000212f8c27880 Thread added: 0x00000212f8c27880
Event: 1.498 Thread 0x00000212f8c80b40 Thread added: 0x00000212f8c80b40
Event: 1.525 Thread 0x00000212f8c7d000 Thread added: 0x00000212f8c7d000
Event: 1.533 Thread 0x00000212f8c9db80 Thread added: 0x00000212f8c9db80
Event: 2.371 Thread 0x00000212fda61110 Thread added: 0x00000212fda61110
Event: 2.382 Thread 0x00000212fda61110 Thread exited: 0x00000212fda61110
Event: 2.469 Thread 0x00000212fda5f2b0 Thread added: 0x00000212fda5f2b0
Event: 2.884 Thread 0x00000212f84a7350 Thread exited: 0x00000212f84a7350
Event: 2.884 Thread 0x00000212fda606f0 Thread added: 0x00000212fda606f0
Event: 2.889 Thread 0x00000212fda606f0 Thread exited: 0x00000212fda606f0
Event: 3.392 Thread 0x00000212fda5f7c0 Thread added: 0x00000212fda5f7c0
Event: 3.401 Thread 0x00000212fda5f7c0 Thread exited: 0x00000212fda5f7c0
Event: 3.586 Thread 0x00000212fda606f0 Thread added: 0x00000212fda606f0


Dynamic libraries:
0x00007ff6daac0000 - 0x00007ff6daaca000 	C:\Users\hp\.jdks\jbr-17.0.12\bin\java.exe
0x00007fff5a6d0000 - 0x00007fff5a8c8000 	C:\Windows\SYSTEM32\ntdll.dll
0x00007fff597f0000 - 0x00007fff598b2000 	C:\Windows\System32\KERNEL32.DLL
0x00007fff57d70000 - 0x00007fff5806f000 	C:\Windows\System32\KERNELBASE.dll
0x00007fff583f0000 - 0x00007fff584f0000 	C:\Windows\System32\ucrtbase.dll
0x00007fff50a60000 - 0x00007fff50a7b000 	C:\Users\hp\.jdks\jbr-17.0.12\bin\VCRUNTIME140.dll
0x00007fff454e0000 - 0x00007fff454f7000 	C:\Users\hp\.jdks\jbr-17.0.12\bin\jli.dll
0x00007fff586f0000 - 0x00007fff5888d000 	C:\Windows\System32\USER32.dll
0x00007fff58070000 - 0x00007fff58092000 	C:\Windows\System32\win32u.dll
0x00007fff59760000 - 0x00007fff5978b000 	C:\Windows\System32\GDI32.dll
0x00007fff585d0000 - 0x00007fff586ea000 	C:\Windows\System32\gdi32full.dll
0x00007fff58110000 - 0x00007fff581ad000 	C:\Windows\System32\msvcp_win.dll
0x00007fff45f80000 - 0x00007fff4621a000 	C:\Windows\WinSxS\amd64_microsoft.windows.common-controls_6595b64144ccf1df_6.0.19041.4355_none_60b8b9eb71f62e16\COMCTL32.dll
0x00007fff589a0000 - 0x00007fff58a3e000 	C:\Windows\System32\msvcrt.dll
0x00007fff5a4a0000 - 0x00007fff5a4cf000 	C:\Windows\System32\IMM32.DLL
0x00007fff51340000 - 0x00007fff5134c000 	C:\Users\hp\.jdks\jbr-17.0.12\bin\vcruntime140_1.dll
0x00007fff2b720000 - 0x00007fff2b7ad000 	C:\Users\hp\.jdks\jbr-17.0.12\bin\msvcp140.dll
0x00007fff15b50000 - 0x00007fff167da000 	C:\Users\hp\.jdks\jbr-17.0.12\bin\server\jvm.dll
0x00007fff588f0000 - 0x00007fff5899f000 	C:\Windows\System32\ADVAPI32.dll
0x00007fff59c00000 - 0x00007fff59c9f000 	C:\Windows\System32\sechost.dll
0x00007fff59ad0000 - 0x00007fff59bf3000 	C:\Windows\System32\RPCRT4.dll
0x00007fff584f0000 - 0x00007fff58517000 	C:\Windows\System32\bcrypt.dll
0x00007fff5a600000 - 0x00007fff5a66b000 	C:\Windows\System32\WS2_32.dll
0x00007fff57270000 - 0x00007fff572bb000 	C:\Windows\SYSTEM32\POWRPROF.dll
0x00007fff45d30000 - 0x00007fff45d57000 	C:\Windows\SYSTEM32\WINMM.dll
0x00007fff50cc0000 - 0x00007fff50cca000 	C:\Windows\SYSTEM32\VERSION.dll
0x00007fff57130000 - 0x00007fff57142000 	C:\Windows\SYSTEM32\UMPDC.dll
0x00007fff56580000 - 0x00007fff56592000 	C:\Windows\SYSTEM32\kernel.appcore.dll
0x00007fff51240000 - 0x00007fff5124a000 	C:\Users\hp\.jdks\jbr-17.0.12\bin\jimage.dll
0x00007fff55a60000 - 0x00007fff55c44000 	C:\Windows\SYSTEM32\DBGHELP.DLL
0x00007fff43aa0000 - 0x00007fff43ad4000 	C:\Windows\SYSTEM32\dbgcore.DLL
0x00007fff58200000 - 0x00007fff58282000 	C:\Windows\System32\bcryptPrimitives.dll
0x00007fff51280000 - 0x00007fff5128e000 	C:\Users\hp\.jdks\jbr-17.0.12\bin\instrument.dll
0x00007fff3a870000 - 0x00007fff3a895000 	C:\Users\hp\.jdks\jbr-17.0.12\bin\java.dll
0x00007fff290c0000 - 0x00007fff29197000 	C:\Users\hp\.jdks\jbr-17.0.12\bin\jsvml.dll
0x00007fff58e90000 - 0x00007fff595fd000 	C:\Windows\System32\SHELL32.dll
0x00007fff55d90000 - 0x00007fff56534000 	C:\Windows\SYSTEM32\windows.storage.dll
0x00007fff5a140000 - 0x00007fff5a495000 	C:\Windows\System32\combase.dll
0x00007fff576c0000 - 0x00007fff576ef000 	C:\Windows\SYSTEM32\Wldp.dll
0x00007fff58bf0000 - 0x00007fff58cbd000 	C:\Windows\System32\OLEAUT32.dll
0x00007fff58cc0000 - 0x00007fff58d6d000 	C:\Windows\System32\SHCORE.dll
0x00007fff59a70000 - 0x00007fff59ac5000 	C:\Windows\System32\shlwapi.dll
0x00007fff57ca0000 - 0x00007fff57cc4000 	C:\Windows\SYSTEM32\profapi.dll
0x00007fff43a20000 - 0x00007fff43a38000 	C:\Users\hp\.jdks\jbr-17.0.12\bin\zip.dll
0x00007fff428b0000 - 0x00007fff428c9000 	C:\Users\hp\.jdks\jbr-17.0.12\bin\net.dll
0x00007fff505f0000 - 0x00007fff506fa000 	C:\Windows\SYSTEM32\WINHTTP.dll
0x00007fff574a0000 - 0x00007fff5750c000 	C:\Windows\system32\mswsock.dll
0x00007fff3aa10000 - 0x00007fff3aa26000 	C:\Users\hp\.jdks\jbr-17.0.12\bin\nio.dll
0x00007fff51260000 - 0x00007fff5127a000 	C:\Program Files\JetBrains\IntelliJ IDEA 2024.3.1.1\bin\breakgen64.dll
0x00007fff571a0000 - 0x00007fff5726a000 	C:\Windows\SYSTEM32\DNSAPI.dll
0x00007fff57150000 - 0x00007fff5718b000 	C:\Windows\SYSTEM32\IPHLPAPI.DLL
0x00007fff5a130000 - 0x00007fff5a138000 	C:\Windows\System32\NSI.dll
0x00007fff505e0000 - 0x00007fff505ea000 	C:\Windows\System32\rasadhlp.dll
0x00007fff4cc00000 - 0x00007fff4cc80000 	C:\Windows\System32\fwpuclnt.dll
0x00007fff50970000 - 0x00007fff50979000 	C:\Users\hp\.jdks\jbr-17.0.12\bin\extnet.dll
0x00007fff51250000 - 0x00007fff51259000 	C:\Users\hp\.jdks\jbr-17.0.12\bin\management.dll
0x00007fff43a10000 - 0x00007fff43a1b000 	C:\Users\hp\.jdks\jbr-17.0.12\bin\management_ext.dll
0x00007fff59ca0000 - 0x00007fff59ca8000 	C:\Windows\System32\PSAPI.DLL
0x00007fff57700000 - 0x00007fff57718000 	C:\Windows\SYSTEM32\CRYPTSP.dll
0x00007fff56d70000 - 0x00007fff56da4000 	C:\Windows\system32\rsaenh.dll
0x00007fff57c60000 - 0x00007fff57c8e000 	C:\Windows\SYSTEM32\USERENV.dll
0x00007fff57630000 - 0x00007fff5763c000 	C:\Windows\SYSTEM32\CRYPTBASE.dll
0x00007fff508c0000 - 0x00007fff508d7000 	C:\Windows\SYSTEM32\dhcpcsvc6.DLL
0x00007fff50880000 - 0x00007fff5089d000 	C:\Windows\SYSTEM32\dhcpcsvc.DLL
0x00007fff3f170000 - 0x00007fff3f187000 	C:\Windows\system32\napinsp.dll
0x00007fff3f150000 - 0x00007fff3f16b000 	C:\Windows\system32\pnrpnsp.dll
0x00007fff53c70000 - 0x00007fff53c85000 	C:\Windows\system32\wshbth.dll
0x00007fff51020000 - 0x00007fff5103d000 	C:\Windows\system32\NLAapi.dll
0x00007fff3f100000 - 0x00007fff3f112000 	C:\Windows\System32\winrnr.dll
0x00007fff43c10000 - 0x00007fff43c61000 	C:\Windows\SYSTEM32\pdh.dll
0x00007fff47370000 - 0x00007fff4737f000 	C:\Windows\System32\perfproc.dll
0x00007fff39390000 - 0x00007fff3939f000 	C:\Windows\System32\perfos.dll

dbghelp: loaded successfully - version: 4.0.5 - missing functions: none
symbol engine: initialized successfully - sym options: 0x614 - pdb path: (cannot be retrieved)

VM Arguments:
jvm_args: -XX:TieredStopAtLevel=1 -Dspring.output.ansi.enabled=always -Dcom.sun.management.jmxremote -Dspring.jmx.enabled=true -Dspring.liveBeansView.mbeanDomain -Dspring.application.admin.enabled=true -Dmanagement.endpoints.jmx.exposure.include=* -javaagent:C:\Program Files\JetBrains\IntelliJ IDEA 2024.3.1.1\lib\idea_rt.jar=56111:C:\Program Files\JetBrains\IntelliJ IDEA 2024.3.1.1\bin -Dfile.encoding=UTF-8 
java_command: com.eureka.EurekaApplication
java_class_path (initial): D:\mmm\mmm\2024-2025 4SAE1\App web dist\MiniProjet\Eureka\target\classes;C:\Users\hp\.m2\repository\org\springframework\boot\spring-boot-starter-data-jpa\3.4.3\spring-boot-starter-data-jpa-3.4.3.jar;C:\Users\hp\.m2\repository\org\springframework\boot\spring-boot-starter\3.4.3\spring-boot-starter-3.4.3.jar;C:\Users\hp\.m2\repository\org\springframework\boot\spring-boot\3.4.3\spring-boot-3.4.3.jar;C:\Users\hp\.m2\repository\org\springframework\boot\spring-boot-autoconfigure\3.4.3\spring-boot-autoconfigure-3.4.3.jar;C:\Users\hp\.m2\repository\org\springframework\boot\spring-boot-starter-logging\3.4.3\spring-boot-starter-logging-3.4.3.jar;C:\Users\hp\.m2\repository\ch\qos\logback\logback-classic\1.5.16\logback-classic-1.5.16.jar;C:\Users\hp\.m2\repository\ch\qos\logback\logback-core\1.5.16\logback-core-1.5.16.jar;C:\Users\hp\.m2\repository\org\apache\logging\log4j\log4j-to-slf4j\2.24.3\log4j-to-slf4j-2.24.3.jar;C:\Users\hp\.m2\repository\org\apache\logging\log4j\log4j-api\2.24.3\log4j-api-2.24.3.jar;C:\Users\hp\.m2\repository\org\slf4j\jul-to-slf4j\2.0.16\jul-to-slf4j-2.0.16.jar;C:\Users\hp\.m2\repository\jakarta\annotation\jakarta.annotation-api\2.1.1\jakarta.annotation-api-2.1.1.jar;C:\Users\hp\.m2\repository\org\yaml\snakeyaml\2.3\snakeyaml-2.3.jar;C:\Users\hp\.m2\repository\org\springframework\boot\spring-boot-starter-jdbc\3.4.3\spring-boot-starter-jdbc-3.4.3.jar;C:\Users\hp\.m2\repository\com\zaxxer\HikariCP\5.1.0\HikariCP-5.1.0.jar;C:\Users\hp\.m2\repository\org\springframework\spring-jdbc\6.2.3\spring-jdbc-6.2.3.jar;C:\Users\hp\.m2\repository\org\hibernate\orm\hibernate-core\6.6.8.Final\hibernate-core-6.6.8.Final.jar;C:\Users\hp\.m2\repository\jakarta\persistence\jakarta.persistence-api\3.1.0\jakarta.persistence-api-3.1.0.jar;C:\Users\hp\.m2\repository\jakarta\transaction\jakarta.transaction-api\2.0.1\jakarta.transaction-api-2.0.1.jar;C:\Users\hp\.m2\repository\org\jboss\logging\jboss-logging\3.6.1.Final\jboss-logging-3.6.1.Final.jar;
Launcher Type: SUN_STANDARD

[Global flags]
     bool UseCompressedOops                        = true                           {product lp64_product} {ergonomic}
     bool UseCompressedClassPointers               = true                           {product lp64_product} {ergonomic}
     intx TieredStopAtLevel                        = 1                                         {product} {command line}
     bool UseLargePagesIndividualAllocation        = false                                  {pd product} {ergonomic}
     intx CICompilerCount                          = 3                                         {product} {ergonomic}
     bool ProfileInterpreter                       = false                                  {pd product} {command line}
   size_t MinHeapDeltaBytes                        = 1048576                                   {product} {ergonomic}
    uintx NonProfiledCodeHeapSize                  = 0                                      {pd product} {ergonomic}
    uintx ProfiledCodeHeapSize                     = 0                                      {pd product} {ergonomic}
     bool ManagementServer                         = true                                      {product} {command line}
   size_t G1HeapRegionSize                         = 1048576                                   {product} {ergonomic}
     uint G1ConcRefinementThreads                  = 4                                         {product} {ergonomic}
     bool UseG1GC                                  = true                                      {product} {ergonomic}
     uint ConcGCThreads                            = 1                                         {product} {ergonomic}
   size_t MarkStackSize                            = 4194304                                   {product} {ergonomic}
   size_t MinHeapSize                              = 8388608                                   {product} {ergonomic}
   size_t InitialHeapSize                          = 134217728                                 {product} {ergonomic}
   size_t MaxHeapSize                              = 2126512128                                {product} {ergonomic}
   size_t SoftMaxHeapSize                          = 2126512128                             {manageable} {ergonomic}
   size_t MaxNewSize                               = 1275068416                                {product} {ergonomic}
    uintx GCDrainStackTargetSize                   = 64                                        {product} {ergonomic}

Logging:
Log output configuration:
 #0: stdout all=warning uptime,level,tags
 #1: stderr all=off uptime,level,tags

Environment Variables:
PATH=C:\Python313\Scripts\;C:\Python313\;C:\oraclexe\app\oracle\product\11.2.0\server\bin;;C:\Python312\Scripts\;C:\Python312\;C:\Program Files (x86)\VMware\VMware Workstation\bin\;C:\Program Files\Common Files\Oracle\Java\javapath;C:\Program Files (x86)\Common Files\Oracle\Java\java8path;C:\Program Files (x86)\Common Files\Oracle\Java\javapath;C:\Windows\system32;C:\Windows;C:\Windows\System32\Wbem;C:\Windows\System32\WindowsPowerShell\v1.0\;C:\Windows\System32\OpenSSH\;C:\Program Files\Microsoft SQL Server\120\Tools\Binn\;C:\Program Files\Common Files\Autodesk Shared\;C:\Program Files\Git\cmd;C:\Program Files\Microsoft SQL Server\150\Tools\Binn\;C:\Program Files\Microsoft SQL Server\Client SDK\ODBC\170\Tools\Binn\;C:\Program Files\dotnet\;C:\ProgramData\chocolatey\bin;C:\Program Files\Docker\Docker\resources\bin;C:\Program Files\nodejs\;C:\Users\hp\AppData\Local\Microsoft\WindowsApps;C:\Users\hp\AppData\Local\Programs\Microsoft VS Code\bin;C:\Users\hp\.dotnet\tools;C:\Program Files\MongoDB\Server\4.0\bin;C:\Users\hp\AppData\Roaming\npm
USERNAME=hp
OS=Windows_NT
PROCESSOR_IDENTIFIER=Intel64 Family 6 Model 142 Stepping 9, GenuineIntel
TMP=C:\Users\hp\AppData\Local\Temp
TEMP=C:\Users\hp\AppData\Local\Temp



Periodic native trim disabled

JNI global refs:
JNI global refs: 17, weak refs: 0

JNI global refs memory usage: 843, weak refs: 841

Process memory usage:
Resident Set Size: 121924K (1% of 8302416K total physical memory with 577008K free physical memory)

OOME stack traces (most recent first):
Classloader memory used:
Loader bootstrap                                                                       : 1020K
Loader jdk.internal.loader.ClassLoaders$AppClassLoader                                 : 814K
Loader jdk.internal.reflect.DelegatingClassLoader                                      : 11986B
Loader jdk.internal.loader.ClassLoaders$PlatformClassLoader                            : 764B
Loader sun.reflect.misc.MethodUtil                                                     : 373B


[error occurred during error reporting (Classloader stats), id 0xe0000001, Out of Memory Error (s\src\hotspot\share\memory\allocation.cpp:44)]


---------------  S Y S T E M  ---------------

OS:
Failed to allocate version_info
OS uptime: 0 days 12:38 hours
Hyper-V role detected

CPU: total 4 (initial active 4) (2 cores per cpu, 2 threads per core) family 6 model 142 stepping 9 microcode 0xb4, cx8, cmov, fxsr, ht, mmx, 3dnowpref, sse, sse2, sse3, ssse3, sse4.1, sse4.2, popcnt, lzcnt, tsc, tscinvbit, avx, avx2, aes, erms, clmul, bmi1, bmi2, adx, fma, vzeroupper, clflush, clflushopt, hv
Processor Information for all 4 processors :
  Max Mhz: 2901, Current Mhz: 2901, Mhz Limit: 2901

Memory: 4k page, system-wide physical 8107M (563M free)
TotalPageFile size 12107M (AvailPageFile size 1M)
current process WorkingSet (physical memory assigned to process): 119M, peak: 119M
current process commit charge ("private bytes"): 238M, peak: 239M

vm_info: OpenJDK 64-Bit Server VM (17.0.12+1-b1207.37) for windows-amd64 JRE (17.0.12+1-b1207.37), built on 2024-09-25 by "builduser" with MS VC++ 16.10 / 16.11 (VS2019)

END.
