#
# There is insufficient memory for the Java Runtime Environment to continue.
# Native memory allocation (mmap) failed to map 30408704 bytes. Error detail: G1 virtual space
# Possible reasons:
#   The system is out of physical RAM or swap space
#   This process is running with CompressedOops enabled, and the Java Heap may be blocking the growth of the native heap
# Possible solutions:
#   Reduce memory load on the system
#   Increase physical memory or swap space
#   Check if swap backing store is full
#   Decrease Java heap size (-Xmx/-Xms)
#   Decrease number of Java threads
#   Decrease Java thread stack sizes (-Xss)
#   Set larger code cache with -XX:ReservedCodeCacheSize=
#   JVM is running with Unscaled Compressed Oops mode in which the Java heap is
#     placed in the first 4GB address space. The Java Heap base address is the
#     maximum limit for the native heap growth. Please use -XX:HeapBaseMinAddress
#     to set the Java Heap base and to place the Java Heap above 4GB virtual address.
# This output file may be truncated or incomplete.
#
#  Out of Memory Error (os_windows.cpp:3631), pid=7752, tid=4972
#
# JRE version: OpenJDK Runtime Environment (22.0.2+9) (build 22.0.2+9-70)
# Java VM: OpenJDK 64-Bit Server VM (22.0.2+9-70, mixed mode, emulated-client, sharing, tiered, compressed oops, compressed class ptrs, g1 gc, windows-amd64)
# No core dump will be written. Minidumps are not enabled by default on client versions of Windows
#

---------------  S U M M A R Y ------------

Command Line: -XX:TieredStopAtLevel=1 -Dspring.output.ansi.enabled=always -Dcom.sun.management.jmxremote -Dspring.jmx.enabled=true -Dspring.liveBeansView.mbeanDomain -Dspring.application.admin.enabled=true -Dmanagement.endpoints.jmx.exposure.include=* -javaagent:C:\Program Files\JetBrains\IntelliJ IDEA 2024.3.1.1\lib\idea_rt.jar=56577:C:\Program Files\JetBrains\IntelliJ IDEA 2024.3.1.1\bin -Dfile.encoding=UTF-8 -Dsun.stdout.encoding=UTF-8 -Dsun.stderr.encoding=UTF-8 com.partnershipmanagement.PartnershipManagementApplication

Host: Intel(R) Core(TM) i7-7500U CPU @ 2.70GHz, 4 cores, 7G,  Windows 10 , 64 bit Build 19041 (10.0.19041.5438)
Time: Sun Mar  2 17:23:48 2025 Romance Standard Time elapsed time: 6.862494 seconds (0d 0h 0m 6s)

---------------  T H R E A D  ---------------

Current thread (0x000002197f780c80):  VMThread "VM Thread"          [id=4972, stack(0x0000005344200000,0x0000005344300000) (1024K)]

Stack: [0x0000005344200000,0x0000005344300000]
Native frames: (J=compiled Java code, j=interpreted, Vv=VM code, C=native code)
V  [jvm.dll+0x6e26e9]  (no source info available)
V  [jvm.dll+0x875753]  (no source info available)
V  [jvm.dll+0x877b7e]  (no source info available)
V  [jvm.dll+0x878253]  (no source info available)
V  [jvm.dll+0x27fc86]  (no source info available)
V  [jvm.dll+0x6ded85]  (no source info available)
V  [jvm.dll+0x6d388a]  (no source info available)
V  [jvm.dll+0x358b8a]  (no source info available)
V  [jvm.dll+0x3610b6]  (no source info available)
V  [jvm.dll+0x3b419e]  (no source info available)
V  [jvm.dll+0x3b4448]  (no source info available)
V  [jvm.dll+0x32c5ec]  (no source info available)
V  [jvm.dll+0x32c677]  (no source info available)
V  [jvm.dll+0x37244c]  (no source info available)
V  [jvm.dll+0x370b46]  (no source info available)
V  [jvm.dll+0x32bcd7]  (no source info available)
V  [jvm.dll+0x370304]  (no source info available)
V  [jvm.dll+0x87e0f0]  (no source info available)
V  [jvm.dll+0x87f477]  (no source info available)
V  [jvm.dll+0x87f9f0]  (no source info available)
V  [jvm.dll+0x87fc93]  (no source info available)
V  [jvm.dll+0x81dc0b]  (no source info available)
V  [jvm.dll+0x6e0d85]  (no source info available)
C  [ucrtbase.dll+0x21bb2]  (no source info available)
C  [KERNEL32.DLL+0x17374]  (no source info available)
C  [ntdll.dll+0x4cc91]  (no source info available)

VM_Operation (0x0000005343bf6f10): G1CollectForAllocation, mode: safepoint, requested by thread 0x0000021977c6a500


---------------  P R O C E S S  ---------------

Threads class SMR info:
_java_thread_list=0x0000021951ebe430, length=24, elements={
0x0000021977c6a500, 0x000002197f79eac0, 0x000002197f7a0070, 0x000002197f7a5fe0,
0x000002197f7a6bf0, 0x000002197f7a7df0, 0x000002197f7ab360, 0x000002197f7b1a70,
0x000002190a444030, 0x000002190a447260, 0x000002190a9bacd0, 0x000002190a9bf870,
0x000002190ab42490, 0x000002190acd2f60, 0x0000021950662db0, 0x00000219506a4630,
0x000002195161c420, 0x000002195161ca90, 0x000002195161d100, 0x000002195161d770,
0x0000021950f68ec0, 0x0000021950f6a270, 0x0000021950f69be0, 0x00000219523a87e0
}

Java Threads: ( => current thread )
  0x0000021977c6a500 JavaThread "main"                              [_thread_blocked, id=8804, stack(0x0000005343b00000,0x0000005343c00000) (1024K)]
  0x000002197f79eac0 JavaThread "Reference Handler"          daemon [_thread_blocked, id=4796, stack(0x0000005344300000,0x0000005344400000) (1024K)]
  0x000002197f7a0070 JavaThread "Finalizer"                  daemon [_thread_blocked, id=10544, stack(0x0000005344400000,0x0000005344500000) (1024K)]
  0x000002197f7a5fe0 JavaThread "Signal Dispatcher"          daemon [_thread_blocked, id=4036, stack(0x0000005344500000,0x0000005344600000) (1024K)]
  0x000002197f7a6bf0 JavaThread "Attach Listener"            daemon [_thread_blocked, id=11412, stack(0x0000005344600000,0x0000005344700000) (1024K)]
  0x000002197f7a7df0 JavaThread "Service Thread"             daemon [_thread_blocked, id=10180, stack(0x0000005344700000,0x0000005344800000) (1024K)]
  0x000002197f7ab360 JavaThread "Monitor Deflation Thread"   daemon [_thread_blocked, id=10156, stack(0x0000005344800000,0x0000005344900000) (1024K)]
  0x000002197f7b1a70 JavaThread "C1 CompilerThread0"         daemon [_thread_blocked, id=15048, stack(0x0000005344900000,0x0000005344a00000) (1024K)]
  0x000002190a444030 JavaThread "Common-Cleaner"             daemon [_thread_blocked, id=6640, stack(0x0000005344a00000,0x0000005344b00000) (1024K)]
  0x000002190a447260 JavaThread "C1 CompilerThread1"         daemon [_thread_blocked, id=272, stack(0x0000005344b00000,0x0000005344c00000) (1024K)]
  0x000002190a9bacd0 JavaThread "Monitor Ctrl-Break"         daemon [_thread_in_native, id=14216, stack(0x0000005344c00000,0x0000005344d00000) (1024K)]
  0x000002190a9bf870 JavaThread "Notification Thread"        daemon [_thread_blocked, id=11076, stack(0x0000005344d00000,0x0000005344e00000) (1024K)]
  0x000002190ab42490 JavaThread "C1 CompilerThread2"         daemon [_thread_blocked, id=14092, stack(0x0000005344e00000,0x0000005344f00000) (1024K)]
  0x000002190acd2f60 JavaThread "RMI TCP Accept-0"           daemon [_thread_in_native, id=4180, stack(0x0000005345200000,0x0000005345300000) (1024K)]
  0x0000021950662db0 JavaThread "RMI TCP Connection(1)-192.168.80.1" daemon [_thread_in_native, id=13528, stack(0x0000005345300000,0x0000005345400000) (1024K)]
  0x00000219506a4630 JavaThread "RMI Scheduler(0)"           daemon [_thread_blocked, id=3640, stack(0x0000005345400000,0x0000005345500000) (1024K)]
  0x000002195161c420 JavaThread "Catalina-utility-1"                [_thread_blocked, id=704, stack(0x0000005345500000,0x0000005345600000) (1024K)]
  0x000002195161ca90 JavaThread "Catalina-utility-2"                [_thread_blocked, id=4884, stack(0x0000005345700000,0x0000005345800000) (1024K)]
  0x000002195161d100 JavaThread "container-0"                       [_thread_blocked, id=6364, stack(0x0000005345800000,0x0000005345900000) (1024K)]
  0x000002195161d770 JavaThread "mysql-cj-abandoned-connection-cleanup" daemon [_thread_blocked, id=2448, stack(0x0000005345900000,0x0000005345a00000) (1024K)]
  0x0000021950f68ec0 JavaThread "HikariPool-1 housekeeper"   daemon [_thread_blocked, id=3756, stack(0x0000005345b00000,0x0000005345c00000) (1024K)]
  0x0000021950f6a270 JavaThread "HikariPool-1 connection adder" daemon [_thread_blocked, id=12368, stack(0x0000005345c00000,0x0000005345d00000) (1024K)]
  0x0000021950f69be0 JavaThread "JMX server connection timeout 45" daemon [_thread_blocked, id=7016, stack(0x0000005345d00000,0x0000005345e00000) (1024K)]
  0x00000219523a87e0 JavaThread "RMI TCP Connection(2)-192.168.80.1" daemon [_thread_in_native, id=712, stack(0x0000005345e00000,0x0000005345f00000) (1024K)]
Total: 24

Other Threads:
=>0x000002197f780c80 VMThread "VM Thread"                           [id=4972, stack(0x0000005344200000,0x0000005344300000) (1024K)]
  0x000002197f76b130 WatcherThread "VM Periodic Task Thread"        [id=11596, stack(0x0000005344100000,0x0000005344200000) (1024K)]
  0x0000021977cc0e60 WorkerThread "GC Thread#0"                     [id=9560, stack(0x0000005343c00000,0x0000005343d00000) (1024K)]
  0x000002190ab578c0 WorkerThread "GC Thread#1"                     [id=10540, stack(0x0000005344f00000,0x0000005345000000) (1024K)]
  0x000002190ab57c70 WorkerThread "GC Thread#2"                     [id=2896, stack(0x0000005345000000,0x0000005345100000) (1024K)]
  0x000002190ab7b860 WorkerThread "GC Thread#3"                     [id=15228, stack(0x0000005345100000,0x0000005345200000) (1024K)]
  0x0000021977cd22f0 ConcurrentGCThread "G1 Main Marker"            [id=3856, stack(0x0000005343d00000,0x0000005343e00000) (1024K)]
  0x0000021977cd3660 WorkerThread "G1 Conc#0"                       [id=7948, stack(0x0000005343e00000,0x0000005343f00000) (1024K)]
  0x000002197f62c530 ConcurrentGCThread "G1 Refine#0"               [id=8988, stack(0x0000005343f00000,0x0000005344000000) (1024K)]
  0x000002197f62e6c0 ConcurrentGCThread "G1 Service"                [id=10712, stack(0x0000005344000000,0x0000005344100000) (1024K)]
Total: 10

Threads with active compile tasks:
Total: 0

VM state: at safepoint (normal execution)

VM Mutex/Monitor currently owned by a thread:  ([mutex/lock_event])
[0x00007ffa2bcfcb80] Threads_lock - owner thread: 0x000002197f780c80
[0x00007ffa2bcfcc80] Heap_lock - owner thread: 0x0000021977c6a500

Heap address: 0x0000000081400000, size: 2028 MB, Compressed Oops mode: 32-bit

CDS archive(s) mapped at: [0x000002190b000000-0x000002190bc60000-0x000002190bc60000), size 12976128, SharedBaseAddress: 0x000002190b000000, ArchiveRelocationMode: 1.
Compressed class space mapped at: 0x000002190c000000-0x000002194c000000, reserved size: 1073741824
Narrow klass base: 0x000002190b000000, Narrow klass shift: 0, Narrow klass range: 0x41000000

GC Precious Log:
 CardTable entry size: 512
 Card Set container configuration: InlinePtr #cards 5 size 8 Array Of Cards #cards 12 size 40 Howl #buckets 4 coarsen threshold 1843 Howl Bitmap #cards 512 size 80 coarsen threshold 460 Card regions per heap region 1 cards per card region 2048
 CPUs: 4 total, 4 available
 Memory: 8107M
 Large Page Support: Disabled
 NUMA Support: Disabled
 Compressed Oops: Enabled (32-bit)
 Heap Region Size: 1M
 Heap Min Capacity: 8M
 Heap Initial Capacity: 128M
 Heap Max Capacity: 2028M
 Pre-touch: Disabled
 Parallel Workers: 4
 Concurrent Workers: 1
 Concurrent Refinement Workers: 4
 Periodic GC: Disabled

Heap:
 garbage-first heap   total reserved 2076672K, committed 62464K, used 33238K [0x0000000081400000, 0x0000000100000000)
  region size 1024K, 1 young (1024K), 1 survivors (1024K)
 Metaspace       used 64114K, committed 64896K, reserved 1114112K
  class space    used 9443K, committed 9792K, reserved 1048576K

Heap Regions: E=young(eden), S=young(survivor), O=old, HS=humongous(starts), HC=humongous(continues), CS=collection set, F=free, TAMS=top-at-mark-start, PB=parsable bottom
|   0|0x0000000081400000, 0x0000000081500000, 0x0000000081500000|100%|HS|  |TAMS 0x0000000081500000| PB 0x0000000081400000| Complete |  0
|   1|0x0000000081500000, 0x0000000081600000, 0x0000000081600000|100%|HS|  |TAMS 0x0000000081600000| PB 0x0000000081500000| Complete |  0
|   2|0x0000000081600000, 0x0000000081700000, 0x0000000081700000|100%| O|  |TAMS 0x0000000081700000| PB 0x0000000081600000| Untracked |  0
|   3|0x0000000081700000, 0x0000000081800000, 0x0000000081800000|100%| O|  |TAMS 0x0000000081800000| PB 0x0000000081700000| Untracked |  0
|   4|0x0000000081800000, 0x0000000081900000, 0x0000000081900000|100%| O|  |TAMS 0x0000000081900000| PB 0x0000000081800000| Untracked |  0
|   5|0x0000000081900000, 0x0000000081a00000, 0x0000000081a00000|100%| O|  |TAMS 0x0000000081a00000| PB 0x0000000081900000| Untracked |  0
|   6|0x0000000081a00000, 0x0000000081b00000, 0x0000000081b00000|100%| O|  |TAMS 0x0000000081b00000| PB 0x0000000081a00000| Untracked |  0
|   7|0x0000000081b00000, 0x0000000081c00000, 0x0000000081c00000|100%| O|  |TAMS 0x0000000081c00000| PB 0x0000000081b00000| Untracked |  0
|   8|0x0000000081c00000, 0x0000000081d00000, 0x0000000081d00000|100%| O|  |TAMS 0x0000000081d00000| PB 0x0000000081c00000| Untracked |  0
|   9|0x0000000081d00000, 0x0000000081e00000, 0x0000000081e00000|100%| O|  |TAMS 0x0000000081e00000| PB 0x0000000081d00000| Untracked |  0
|  10|0x0000000081e00000, 0x0000000081f00000, 0x0000000081f00000|100%| O|  |TAMS 0x0000000081f00000| PB 0x0000000081e00000| Untracked |  0
|  11|0x0000000081f00000, 0x0000000082000000, 0x0000000082000000|100%| O|  |TAMS 0x0000000082000000| PB 0x0000000081f00000| Untracked |  0
|  12|0x0000000082000000, 0x0000000082100000, 0x0000000082100000|100%| O|  |TAMS 0x0000000082100000| PB 0x0000000082000000| Untracked |  0
|  13|0x0000000082100000, 0x0000000082200000, 0x0000000082200000|100%| O|  |TAMS 0x0000000082200000| PB 0x0000000082100000| Untracked |  0
|  14|0x0000000082200000, 0x0000000082300000, 0x0000000082300000|100%| O|  |TAMS 0x0000000082300000| PB 0x0000000082200000| Untracked |  0
|  15|0x0000000082300000, 0x0000000082400000, 0x0000000082400000|100%| O|  |TAMS 0x0000000082400000| PB 0x0000000082300000| Untracked |  0
|  16|0x0000000082400000, 0x0000000082500000, 0x0000000082500000|100%| O|  |TAMS 0x0000000082500000| PB 0x0000000082400000| Untracked |  0
|  17|0x0000000082500000, 0x0000000082600000, 0x0000000082600000|100%| O|  |TAMS 0x0000000082600000| PB 0x0000000082500000| Untracked |  0
|  18|0x0000000082600000, 0x0000000082700000, 0x0000000082700000|100%| O|  |TAMS 0x0000000082700000| PB 0x0000000082600000| Untracked |  0
|  19|0x0000000082700000, 0x0000000082800000, 0x0000000082800000|100%| O|  |TAMS 0x0000000082800000| PB 0x0000000082700000| Untracked |  0
|  20|0x0000000082800000, 0x0000000082800000, 0x0000000082900000|  0%| F|  |TAMS 0x0000000082800000| PB 0x0000000082800000| Untracked |  0
|  21|0x0000000082900000, 0x0000000082a00000, 0x0000000082a00000|100%| O|  |TAMS 0x0000000082a00000| PB 0x0000000082900000| Untracked |  0
|  22|0x0000000082a00000, 0x0000000082b00000, 0x0000000082b00000|100%| O|  |TAMS 0x0000000082b00000| PB 0x0000000082a00000| Untracked |  0
|  23|0x0000000082b00000, 0x0000000082c00000, 0x0000000082c00000|100%| O|  |TAMS 0x0000000082c00000| PB 0x0000000082b00000| Untracked |  0
|  24|0x0000000082c00000, 0x0000000082d00000, 0x0000000082d00000|100%| O|  |TAMS 0x0000000082d00000| PB 0x0000000082c00000| Untracked |  0
|  25|0x0000000082d00000, 0x0000000082e00000, 0x0000000082e00000|100%| O|  |TAMS 0x0000000082e00000| PB 0x0000000082d00000| Untracked |  0
|  26|0x0000000082e00000, 0x0000000082f00000, 0x0000000082f00000|100%| O|  |TAMS 0x0000000082f00000| PB 0x0000000082e00000| Untracked |  0
|  27|0x0000000082f00000, 0x0000000082f00000, 0x0000000083000000|  0%| F|  |TAMS 0x0000000082f00000| PB 0x0000000082f00000| Untracked |  0
|  28|0x0000000083000000, 0x0000000083000000, 0x0000000083100000|  0%| F|  |TAMS 0x0000000083000000| PB 0x0000000083000000| Untracked |  0
|  29|0x0000000083100000, 0x0000000083200000, 0x0000000083200000|100%| O|  |TAMS 0x0000000083200000| PB 0x0000000083100000| Untracked |  0
|  30|0x0000000083200000, 0x0000000083300000, 0x0000000083300000|100%| O|  |TAMS 0x0000000083300000| PB 0x0000000083200000| Untracked |  0
|  31|0x0000000083300000, 0x0000000083300000, 0x0000000083400000|  0%| F|  |TAMS 0x0000000083300000| PB 0x0000000083300000| Untracked |  0
|  32|0x0000000083400000, 0x0000000083400000, 0x0000000083500000|  0%| F|  |TAMS 0x0000000083400000| PB 0x0000000083400000| Untracked |  0
|  33|0x0000000083500000, 0x0000000083600000, 0x0000000083600000|100%| O|  |TAMS 0x0000000083600000| PB 0x0000000083500000| Untracked |  0
|  34|0x0000000083600000, 0x0000000083700000, 0x0000000083700000|100%| O|  |TAMS 0x0000000083700000| PB 0x0000000083600000| Untracked |  0
|  35|0x0000000083700000, 0x0000000083800000, 0x0000000083800000|100%| O|  |TAMS 0x0000000083800000| PB 0x0000000083700000| Untracked |  0
|  36|0x0000000083800000, 0x00000000838ecff0, 0x0000000083900000| 92%| O|  |TAMS 0x0000000083844c70| PB 0x0000000083800000| Untracked |  0
|  37|0x0000000083900000, 0x0000000083900000, 0x0000000083a00000|  0%| F|  |TAMS 0x0000000083900000| PB 0x0000000083900000| Untracked |  0
|  38|0x0000000083a00000, 0x0000000083a00000, 0x0000000083b00000|  0%| F|  |TAMS 0x0000000083a00000| PB 0x0000000083a00000| Untracked |  0
|  39|0x0000000083b00000, 0x0000000083b00000, 0x0000000083c00000|  0%| F|  |TAMS 0x0000000083b00000| PB 0x0000000083b00000| Untracked |  0
|  40|0x0000000083c00000, 0x0000000083c88a40, 0x0000000083d00000| 53%| S|CS|TAMS 0x0000000083c00000| PB 0x0000000083c00000| Complete |  0
|  41|0x0000000083d00000, 0x0000000083d00000, 0x0000000083e00000|  0%| F|  |TAMS 0x0000000083d00000| PB 0x0000000083d00000| Untracked |  0
|  42|0x0000000083e00000, 0x0000000083e00000, 0x0000000083f00000|  0%| F|  |TAMS 0x0000000083e00000| PB 0x0000000083e00000| Untracked |  0
|  43|0x0000000083f00000, 0x0000000083f00000, 0x0000000084000000|  0%| F|  |TAMS 0x0000000083f00000| PB 0x0000000083f00000| Untracked |  0
|  44|0x0000000084000000, 0x0000000084000000, 0x0000000084100000|  0%| F|  |TAMS 0x0000000084000000| PB 0x0000000084000000| Untracked |  0
|  45|0x0000000084100000, 0x0000000084100000, 0x0000000084200000|  0%| F|  |TAMS 0x0000000084100000| PB 0x0000000084100000| Untracked |  0
|  46|0x0000000084200000, 0x0000000084200000, 0x0000000084300000|  0%| F|  |TAMS 0x0000000084200000| PB 0x0000000084200000| Untracked |  0
|  47|0x0000000084300000, 0x0000000084300000, 0x0000000084400000|  0%| F|  |TAMS 0x0000000084300000| PB 0x0000000084300000| Untracked |  0
|  48|0x0000000084400000, 0x0000000084400000, 0x0000000084500000|  0%| F|  |TAMS 0x0000000084400000| PB 0x0000000084400000| Untracked |  0
|  49|0x0000000084500000, 0x0000000084500000, 0x0000000084600000|  0%| F|  |TAMS 0x0000000084500000| PB 0x0000000084500000| Untracked |  0
|  50|0x0000000084600000, 0x0000000084600000, 0x0000000084700000|  0%| F|  |TAMS 0x0000000084600000| PB 0x0000000084600000| Untracked |  0
|  51|0x0000000084700000, 0x0000000084700000, 0x0000000084800000|  0%| F|  |TAMS 0x0000000084700000| PB 0x0000000084700000| Untracked |  0
|  96|0x0000000087400000, 0x0000000087400000, 0x0000000087500000|  0%| F|  |TAMS 0x0000000087400000| PB 0x0000000087400000| Untracked |  0
|  97|0x0000000087500000, 0x0000000087500000, 0x0000000087600000|  0%| F|  |TAMS 0x0000000087500000| PB 0x0000000087500000| Untracked |  0
|  98|0x0000000087600000, 0x0000000087600000, 0x0000000087700000|  0%| F|  |TAMS 0x0000000087600000| PB 0x0000000087600000| Untracked |  0
|  99|0x0000000087700000, 0x0000000087700000, 0x0000000087800000|  0%| F|  |TAMS 0x0000000087700000| PB 0x0000000087700000| Untracked |  0
| 100|0x0000000087800000, 0x0000000087800000, 0x0000000087900000|  0%| F|  |TAMS 0x0000000087800000| PB 0x0000000087800000| Untracked |  0
| 101|0x0000000087900000, 0x0000000087900000, 0x0000000087a00000|  0%| F|  |TAMS 0x0000000087900000| PB 0x0000000087900000| Untracked |  0
| 102|0x0000000087a00000, 0x0000000087a00000, 0x0000000087b00000|  0%| F|  |TAMS 0x0000000087a00000| PB 0x0000000087a00000| Untracked |  0
| 126|0x0000000089200000, 0x0000000089200000, 0x0000000089300000|  0%| F|  |TAMS 0x0000000089200000| PB 0x0000000089200000| Untracked |  0
| 127|0x0000000089300000, 0x0000000089300000, 0x0000000089400000|  0%| F|  |TAMS 0x0000000089300000| PB 0x0000000089300000| Untracked |  0

Card table byte_map: [0x000002197cdb0000,0x000002197d1b0000] _byte_map_base: 0x000002197c9a6000

Marking Bits: (CMBitMap*) 0x0000021977cc1c90
 Bits: [0x000002197d1b0000, 0x000002197f160000)

Polling page: 0x0000021977d20000

Metaspace:

Usage:
  Non-class:     53.39 MB used.
      Class:      9.22 MB used.
       Both:     62.61 MB used.

Virtual space:
  Non-class space:       64.00 MB reserved,      53.81 MB ( 84%) committed,  1 nodes.
      Class space:        1.00 GB reserved,       9.56 MB ( <1%) committed,  1 nodes.
             Both:        1.06 GB reserved,      63.38 MB (  6%) committed. 

Chunk freelists:
   Non-Class:  10.22 MB
       Class:  6.41 MB
        Both:  16.62 MB

MaxMetaspaceSize: unlimited
CompressedClassSpaceSize: 1.00 GB
Initial GC threshold: 21.00 MB
Current GC threshold: 99.31 MB
CDS: on
 - commit_granule_bytes: 65536.
 - commit_granule_words: 8192.
 - virtual_space_node_default_size: 8388608.
 - enlarge_chunks_in_place: 1.
 - use_allocation_guard: 0.


Internal statistics:

num_allocs_failed_limit: 9.
num_arena_births: 1014.
num_arena_deaths: 0.
num_vsnodes_births: 2.
num_vsnodes_deaths: 0.
num_space_committed: 1014.
num_space_uncommitted: 0.
num_chunks_returned_to_freelist: 9.
num_chunks_taken_from_freelist: 3224.
num_chunk_merges: 6.
num_chunk_splits: 2405.
num_chunks_enlarged: 1903.
num_inconsistent_stats: 0.

CodeCache: size=49152Kb used=12032Kb max_used=12032Kb free=37119Kb
 bounds [0x0000021979510000, 0x000002197a0e0000, 0x000002197c510000]
 total_blobs=6892 nmethods=6172 adapters=642
 compilation: enabled
              stopped_count=0, restarted_count=0
 full_count=0

Compilation events (20 events):
Event: 6.793 Thread 0x000002190ab42490 6239       1       org.antlr.v4.runtime.misc.Array2DHashSet::<init> (61 bytes)
Event: 6.794 Thread 0x000002190ab42490 nmethod 6239 0x000002197a0cb610 code [0x000002197a0cb800, 0x000002197a0cba68]
Event: 6.794 Thread 0x000002190a447260 6240       1       org.antlr.v4.runtime.misc.FlexibleHashMap::expand (151 bytes)
Event: 6.794 Thread 0x000002190ab42490 6241       1       org.antlr.v4.runtime.misc.FlexibleHashMap::size (5 bytes)
Event: 6.794 Thread 0x000002190ab42490 nmethod 6241 0x000002197a0cbb90 code [0x000002197a0cbd20, 0x000002197a0cbde8]
Event: 6.795 Thread 0x000002190a447260 nmethod 6240 0x000002197a0cbe90 code [0x000002197a0cc0c0, 0x000002197a0cc610]
Event: 6.807 Thread 0x000002190ab42490 6242       1       org.antlr.v4.runtime.atn.ParserATNSimulator::actionTransition (60 bytes)
Event: 6.807 Thread 0x000002190ab42490 nmethod 6242 0x000002197a0cc910 code [0x000002197a0ccb20, 0x000002197a0ccf20]
Event: 6.812 Thread 0x000002190ab42490 6243       1       sun.util.logging.internal.LoggingProviderImpl$JULWrapper::isLoggable (12 bytes)
Event: 6.812 Thread 0x000002190ab42490 nmethod 6243 0x000002197a0cd190 code [0x000002197a0cd340, 0x000002197a0cd468]
Event: 6.837 Thread 0x000002190a447260 6244       1       org.antlr.v4.runtime.atn.ParserATNSimulator::precedenceTransition (266 bytes)
Event: 6.839 Thread 0x000002190a447260 nmethod 6244 0x000002197a0cd590 code [0x000002197a0cd960, 0x000002197a0ce8a0]
Event: 6.840 Thread 0x000002197f7b1a70 6245       1       org.antlr.v4.runtime.atn.ATNConfigSet::iterator (8 bytes)
Event: 6.840 Thread 0x000002197f7b1a70 nmethod 6245 0x000002197a0cf290 code [0x000002197a0cf420, 0x000002197a0cf5a8]
Event: 6.846 Thread 0x000002190ab42490 6246       1       org.antlr.v4.runtime.atn.StarLoopbackState::getStateType (3 bytes)
Event: 6.846 Thread 0x000002190ab42490 nmethod 6246 0x000002197a0cf690 code [0x000002197a0cf820, 0x000002197a0cf8e8]
Event: 6.847 Thread 0x000002190ab42490 6247       1       java.util.ArrayList$ListItr::previous (59 bytes)
Event: 6.847 Thread 0x000002190ab42490 nmethod 6247 0x000002197a0cf990 code [0x000002197a0cfb60, 0x000002197a0cfe70]
Event: 6.847 Thread 0x000002197f7b1a70 6248       1       org.antlr.v4.runtime.Recognizer::getInterpreter (5 bytes)
Event: 6.847 Thread 0x000002197f7b1a70 nmethod 6248 0x000002197a0d0090 code [0x000002197a0d0220, 0x000002197a0d02e8]

GC Heap History (20 events):
Event: 2.800 GC heap after
{Heap after GC invocations=7 (full 0):
 garbage-first heap   total reserved 2076672K, committed 51200K, used 18900K [0x0000000081400000, 0x0000000100000000)
  region size 1024K, 2 young (2048K), 2 survivors (2048K)
 Metaspace       used 26395K, committed 26816K, reserved 1114112K
  class space    used 3615K, committed 3776K, reserved 1048576K
}
Event: 3.216 GC heap before
{Heap before GC invocations=7 (full 0):
 garbage-first heap   total reserved 2076672K, committed 51200K, used 41428K [0x0000000081400000, 0x0000000100000000)
  region size 1024K, 24 young (24576K), 2 survivors (2048K)
 Metaspace       used 29598K, committed 30208K, reserved 1114112K
  class space    used 4140K, committed 4416K, reserved 1048576K
}
Event: 3.224 GC heap after
{Heap after GC invocations=8 (full 0):
 garbage-first heap   total reserved 2076672K, committed 51200K, used 21028K [0x0000000081400000, 0x0000000100000000)
  region size 1024K, 3 young (3072K), 3 survivors (3072K)
 Metaspace       used 29598K, committed 30208K, reserved 1114112K
  class space    used 4140K, committed 4416K, reserved 1048576K
}
Event: 3.625 GC heap before
{Heap before GC invocations=8 (full 0):
 garbage-first heap   total reserved 2076672K, committed 51200K, used 41508K [0x0000000081400000, 0x0000000100000000)
  region size 1024K, 24 young (24576K), 3 survivors (3072K)
 Metaspace       used 32837K, committed 33344K, reserved 1114112K
  class space    used 4580K, committed 4800K, reserved 1048576K
}
Event: 3.636 GC heap after
{Heap after GC invocations=9 (full 0):
 garbage-first heap   total reserved 2076672K, committed 61440K, used 23261K [0x0000000081400000, 0x0000000100000000)
  region size 1024K, 2 young (2048K), 2 survivors (2048K)
 Metaspace       used 32837K, committed 33344K, reserved 1114112K
  class space    used 4580K, committed 4800K, reserved 1048576K
}
Event: 3.989 GC heap before
{Heap before GC invocations=9 (full 0):
 garbage-first heap   total reserved 2076672K, committed 61440K, used 46813K [0x0000000081400000, 0x0000000100000000)
  region size 1024K, 27 young (27648K), 2 survivors (2048K)
 Metaspace       used 35584K, committed 36160K, reserved 1114112K
  class space    used 4981K, committed 5184K, reserved 1048576K
}
Event: 3.994 GC heap after
{Heap after GC invocations=10 (full 0):
 garbage-first heap   total reserved 2076672K, committed 61440K, used 24256K [0x0000000081400000, 0x0000000100000000)
  region size 1024K, 3 young (3072K), 3 survivors (3072K)
 Metaspace       used 35584K, committed 36160K, reserved 1114112K
  class space    used 4981K, committed 5184K, reserved 1048576K
}
Event: 4.558 GC heap before
{Heap before GC invocations=11 (full 0):
 garbage-first heap   total reserved 2076672K, committed 61440K, used 52928K [0x0000000081400000, 0x0000000100000000)
  region size 1024K, 31 young (31744K), 3 survivors (3072K)
 Metaspace       used 43066K, committed 43712K, reserved 1114112K
  class space    used 6117K, committed 6400K, reserved 1048576K
}
Event: 4.564 GC heap after
{Heap after GC invocations=12 (full 0):
 garbage-first heap   total reserved 2076672K, committed 61440K, used 26600K [0x0000000081400000, 0x0000000100000000)
  region size 1024K, 4 young (4096K), 4 survivors (4096K)
 Metaspace       used 43066K, committed 43712K, reserved 1114112K
  class space    used 6117K, committed 6400K, reserved 1048576K
}
Event: 5.173 GC heap before
{Heap before GC invocations=12 (full 0):
 garbage-first heap   total reserved 2076672K, committed 61440K, used 53224K [0x0000000081400000, 0x0000000100000000)
  region size 1024K, 30 young (30720K), 4 survivors (4096K)
 Metaspace       used 49913K, committed 50560K, reserved 1114112K
  class space    used 7029K, committed 7296K, reserved 1048576K
}
Event: 5.179 GC heap after
{Heap after GC invocations=13 (full 0):
 garbage-first heap   total reserved 2076672K, committed 61440K, used 27935K [0x0000000081400000, 0x0000000100000000)
  region size 1024K, 3 young (3072K), 3 survivors (3072K)
 Metaspace       used 49913K, committed 50560K, reserved 1114112K
  class space    used 7029K, committed 7296K, reserved 1048576K
}
Event: 5.778 GC heap before
{Heap before GC invocations=13 (full 0):
 garbage-first heap   total reserved 2076672K, committed 61440K, used 52511K [0x0000000081400000, 0x0000000100000000)
  region size 1024K, 27 young (27648K), 3 survivors (3072K)
 Metaspace       used 55675K, committed 56320K, reserved 1114112K
  class space    used 8031K, committed 8320K, reserved 1048576K
}
Event: 5.782 GC heap after
{Heap after GC invocations=14 (full 0):
 garbage-first heap   total reserved 2076672K, committed 61440K, used 28682K [0x0000000081400000, 0x0000000100000000)
  region size 1024K, 3 young (3072K), 3 survivors (3072K)
 Metaspace       used 55675K, committed 56320K, reserved 1114112K
  class space    used 8031K, committed 8320K, reserved 1048576K
}
Event: 6.230 GC heap before
{Heap before GC invocations=14 (full 0):
 garbage-first heap   total reserved 2076672K, committed 61440K, used 46090K [0x0000000081400000, 0x0000000100000000)
  region size 1024K, 22 young (22528K), 3 survivors (3072K)
 Metaspace       used 60000K, committed 60736K, reserved 1114112K
  class space    used 8657K, committed 8960K, reserved 1048576K
}
Event: 6.235 GC heap after
{Heap after GC invocations=15 (full 0):
 garbage-first heap   total reserved 2076672K, committed 61440K, used 30076K [0x0000000081400000, 0x0000000100000000)
  region size 1024K, 3 young (3072K), 3 survivors (3072K)
 Metaspace       used 60000K, committed 60736K, reserved 1114112K
  class space    used 8657K, committed 8960K, reserved 1048576K
}
Event: 6.676 GC heap before
{Heap before GC invocations=16 (full 0):
 garbage-first heap   total reserved 2076672K, committed 61440K, used 54652K [0x0000000081400000, 0x0000000100000000)
  region size 1024K, 27 young (27648K), 3 survivors (3072K)
 Metaspace       used 64079K, committed 64832K, reserved 1114112K
  class space    used 9437K, committed 9792K, reserved 1048576K
}
Event: 6.682 GC heap after
{Heap after GC invocations=17 (full 0):
 garbage-first heap   total reserved 2076672K, committed 61440K, used 32404K [0x0000000081400000, 0x0000000100000000)
  region size 1024K, 4 young (4096K), 4 survivors (4096K)
 Metaspace       used 64079K, committed 64832K, reserved 1114112K
  class space    used 9437K, committed 9792K, reserved 1048576K
}
Event: 6.758 GC heap before
{Heap before GC invocations=17 (full 0):
 garbage-first heap   total reserved 2076672K, committed 61440K, used 53908K [0x0000000081400000, 0x0000000100000000)
  region size 1024K, 25 young (25600K), 4 survivors (4096K)
 Metaspace       used 64108K, committed 64896K, reserved 1114112K
  class space    used 9443K, committed 9792K, reserved 1048576K
}
Event: 6.769 GC heap after
{Heap after GC invocations=18 (full 0):
 garbage-first heap   total reserved 2076672K, committed 62464K, used 35055K [0x0000000081400000, 0x0000000100000000)
  region size 1024K, 3 young (3072K), 3 survivors (3072K)
 Metaspace       used 64108K, committed 64896K, reserved 1114112K
  class space    used 9443K, committed 9792K, reserved 1048576K
}
Event: 6.857 GC heap before
{Heap before GC invocations=18 (full 0):
 garbage-first heap   total reserved 2076672K, committed 62464K, used 54511K [0x0000000081400000, 0x0000000100000000)
  region size 1024K, 22 young (22528K), 3 survivors (3072K)
 Metaspace       used 64114K, committed 64896K, reserved 1114112K
  class space    used 9443K, committed 9792K, reserved 1048576K
}

Dll operation events (13 events):
Event: 0.012 Loaded shared library C:\Users\hp\.jdks\openjdk-22.0.2\bin\java.dll
Event: 0.308 Loaded shared library C:\Users\hp\.jdks\openjdk-22.0.2\bin\zip.dll
Event: 0.313 Loaded shared library C:\Users\hp\.jdks\openjdk-22.0.2\bin\instrument.dll
Event: 0.322 Loaded shared library C:\Users\hp\.jdks\openjdk-22.0.2\bin\net.dll
Event: 0.325 Loaded shared library C:\Users\hp\.jdks\openjdk-22.0.2\bin\nio.dll
Event: 0.331 Loaded shared library C:\Users\hp\.jdks\openjdk-22.0.2\bin\zip.dll
Event: 0.494 Loaded shared library C:\Program Files\JetBrains\IntelliJ IDEA 2024.3.1.1\bin\breakgen64.dll
Event: 0.501 Loaded shared library C:\Users\hp\.jdks\openjdk-22.0.2\bin\jimage.dll
Event: 0.508 Loaded shared library C:\Users\hp\.jdks\openjdk-22.0.2\bin\extnet.dll
Event: 0.525 Loaded shared library C:\Users\hp\.jdks\openjdk-22.0.2\bin\management.dll
Event: 0.541 Loaded shared library C:\Users\hp\.jdks\openjdk-22.0.2\bin\management_ext.dll
Event: 2.078 Loaded shared library C:\Users\hp\.jdks\openjdk-22.0.2\bin\sunmscapi.dll
Event: 4.220 Loaded shared library C:\Users\hp\.jdks\openjdk-22.0.2\bin\verify.dll

Deoptimization events (2 events):
Event: 3.160 Thread 0x0000021977c6a500 DEOPT PACKING pc=0x0000021979c979ec sp=0x0000005343bfc290
Event: 3.160 Thread 0x0000021977c6a500 DEOPT UNPACKING pc=0x0000021979564e42 sp=0x0000005343bfb748 mode 0

Classes loaded (20 events):
Event: 6.448 Loading class java/lang/Package$1PackageInfoProxy
Event: 6.448 Loading class java/lang/Package$1PackageInfoProxy done
Event: 6.475 Loading class java/util/stream/ReduceOps$5
Event: 6.475 Loading class java/util/stream/ReduceOps$5 done
Event: 6.475 Loading class java/util/stream/ReduceOps$CountingSink$OfRef
Event: 6.475 Loading class java/util/stream/ReduceOps$CountingSink
Event: 6.475 Loading class java/util/stream/ReduceOps$CountingSink done
Event: 6.475 Loading class java/util/stream/ReduceOps$CountingSink$OfRef done
Event: 6.499 Loading class java/util/regex/Pattern$Bound
Event: 6.503 Loading class java/util/regex/Pattern$Bound done
Event: 6.503 Loading class java/util/regex/Pattern$SliceI
Event: 6.503 Loading class java/util/regex/Pattern$SliceI done
Event: 6.503 Loading class java/util/regex/Pattern$LookBehindEndNode
Event: 6.503 Loading class java/util/regex/Pattern$LookBehindEndNode done
Event: 6.503 Loading class java/util/regex/Pattern$NotBehind
Event: 6.504 Loading class java/util/regex/Pattern$NotBehind done
Event: 6.504 Loading class java/util/regex/Pattern$Behind
Event: 6.504 Loading class java/util/regex/Pattern$Behind done
Event: 6.604 Loading class java/io/InvalidClassException
Event: 6.604 Loading class java/io/InvalidClassException done

Classes unloaded (0 events):
No events

Classes redefined (0 events):
No events

Internal exceptions (20 events):
Event: 5.884 Thread 0x0000021977c6a500 Exception <a 'java/lang/NoSuchMethodError'{0x0000000087866c08}: 'void java.lang.invoke.DirectMethodHandle$Holder.invokeInterface(java.lang.Object, java.lang.Object, int, java.lang.Object)'> (0x0000000087866c08) 
thrown [s\open\src\hotspot\share\interpreter\linkResolver.cpp, line 774]
Event: 5.886 Thread 0x0000021977c6a500 Exception <a 'java/lang/NoSuchMethodError'{0x0000000087889720}: 'java.lang.Object java.lang.invoke.DirectMethodHandle$Holder.newInvokeSpecial(java.lang.Object, java.lang.Object, int, java.lang.Object)'> (0x0000000087889720) 
thrown [s\open\src\hotspot\share\interpreter\linkResolver.cpp, line 774]
Event: 5.886 Thread 0x0000021977c6a500 Exception <a 'java/lang/NoSuchMethodError'{0x000000008788d0f0}: 'java.lang.Object java.lang.invoke.Invokers$Holder.linkToTargetMethod(java.lang.Object, int, java.lang.Object, java.lang.Object)'> (0x000000008788d0f0) 
thrown [s\open\src\hotspot\share\interpreter\linkResolver.cpp, line 774]
Event: 5.902 Thread 0x0000021977c6a500 Exception <a 'java/lang/NoSuchMethodError'{0x000000008774fb60}: 'void java.lang.invoke.DirectMethodHandle$Holder.invokeSpecial(java.lang.Object, java.lang.Object, java.lang.Object, java.lang.Object, java.lang.Object, java.lang.Object, java.lang.Object, java.lang.Object)'> (0x000000008774fb60) 
thrown [s\open\src\hotspot\share\interpreter\linkResolver.cpp, line 774]
Event: 5.906 Thread 0x0000021977c6a500 Exception <a 'java/lang/NoSuchMethodError'{0x0000000087788a48}: 'void java.lang.invoke.DirectMethodHandle$Holder.invokeSpecial(java.lang.Object, java.lang.Object, int, java.lang.Object)'> (0x0000000087788a48) 
thrown [s\open\src\hotspot\share\interpreter\linkResolver.cpp, line 774]
Event: 5.906 Thread 0x0000021977c6a500 Exception <a 'java/lang/NoSuchMethodError'{0x000000008778ee50}: 'java.lang.Object java.lang.invoke.DirectMethodHandle$Holder.newInvokeSpecial(java.lang.Object, java.lang.Object, int)'> (0x000000008778ee50) 
thrown [s\open\src\hotspot\share\interpreter\linkResolver.cpp, line 774]
Event: 5.929 Thread 0x0000021977c6a500 Exception <a 'java/lang/NoSuchMethodError'{0x00000000876d7668}: 'int java.lang.invoke.DirectMethodHandle$Holder.invokeStatic(java.lang.Object, int, java.lang.Object)'> (0x00000000876d7668) 
thrown [s\open\src\hotspot\share\interpreter\linkResolver.cpp, line 774]
Event: 5.930 Thread 0x0000021977c6a500 Exception <a 'java/lang/NoSuchMethodError'{0x00000000876f4320}: 'java.lang.Object java.lang.invoke.DirectMethodHandle$Holder.newInvokeSpecial(java.lang.Object, java.lang.Object, java.lang.Object, java.lang.Object, java.lang.Object, int, java.lang.Object)'> (0x00000000876f4320) 
thrown [s\open\src\hotspot\share\interpreter\linkResolver.cpp, line 774]
Event: 5.934 Thread 0x0000021977c6a500 Exception <a 'java/lang/NoSuchMethodError'{0x0000000087527e38}: 'java.lang.Object java.lang.invoke.DirectMethodHandle$Holder.newInvokeSpecial(java.lang.Object, java.lang.Object, java.lang.Object, java.lang.Object, java.lang.Object, java.lang.Object, java.lang.Object, java.lang.Object, java.lang.Object, java.lang.Object, java.lang.Object, java.lang.Object)'> (0x0000000087527e38) 
thrown [s\open\src\hotspot\share\interpreter\linkResolver.cpp, line 774]
Event: 5.934 Thread 0x0000021977c6a500 Exception <a 'java/lang/NoSuchMethodError'{0x000000008752c760}: 'java.lang.Object java.lang.invoke.DirectMethodHandle$Holder.invokeSpecial(java.lang.Object, java.lang.Object, java.lang.Object, java.lang.Object, java.lang.Object, java.lang.Object, java.lang.Object, java.lang.Object, java.lang.Object, java.lang.Object, java.lang.Object, java.lang.Object, java.lang.Object)'> (0x000000008752c760) 
thrown [s\open\src\hotspot\share\interpreter\linkResolver.cpp, line 774]
Event: 5.934 Thread 0x0000021977c6a500 Exception <a 'java/lang/NoSuchMethodError'{0x0000000087530c48}: 'java.lang.Object java.lang.invoke.Invokers$Holder.linkToTargetMethod(java.lang.Object, java.lang.Object, java.lang.Object, java.lang.Object, java.lang.Object, java.lang.Object, java.lang.Object, java.lang.Object, java.lang.Object, java.lang.Object, java.lang.Object, java.lang.Object)'> (0x0000000087530c48) 
thrown [s\open\src\hotspot\share\interpreter\linkResolver.cpp, line 774]
Event: 5.961 Thread 0x0000021977c6a500 Exception <a 'java/lang/IncompatibleClassChangeError'{0x00000000874944f0}: Found class java.lang.Object, but interface was expected> (0x00000000874944f0) 
thrown [s\open\src\hotspot\share\interpreter\linkResolver.cpp, line 841]
Event: 5.973 Thread 0x0000021977c6a500 Exception <a 'java/lang/NoSuchMethodError'{0x000000008462d010}: 'java.lang.Object java.lang.invoke.DirectMethodHandle$Holder.newInvokeSpecial(java.lang.Object, java.lang.Object, int, java.lang.Object, int, java.lang.Object, java.lang.Object)'> (0x000000008462d010) 
thrown [s\open\src\hotspot\share\interpreter\linkResolver.cpp, line 774]
Event: 5.981 Thread 0x0000021977c6a500 Exception <a 'java/lang/NoSuchMethodError'{0x000000008469eea0}: 'java.lang.Object java.lang.invoke.DirectMethodHandle$Holder.newInvokeSpecial(java.lang.Object, java.lang.Object, java.lang.Object, java.lang.Object, java.lang.Object, java.lang.Object, java.lang.Object, int)'> (0x000000008469eea0) 
thrown [s\open\src\hotspot\share\interpreter\linkResolver.cpp, line 774]
Event: 5.982 Thread 0x0000021977c6a500 Exception <a 'java/lang/NoSuchMethodError'{0x00000000846a34e0}: 'java.lang.Object java.lang.invoke.DirectMethodHandle$Holder.invokeSpecial(java.lang.Object, java.lang.Object, java.lang.Object, java.lang.Object, java.lang.Object, java.lang.Object, java.lang.Object, java.lang.Object, int)'> (0x00000000846a34e0) 
thrown [s\open\src\hotspot\share\interpreter\linkResolver.cpp, line 774]
Event: 5.982 Thread 0x0000021977c6a500 Exception <a 'java/lang/NoSuchMethodError'{0x00000000846a7508}: 'java.lang.Object java.lang.invoke.Invokers$Holder.linkToTargetMethod(java.lang.Object, java.lang.Object, java.lang.Object, java.lang.Object, java.lang.Object, java.lang.Object, int, java.lang.Object)'> (0x00000000846a7508) 
thrown [s\open\src\hotspot\share\interpreter\linkResolver.cpp, line 774]
Event: 6.169 Thread 0x0000021977c6a500 Exception <a 'java/lang/NoSuchMethodError'{0x0000000084033678}: 'java.lang.Object java.lang.invoke.DirectMethodHandle$Holder.invokeSpecial(java.lang.Object, java.lang.Object, int, java.lang.Object, int)'> (0x0000000084033678) 
thrown [s\open\src\hotspot\share\interpreter\linkResolver.cpp, line 774]
Event: 6.256 Thread 0x0000021977c6a500 Exception <a 'java/lang/IncompatibleClassChangeError'{0x0000000087a29950}: Found class java.lang.Object, but interface was expected> (0x0000000087a29950) 
thrown [s\open\src\hotspot\share\interpreter\linkResolver.cpp, line 841]
Event: 6.306 Thread 0x0000021977c6a500 Exception <a 'java/lang/IncompatibleClassChangeError'{0x00000000879c4658}: Found class java.lang.Object, but interface was expected> (0x00000000879c4658) 
thrown [s\open\src\hotspot\share\interpreter\linkResolver.cpp, line 841]
Event: 6.442 Thread 0x0000021977c6a500 Exception <a 'java/lang/IncompatibleClassChangeError'{0x00000000845b4418}: Found class java.lang.Object, but interface was expected> (0x00000000845b4418) 
thrown [s\open\src\hotspot\share\interpreter\linkResolver.cpp, line 841]

ZGC Phase Switch (0 events):
No events

VM Operations (20 events):
Event: 6.080 Executing VM operation: HandshakeAllThreads (Deoptimize) done
Event: 6.119 Executing VM operation: HandshakeAllThreads (Deoptimize)
Event: 6.119 Executing VM operation: HandshakeAllThreads (Deoptimize) done
Event: 6.230 Executing VM operation: CollectForMetadataAllocation (Metadata GC Threshold)
Event: 6.235 Executing VM operation: CollectForMetadataAllocation (Metadata GC Threshold) done
Event: 6.274 Executing VM operation: G1PauseRemark
Event: 6.280 Executing VM operation: G1PauseRemark done
Event: 6.298 Executing VM operation: G1PauseCleanup
Event: 6.299 Executing VM operation: G1PauseCleanup done
Event: 6.452 Executing VM operation: HandshakeAllThreads (Deoptimize)
Event: 6.452 Executing VM operation: HandshakeAllThreads (Deoptimize) done
Event: 6.453 Executing VM operation: HandshakeAllThreads (Deoptimize)
Event: 6.453 Executing VM operation: HandshakeAllThreads (Deoptimize) done
Event: 6.611 Executing VM operation: HandshakeAllThreads (Deoptimize)
Event: 6.611 Executing VM operation: HandshakeAllThreads (Deoptimize) done
Event: 6.676 Executing VM operation: G1CollectForAllocation (G1 Evacuation Pause)
Event: 6.682 Executing VM operation: G1CollectForAllocation (G1 Evacuation Pause) done
Event: 6.757 Executing VM operation: G1CollectForAllocation (G1 Evacuation Pause)
Event: 6.769 Executing VM operation: G1CollectForAllocation (G1 Evacuation Pause) done
Event: 6.857 Executing VM operation: G1CollectForAllocation (G1 Evacuation Pause)

Memory protections (0 events):
No events

Nmethod flushes (20 events):
Event: 6.278 Thread 0x000002197f780c80 flushing  nmethod 0x0000021979bf4d90
Event: 6.278 Thread 0x000002197f780c80 flushing  nmethod 0x0000021979bfdc90
Event: 6.278 Thread 0x000002197f780c80 flushing  nmethod 0x0000021979bff410
Event: 6.278 Thread 0x000002197f780c80 flushing  nmethod 0x0000021979bff810
Event: 6.278 Thread 0x000002197f780c80 flushing  nmethod 0x0000021979c22510
Event: 6.278 Thread 0x000002197f780c80 flushing  nmethod 0x0000021979c06e10
Event: 6.278 Thread 0x000002197f780c80 flushing  nmethod 0x0000021979c97610
Event: 6.278 Thread 0x000002197f780c80 flushing  nmethod 0x0000021979c98190
Event: 6.278 Thread 0x000002197f780c80 flushing  nmethod 0x0000021979c99690
Event: 6.278 Thread 0x000002197f780c80 flushing  nmethod 0x0000021979a58310
Event: 6.278 Thread 0x000002197f780c80 flushing  nmethod 0x0000021979a68a90
Event: 6.278 Thread 0x000002197f780c80 flushing  nmethod 0x0000021979b36110
Event: 6.278 Thread 0x000002197f780c80 flushing  nmethod 0x0000021979b94110
Event: 6.278 Thread 0x000002197f780c80 flushing  nmethod 0x0000021979bc7f90
Event: 6.278 Thread 0x000002197f780c80 flushing  nmethod 0x0000021979bd1d90
Event: 6.278 Thread 0x000002197f780c80 flushing  nmethod 0x0000021979c49e90
Event: 6.278 Thread 0x000002197f780c80 flushing  nmethod 0x0000021979c4a810
Event: 6.278 Thread 0x000002197f780c80 flushing  nmethod 0x0000021979c68a10
Event: 6.278 Thread 0x000002197f780c80 flushing  nmethod 0x0000021979c6c410
Event: 6.278 Thread 0x000002197f780c80 flushing  nmethod 0x0000021979ce8a10

Events (20 events):
Event: 3.746 Thread 0x0000021977c6a500 Thread added: 0x000002195161c420
Event: 3.747 Thread 0x000002195161c420 Thread added: 0x000002195161ca90
Event: 3.751 Thread 0x0000021977c6a500 Thread added: 0x000002195161d100
Event: 3.767 Thread 0x0000021977c6a500 Thread added: 0x000002195161d770
Event: 4.013 Thread 0x0000021950662db0 Thread added: 0x000002195161dde0
Event: 4.020 Thread 0x000002195161dde0 Thread exited: 0x000002195161dde0
Event: 4.521 Thread 0x0000021950662db0 Thread added: 0x0000021950f69550
Event: 4.527 Thread 0x0000021950f69550 Thread exited: 0x0000021950f69550
Event: 4.580 Thread 0x0000021977c6a500 Thread added: 0x0000021950f68ec0
Event: 4.701 Thread 0x0000021950f68ec0 Thread added: 0x0000021950f6a270
Event: 5.029 Thread 0x0000021950662db0 Thread added: 0x0000021950f6a900
Event: 5.035 Thread 0x0000021950f6a900 Thread exited: 0x0000021950f6a900
Event: 5.350 Thread 0x0000021950662db0 Thread added: 0x0000021950f69be0
Event: 5.539 Thread 0x000002190acd2f60 Thread added: 0x00000219523a87e0
Event: 5.541 Thread 0x00000219523a87e0 Thread added: 0x00000219523a8e70
Event: 5.546 Thread 0x00000219523a8e70 Thread exited: 0x00000219523a8e70
Event: 6.047 Thread 0x0000021950662db0 Thread added: 0x00000219523a3290
Event: 6.053 Thread 0x00000219523a3290 Thread exited: 0x00000219523a3290
Event: 6.555 Thread 0x0000021950662db0 Thread added: 0x00000219523a8e70
Event: 6.561 Thread 0x00000219523a8e70 Thread exited: 0x00000219523a8e70


Dynamic libraries:
0x00007ff60c910000 - 0x00007ff60c91e000 	C:\Users\hp\.jdks\openjdk-22.0.2\bin\java.exe
0x00007ffa6d890000 - 0x00007ffa6da88000 	C:\Windows\SYSTEM32\ntdll.dll
0x00007ffa6d700000 - 0x00007ffa6d7c2000 	C:\Windows\System32\KERNEL32.DLL
0x00007ffa6b350000 - 0x00007ffa6b64f000 	C:\Windows\System32\KERNELBASE.dll
0x00007ffa6b650000 - 0x00007ffa6b750000 	C:\Windows\System32\ucrtbase.dll
0x00007ffa54120000 - 0x00007ffa54137000 	C:\Users\hp\.jdks\openjdk-22.0.2\bin\jli.dll
0x00007ffa6cb00000 - 0x00007ffa6cc9d000 	C:\Windows\System32\USER32.dll
0x00007ffa6b750000 - 0x00007ffa6b772000 	C:\Windows\System32\win32u.dll
0x00007ffa6c9a0000 - 0x00007ffa6c9cb000 	C:\Windows\System32\GDI32.dll
0x00007ffa6b060000 - 0x00007ffa6b17a000 	C:\Windows\System32\gdi32full.dll
0x00007ffa6af30000 - 0x00007ffa6afcd000 	C:\Windows\System32\msvcp_win.dll
0x00007ffa4a410000 - 0x00007ffa4a42b000 	C:\Users\hp\.jdks\openjdk-22.0.2\bin\VCRUNTIME140.dll
0x00007ffa5aad0000 - 0x00007ffa5ad6a000 	C:\Windows\WinSxS\amd64_microsoft.windows.common-controls_6595b64144ccf1df_6.0.19041.4355_none_60b8b9eb71f62e16\COMCTL32.dll
0x00007ffa6ba60000 - 0x00007ffa6bafe000 	C:\Windows\System32\msvcrt.dll
0x00007ffa6c970000 - 0x00007ffa6c99f000 	C:\Windows\System32\IMM32.DLL
0x00007ffa53b60000 - 0x00007ffa53b6c000 	C:\Users\hp\.jdks\openjdk-22.0.2\bin\vcruntime140_1.dll
0x00007ffa3f440000 - 0x00007ffa3f4ce000 	C:\Users\hp\.jdks\openjdk-22.0.2\bin\msvcp140.dll
0x00007ffa2b090000 - 0x00007ffa2bdd9000 	C:\Users\hp\.jdks\openjdk-22.0.2\bin\server\jvm.dll
0x00007ffa6c0e0000 - 0x00007ffa6c18f000 	C:\Windows\System32\ADVAPI32.dll
0x00007ffa6bca0000 - 0x00007ffa6bd3f000 	C:\Windows\System32\sechost.dll
0x00007ffa6be70000 - 0x00007ffa6bf93000 	C:\Windows\System32\RPCRT4.dll
0x00007ffa6b780000 - 0x00007ffa6b7a7000 	C:\Windows\System32\bcrypt.dll
0x00007ffa6c190000 - 0x00007ffa6c1fb000 	C:\Windows\System32\WS2_32.dll
0x00007ffa6a480000 - 0x00007ffa6a4cb000 	C:\Windows\SYSTEM32\POWRPROF.dll
0x00007ffa5a840000 - 0x00007ffa5a867000 	C:\Windows\SYSTEM32\WINMM.dll
0x00007ffa63e10000 - 0x00007ffa63e1a000 	C:\Windows\SYSTEM32\VERSION.dll
0x00007ffa6a2f0000 - 0x00007ffa6a302000 	C:\Windows\SYSTEM32\UMPDC.dll
0x00007ffa69760000 - 0x00007ffa69772000 	C:\Windows\SYSTEM32\kernel.appcore.dll
0x00007ffa4a400000 - 0x00007ffa4a40a000 	C:\Users\hp\.jdks\openjdk-22.0.2\bin\jimage.dll
0x00007ffa68c20000 - 0x00007ffa68e04000 	C:\Windows\SYSTEM32\DBGHELP.DLL
0x00007ffa57f60000 - 0x00007ffa57f94000 	C:\Windows\SYSTEM32\dbgcore.DLL
0x00007ffa6afd0000 - 0x00007ffa6b052000 	C:\Windows\System32\bcryptPrimitives.dll
0x00007ffa44f50000 - 0x00007ffa44f5f000 	C:\Users\hp\.jdks\openjdk-22.0.2\bin\instrument.dll
0x00007ffa44d50000 - 0x00007ffa44d6e000 	C:\Users\hp\.jdks\openjdk-22.0.2\bin\java.dll
0x00007ffa6c200000 - 0x00007ffa6c96d000 	C:\Windows\System32\SHELL32.dll
0x00007ffa6bfb0000 - 0x00007ffa6c0db000 	C:\Windows\System32\ole32.dll
0x00007ffa6ccb0000 - 0x00007ffa6d005000 	C:\Windows\System32\combase.dll
0x00007ffa68e10000 - 0x00007ffa695b4000 	C:\Windows\SYSTEM32\windows.storage.dll
0x00007ffa6a880000 - 0x00007ffa6a8af000 	C:\Windows\SYSTEM32\Wldp.dll
0x00007ffa6bd40000 - 0x00007ffa6be0d000 	C:\Windows\System32\OLEAUT32.dll
0x00007ffa6ca50000 - 0x00007ffa6cafd000 	C:\Windows\System32\SHCORE.dll
0x00007ffa6bbe0000 - 0x00007ffa6bc35000 	C:\Windows\System32\shlwapi.dll
0x00007ffa6ae60000 - 0x00007ffa6ae84000 	C:\Windows\SYSTEM32\profapi.dll
0x00007ffa41050000 - 0x00007ffa41067000 	C:\Users\hp\.jdks\openjdk-22.0.2\bin\zip.dll
0x00007ffa452c0000 - 0x00007ffa452d0000 	C:\Users\hp\.jdks\openjdk-22.0.2\bin\net.dll
0x00007ffa6a660000 - 0x00007ffa6a6cc000 	C:\Windows\system32\mswsock.dll
0x00007ffa44c00000 - 0x00007ffa44c16000 	C:\Users\hp\.jdks\openjdk-22.0.2\bin\nio.dll
0x00007ffa3f1e0000 - 0x00007ffa3f1fa000 	C:\Program Files\JetBrains\IntelliJ IDEA 2024.3.1.1\bin\breakgen64.dll
0x00007ffa40830000 - 0x00007ffa40839000 	C:\Users\hp\.jdks\openjdk-22.0.2\bin\extnet.dll
0x00007ffa6a350000 - 0x00007ffa6a41a000 	C:\Windows\SYSTEM32\DNSAPI.dll
0x00007ffa6a310000 - 0x00007ffa6a34b000 	C:\Windows\SYSTEM32\IPHLPAPI.DLL
0x00007ffa6bfa0000 - 0x00007ffa6bfa8000 	C:\Windows\System32\NSI.dll
0x00007ffa5ee20000 - 0x00007ffa5ee2a000 	C:\Windows\System32\rasadhlp.dll
0x00007ffa5ff30000 - 0x00007ffa5ffb0000 	C:\Windows\System32\fwpuclnt.dll
0x00007ffa40820000 - 0x00007ffa4082a000 	C:\Users\hp\.jdks\openjdk-22.0.2\bin\management.dll
0x00007ffa40260000 - 0x00007ffa4026b000 	C:\Users\hp\.jdks\openjdk-22.0.2\bin\management_ext.dll
0x00007ffa6cca0000 - 0x00007ffa6cca8000 	C:\Windows\System32\PSAPI.DLL
0x00007ffa6a8c0000 - 0x00007ffa6a8d8000 	C:\Windows\SYSTEM32\CRYPTSP.dll
0x00007ffa69f30000 - 0x00007ffa69f64000 	C:\Windows\system32\rsaenh.dll
0x00007ffa6ae20000 - 0x00007ffa6ae4e000 	C:\Windows\SYSTEM32\USERENV.dll
0x00007ffa6a7f0000 - 0x00007ffa6a7fc000 	C:\Windows\SYSTEM32\CRYPTBASE.dll
0x00007ffa53660000 - 0x00007ffa53677000 	C:\Windows\system32\napinsp.dll
0x00007ffa532f0000 - 0x00007ffa5330b000 	C:\Windows\system32\pnrpnsp.dll
0x00007ffa674b0000 - 0x00007ffa674c5000 	C:\Windows\system32\wshbth.dll
0x00007ffa64240000 - 0x00007ffa6425d000 	C:\Windows\system32\NLAapi.dll
0x00007ffa532b0000 - 0x00007ffa532c2000 	C:\Windows\System32\winrnr.dll
0x00007ffa40960000 - 0x00007ffa4096e000 	C:\Users\hp\.jdks\openjdk-22.0.2\bin\sunmscapi.dll
0x00007ffa6b180000 - 0x00007ffa6b2dc000 	C:\Windows\System32\CRYPT32.dll
0x00007ffa6a9d0000 - 0x00007ffa6a9f7000 	C:\Windows\SYSTEM32\ncrypt.dll
0x00007ffa6a990000 - 0x00007ffa6a9cb000 	C:\Windows\SYSTEM32\NTASN1.dll
0x00007ffa3cf80000 - 0x00007ffa3cf90000 	C:\Users\hp\.jdks\openjdk-22.0.2\bin\verify.dll
0x00007ffa57380000 - 0x00007ffa573d1000 	C:\Windows\SYSTEM32\pdh.dll
0x00007ffa632a0000 - 0x00007ffa632af000 	C:\Windows\System32\perfproc.dll
0x00007ffa4cad0000 - 0x00007ffa4cadf000 	C:\Windows\System32\perfos.dll

dbghelp: loaded successfully - version: 4.0.5 - missing functions: none
symbol engine: initialized successfully - sym options: 0x614 - pdb path: .;C:\Users\hp\.jdks\openjdk-22.0.2\bin;C:\Windows\SYSTEM32;C:\Windows\WinSxS\amd64_microsoft.windows.common-controls_6595b64144ccf1df_6.0.19041.4355_none_60b8b9eb71f62e16;C:\Users\hp\.jdks\openjdk-22.0.2\bin\server;C:\Program Files\JetBrains\IntelliJ IDEA 2024.3.1.1\bin

VM Arguments:
jvm_args: -XX:TieredStopAtLevel=1 -Dspring.output.ansi.enabled=always -Dcom.sun.management.jmxremote -Dspring.jmx.enabled=true -Dspring.liveBeansView.mbeanDomain -Dspring.application.admin.enabled=true -Dmanagement.endpoints.jmx.exposure.include=* -javaagent:C:\Program Files\JetBrains\IntelliJ IDEA 2024.3.1.1\lib\idea_rt.jar=56577:C:\Program Files\JetBrains\IntelliJ IDEA 2024.3.1.1\bin -Dfile.encoding=UTF-8 -Dsun.stdout.encoding=UTF-8 -Dsun.stderr.encoding=UTF-8 
java_command: com.partnershipmanagement.PartnershipManagementApplication
java_class_path (initial): D:\mmm\mmm\2024-2025 4SAE1\PI\PIMain\Partnership-Managment\target\classes;C:\Users\hp\.m2\repository\org\springframework\boot\spring-boot-starter-data-jpa\3.4.2\spring-boot-starter-data-jpa-3.4.2.jar;C:\Users\hp\.m2\repository\org\springframework\boot\spring-boot-starter-jdbc\3.4.2\spring-boot-starter-jdbc-3.4.2.jar;C:\Users\hp\.m2\repository\com\zaxxer\HikariCP\5.1.0\HikariCP-5.1.0.jar;C:\Users\hp\.m2\repository\org\springframework\spring-jdbc\6.2.2\spring-jdbc-6.2.2.jar;C:\Users\hp\.m2\repository\org\hibernate\orm\hibernate-core\6.6.5.Final\hibernate-core-6.6.5.Final.jar;C:\Users\hp\.m2\repository\jakarta\persistence\jakarta.persistence-api\3.1.0\jakarta.persistence-api-3.1.0.jar;C:\Users\hp\.m2\repository\jakarta\transaction\jakarta.transaction-api\2.0.1\jakarta.transaction-api-2.0.1.jar;C:\Users\hp\.m2\repository\org\jboss\logging\jboss-logging\3.6.1.Final\jboss-logging-3.6.1.Final.jar;C:\Users\hp\.m2\repository\org\hibernate\common\hibernate-commons-annotations\7.0.3.Final\hibernate-commons-annotations-7.0.3.Final.jar;C:\Users\hp\.m2\repository\io\smallrye\jandex\3.2.0\jandex-3.2.0.jar;C:\Users\hp\.m2\repository\com\fasterxml\classmate\1.7.0\classmate-1.7.0.jar;C:\Users\hp\.m2\repository\org\glassfish\jaxb\jaxb-runtime\4.0.5\jaxb-runtime-4.0.5.jar;C:\Users\hp\.m2\repository\org\glassfish\jaxb\jaxb-core\4.0.5\jaxb-core-4.0.5.jar;C:\Users\hp\.m2\repository\org\glassfish\jaxb\txw2\4.0.5\txw2-4.0.5.jar;C:\Users\hp\.m2\repository\com\sun\istack\istack-commons-runtime\4.1.2\istack-commons-runtime-4.1.2.jar;C:\Users\hp\.m2\repository\jakarta\inject\jakarta.inject-api\2.0.1\jakarta.inject-api-2.0.1.jar;C:\Users\hp\.m2\repository\org\antlr\antlr4-runtime\4.13.0\antlr4-runtime-4.13.0.jar;C:\Users\hp\.m2\repository\org\springframework\data\spring-data-jpa\3.4.2\spring-data-jpa-3.4.2.jar;C:\Users\hp\.m2\repository\org\springframework\data\spring-data-commons\3.4.2\spring-data-commons-3.4.2.jar;C:\Users\hp\.m2\repository\org\springframework\spring-orm\6.2.2\spring-orm-6.2.2.jar;C:\Users\hp\.m2\repository\org\springframework\spring-context\6.2.2\spring-context-6.2.2.jar;C:\Users\hp\.m2\repository\org\springframework\spring-aop\6.2.2\spring-aop-6.2.2.jar;C:\Users\hp\.m2\repository\org\springframework\spring-aspects\6.2.2\spring-aspects-6.2.2.jar;C:\Users\hp\.m2\repository\org\aspectj\aspectjweaver\1.9.22.1\aspectjweaver-1.9.22.1.jar;C:\Users\hp\.m2\repository\com\mysql\mysql-connector-j\9.1.0\mysql-connector-j-9.1.0.jar;C:\Users\hp\.m2\repository\org\springframework\boot\spring-boot-starter-web\3.4.2\spring-boot-starter-web-3.4.2.jar;C:\Users\hp\.m2\repository\org\springframework\boot\spring-boot-starter-json\3.4.2\spring-boot-starter-json-3.4.2.jar;C:\Users\hp\.m2\repository\com\fasterxml\jackson\datatype\jackson-datatype-jdk8\2.18.2\jackson-datatype-jdk8-2.18.2.jar;C:\Users\hp\.m2\repository\com\fasterxml\jackson\datatype\jackson-datatype-jsr310\2.18.2\jackson-datatype-jsr310-2.18.2.jar;C:\Users\hp\.m2\repository\com\fasterxml\jackson\module\jackson-module-parameter-names\2.18.2\jackson-module-parameter-names-2.18.2.jar;C:\Users\hp\.m2\repository\org\springframework\boot\spring-boot-starter-tomcat\3.4.2\spring-boot-starter-tomcat-3.4.2.jar;C:\Users\hp\.m2\repository\org\apache\tomcat\embed\tomcat-embed-websocket\10.1.34\tomcat-embed-websocket-10.1.34.jar;C:\Users\hp\.m2\repository\org\springframework\spring-webmvc\6.2.2\spring-webmvc-6.2.2.jar;C:\Users\hp\.m2\repository\org\springframework\spring-expression\6.2.2\spring-expression-6.2.2.jar;C:\Users\hp\.m2\repository\org\apache\tomcat\embed\tomcat-embed-jasper\10.1.34\tomcat-embed-jasper-10.1.34.jar;C:\Users\hp\.m2\repository\org\apache\tomcat\embed\tomcat-embed-core\10.1.34\tomcat-embed-core-10.1.34.jar;C:\Users\hp\.m2\repository\org\apache\tomcat\tomcat-annotations-api\10.1.34\tomcat-annotations-api-10.1.34.jar;C:\Users\hp\.m2\repository\org\apache\tomcat\embed\tomcat-embed-el\10.1.34\tomcat-embed-el-10.1.34.jar;C:\Users\hp\.m2\repository\org\eclipse\jdt\ecj\3.33.0\ecj-3.33.0.jar;C:\Users\hp\.m2\repository\org\projectlombok\lombok\1.18.30\lombok-1.18.30.jar;C:\Users\hp\.m2\repository\org\springframework\boot\spring-boot-starter\3.4.2\spring-boot-starter-3.4.2.jar;C:\Users\hp\.m2\repository\org\springframework\boot\spring-boot\3.4.2\spring-boot-3.4.2.jar;C:\Users\hp\.m2\repository\org\springframework\boot\spring-boot-autoconfigure\3.4.2\spring-boot-autoconfigure-3.4.2.jar;C:\Users\hp\.m2\repository\org\springframework\boot\spring-boot-starter-logging\3.4.2\spring-boot-starter-logging-3.4.2.jar;C:\Users\hp\.m2\repository\ch\qos\logback\logback-classic\1.5.16\logback-classic-1.5.16.jar;C:\Users\hp\.m2\repository\ch\qos\logback\logback-core\1.5.16\logback-core-1.5.16.jar;C:\Users\hp\.m2\repository\org\apache\logging\log4j\log4j-to-slf4j\2.24.3\log4j-to-slf4j-2.24.3.jar;C:\Users\hp\.m2\repository\org\apache\logging\log4j\log4j-api\2.24.3\log4j-api-2.24.3.jar;C:\Users\hp\.m2\repository\org\slf4j\jul-to-slf4j\2.0.16\jul-to-slf4j-2.0.16.jar;C:\Users\hp\.m2\repository\jakarta\annotation\jakarta.annotation-api\2.1.1\jakarta.annotation-api-2.1.1.jar;C:\Users\hp\.m2\repository\org\springframework\spring-core\6.2.2\spring-core-6.2.2.jar;C:\Users\hp\.m2\repository\org\springframework\spring-jcl\6.2.2\spring-jcl-6.2.2.jar;C:\Users\hp\.m2\repository\org\yaml\snakeyaml\2.3\snakeyaml-2.3.jar;C:\Users\hp\.m2\repository\jakarta\xml\bind\jakarta.xml.bind-api\4.0.2\jakarta.xml.bind-api-4.0.2.jar;C:\Users\hp\.m2\repository\jakarta\activation\jakarta.activation-api\2.1.3\jakarta.activation-api-2.1.3.jar;C:\Users\hp\.m2\repository\org\mockito\mockito-core\5.14.2\mockito-core-5.14.2.jar;C:\Users\hp\.m2\repository\net\bytebuddy\byte-buddy\1.15.11\byte-buddy-1.15.11.jar;C:\Users\hp\.m2\repository\net\bytebuddy\byte-buddy-agent\1.15.11\byte-buddy-agent-1.15.11.jar;C:\Users\hp\.m2\repository\org\objenesis\objenesis\3.3\objenesis-3.3.jar;C:\Users\hp\.m2\repository\org\junit\jupiter\junit-jupiter-api\5.11.4\junit-jupiter-api-5.11.4.jar;C:\Users\hp\.m2\repository\org\opentest4j\opentest4j\1.3.0\opentest4j-1.3.0.jar;C:\Users\hp\.m2\repository\org\junit\platform\junit-platform-commons\1.11.4\junit-platform-commons-1.11.4.jar;C:\Users\hp\.m2\repository\org\apiguardian\apiguardian-api\1.1.2\apiguardian-api-1.1.2.jar;C:\Users\hp\.m2\repository\org\springdoc\springdoc-openapi-starter-webmvc-ui\2.1.0\springdoc-openapi-starter-webmvc-ui-2.1.0.jar;C:\Users\hp\.m2\repository\org\springdoc\springdoc-openapi-starter-webmvc-api\2.1.0\springdoc-openapi-starter-webmvc-api-2.1.0.jar;C:\Users\hp\.m2\repository\org\springdoc\springdoc-openapi-starter-common\2.1.0\springdoc-openapi-starter-common-2.1.0.jar;C:\Users\hp\.m2\repository\io\swagger\core\v3\swagger-core-jakarta\2.2.9\swagger-core-jakarta-2.2.9.jar;C:\Users\hp\.m2\repository\org\apache\commons\commons-lang3\3.17.0\commons-lang3-3.17.0.jar;C:\Users\hp\.m2\repository\io\swagger\core\v3\swagger-annotations-jakarta\2.2.9\swagger-annotations-jakarta-2.2.9.jar;C:\Users\hp\.m2\repository\io\swagger\core\v3\swagger-models-jakarta\2.2.9\swagger-models-jakarta-2.2.9.jar;C:\Users\hp\.m2\repository\jakarta\validation\jakarta.validation-api\3.0.2\jakarta.validation-api-3.0.2.jar;C:\Users\hp\.m2\repository\com\fasterxml\jackson\dataformat\jackson-dataformat-yaml\2.18.2\jackson-dataformat-yaml-2.18.2.jar;C:\Users\hp\.m2\repository\org\webjars\swagger-ui\4.18.2\swagger-ui-4.18.2.jar;C:\Users\hp\.m2\repository\org\mockito\mockito-junit-jupiter\5.14.2\mockito-junit-jupiter-5.14.2.jar;C:\Users\hp\.m2\repository\org\springframework\spring-web\6.2.2\spring-web-6.2.2.jar;C:\Users\hp\.m2\repository\org\springframework\spring-beans\6.2.2\spring-beans-6.2.2.jar;C:\Users\hp\.m2\repository\io\micrometer\micrometer-observation\1.14.3\micrometer-observation-1.14.3.jar;C:\Users\hp\.m2\repository\io\micrometer\micrometer-commons\1.14.3\micrometer-commons-1.14.3.jar;C:\Users\hp\.m2\repository\org\apache\pdfbox\pdfbox\2.0.27\pdfbox-2.0.27.jar;C:\Users\hp\.m2\repository\org\apache\pdfbox\fontbox\2.0.27\fontbox-2.0.27.jar;C:\Users\hp\.m2\repository\commons-logging\commons-logging\1.2\commons-logging-1.2.jar;C:\Users\hp\.m2\repository\com\salesboxai\zoom\zoom-api\0.3.0\zoom-api-0.3.0.jar;C:\Users\hp\.m2\repository\com\fasterxml\jackson\core\jackson-databind\2.18.2\jackson-databind-2.18.2.jar;C:\Users\hp\.m2\repository\com\fasterxml\jackson\core\jackson-annotations\2.18.2\jackson-annotations-2.18.2.jar;C:\Users\hp\.m2\repository\com\fasterxml\jackson\core\jackson-core\2.18.2\jackson-core-2.18.2.jar;C:\Users\hp\.m2\repository\org\springframework\boot\spring-boot-starter-mail\3.4.2\spring-boot-starter-mail-3.4.2.jar;C:\Users\hp\.m2\repository\org\springframework\spring-context-support\6.2.2\spring-context-support-6.2.2.jar;C:\Users\hp\.m2\repository\org\eclipse\angus\jakarta.mail\2.0.3\jakarta.mail-2.0.3.jar;C:\Users\hp\.m2\repository\org\eclipse\angus\angus-activation\2.0.2\angus-activation-2.0.2.jar;C:\Users\hp\.m2\repository\org\springframework\boot\spring-boot-starter-quartz\3.4.2\spring-boot-starter-quartz-3.4.2.jar;C:\Users\hp\.m2\repository\org\springframework\spring-tx\6.2.2\spring-tx-6.2.2.jar;C:\Users\hp\.m2\repository\org\springframework\boot\spring-boot-starter-webflux\3.4.2\spring-boot-starter-webflux-3.4.2.jar;C:\Users\hp\.m2\repository\org\springframework\boot\spring-boot-starter-reactor-netty\3.4.2\spring-boot-starter-reactor-netty-3.4.2.jar;C:\Users\hp\.m2\repository\io\projectreactor\netty\reactor-netty-http\1.2.2\reactor-netty-http-1.2.2.jar;C:\Users\hp\.m2\repository\io\netty\netty-codec-http\4.1.117.Final\netty-codec-http-4.1.117.Final.jar;C:\Users\hp\.m2\repository\io\netty\netty-common\4.1.117.Final\netty-common-4.1.117.Final.jar;C:\Users\hp\.m2\repository\io\netty\netty-buffer\4.1.117.Final\netty-buffer-4.1.117.Final.jar;C:\Users\hp\.m2\repository\io\netty\netty-transport\4.1.117.Final\netty-transport-4.1.117.Final.jar;C:\Users\hp\.m2\repository\io\netty\netty-codec\4.1.117.Final\netty-codec-4.1.117.Final.jar;C:\Users\hp\.m2\repository\io\netty\netty-handler\4.1.117.Final\netty-handler-4.1.117.Final.jar;C:\Users\hp\.m2\repository\io\netty\netty-codec-http2\4.1.117.Final\netty-codec-http2-4.1.117.Final.jar;C:\Users\hp\.m2\repository\io\netty\netty-resolver-dns\4.1.117.Final\netty-resolver-dns-4.1.117.Final.jar;C:\Users\hp\.m2\repository\io\netty\netty-resolver\4.1.117.Final\netty-resolver-4.1.117.Final.jar;C:\Users\hp\.m2\repository\io\netty\netty-codec-dns\4.1.117.Final\netty-codec-dns-4.1.117.Final.jar;C:\Users\hp\.m2\repository\io\netty\netty-resolver-dns-native-macos\4.1.117.Final\netty-resolver-dns-native-macos-4.1.117.Final-osx-x86_64.jar;C:\Users\hp\.m2\repository\io\netty\netty-resolver-dns-classes-macos\4.1.117.Final\netty-resolver-dns-classes-macos-4.1.117.Final.jar;C:\Users\hp\.m2\repository\io\netty\netty-transport-native-epoll\4.1.117.Final\netty-transport-native-epoll-4.1.117.Final-linux-x86_64.jar;C:\Users\hp\.m2\repository\io\netty\netty-transport-native-unix-common\4.1.117.Final\netty-transport-native-unix-common-4.1.117.Final.jar;C:\Users\hp\.m2\repository\io\netty\netty-transport-classes-epoll\4.1.117.Final\netty-transport-classes-epoll-4.1.117.Final.jar;C:\Users\hp\.m2\repository\io\projectreactor\netty\reactor-netty-core\1.2.2\reactor-netty-core-1.2.2.jar;C:\Users\hp\.m2\repository\io\netty\netty-handler-proxy\4.1.117.Final\netty-handler-proxy-4.1.117.Final.jar;C:\Users\hp\.m2\repository\io\netty\netty-codec-socks\4.1.117.Final\netty-codec-socks-4.1.117.Final.jar;C:\Users\hp\.m2\repository\org\springframework\spring-webflux\6.2.2\spring-webflux-6.2.2.jar;C:\Users\hp\.m2\repository\io\projectreactor\reactor-core\3.7.2\reactor-core-3.7.2.jar;C:\Users\hp\.m2\repository\org\reactivestreams\reactive-streams\1.0.4\reactive-streams-1.0.4.jar;C:\Users\hp\.m2\repository\org\quartz-scheduler\quartz\2.3.2\quartz-2.3.2.jar;C:\Users\hp\.m2\repository\com\mchange\mchange-commons-java\0.2.15\mchange-commons-java-0.2.15.jar;C:\Users\hp\.m2\repository\org\slf4j\slf4j-api\2.0.16\slf4j-api-2.0.16.jar;C:\Users\hp\.m2\repository\org\quartz-scheduler\quartz-jobs\2.3.2\quartz-jobs-2.3.2.jar
Launcher Type: SUN_STANDARD

[Global flags]
     intx CICompilerCount                          = 3                                         {product} {ergonomic}
     uint ConcGCThreads                            = 1                                         {product} {ergonomic}
     uint G1ConcRefinementThreads                  = 4                                         {product} {ergonomic}
   size_t G1HeapRegionSize                         = 1048576                                   {product} {ergonomic}
   size_t InitialHeapSize                          = 134217728                                 {product} {ergonomic}
     bool ManagementServer                         = true                                      {product} {command line}
   size_t MarkStackSize                            = 4194304                                   {product} {ergonomic}
   size_t MaxHeapSize                              = 2126512128                                {product} {ergonomic}
   size_t MaxNewSize                               = 1275068416                                {product} {ergonomic}
   size_t MinHeapDeltaBytes                        = 1048576                                   {product} {ergonomic}
   size_t MinHeapSize                              = 8388608                                   {product} {ergonomic}
    uintx NonNMethodCodeHeapSize                   = 4096                                   {pd product} {ergonomic}
    uintx NonProfiledCodeHeapSize                  = 0                                      {pd product} {ergonomic}
     bool ProfileInterpreter                       = false                                  {pd product} {command line}
    uintx ProfiledCodeHeapSize                     = 0                                      {pd product} {ergonomic}
   size_t SoftMaxHeapSize                          = 2126512128                             {manageable} {ergonomic}
     intx TieredStopAtLevel                        = 1                                         {product} {command line}
     bool UseCompressedOops                        = true                           {product lp64_product} {ergonomic}
     bool UseG1GC                                  = true                                      {product} {ergonomic}
     bool UseLargePagesIndividualAllocation        = false                                  {pd product} {ergonomic}

Logging:
Log output configuration:
 #0: stdout all=warning uptime,level,tags foldmultilines=false
 #1: stderr all=off uptime,level,tags foldmultilines=false

Environment Variables:
PATH=C:\Python313\Scripts\;C:\Python313\;C:\oraclexe\app\oracle\product\11.2.0\server\bin;;C:\Python312\Scripts\;C:\Python312\;C:\Program Files (x86)\VMware\VMware Workstation\bin\;C:\Program Files\Common Files\Oracle\Java\javapath;C:\Program Files (x86)\Common Files\Oracle\Java\java8path;C:\Program Files (x86)\Common Files\Oracle\Java\javapath;C:\Windows\system32;C:\Windows;C:\Windows\System32\Wbem;C:\Windows\System32\WindowsPowerShell\v1.0\;C:\Windows\System32\OpenSSH\;C:\Program Files\Microsoft SQL Server\120\Tools\Binn\;C:\Program Files\Common Files\Autodesk Shared\;C:\Program Files\Git\cmd;C:\Program Files\Microsoft SQL Server\150\Tools\Binn\;C:\Program Files\Microsoft SQL Server\Client SDK\ODBC\170\Tools\Binn\;C:\Program Files\dotnet\;C:\ProgramData\chocolatey\bin;C:\Program Files\Docker\Docker\resources\bin;C:\Program Files\nodejs\;C:\Users\hp\AppData\Local\Microsoft\WindowsApps;C:\Users\hp\AppData\Local\Programs\Microsoft VS Code\bin;C:\Users\hp\.dotnet\tools;C:\Program Files\MongoDB\Server\4.0\bin;C:\Users\hp\AppData\Roaming\npm
USERNAME=hp
OS=Windows_NT
PROCESSOR_IDENTIFIER=Intel64 Family 6 Model 142 Stepping 9, GenuineIntel
TMP=C:\Users\hp\AppData\Local\Temp
TEMP=C:\Users\hp\AppData\Local\Temp




Periodic native trim disabled

---------------  S Y S T E M  ---------------

OS:
 Windows 10 , 64 bit Build 19041 (10.0.19041.5438)
OS uptime: 0 days 2:16 hours
Hyper-V role detected

CPU: total 4 (initial active 4) (2 cores per cpu, 2 threads per core) family 6 model 142 stepping 9 microcode 0xb4, cx8, cmov, fxsr, ht, mmx, 3dnowpref, sse, sse2, sse3, ssse3, sse4.1, sse4.2, popcnt, lzcnt, tsc, tscinvbit, avx, avx2, aes, erms, clmul, bmi1, bmi2, adx, fma, vzeroupper, clflush, clflushopt, hv, rdtscp, f16c
Processor Information for all 4 processors :
  Max Mhz: 2901, Current Mhz: 2900, Mhz Limit: 2871

Memory: 4k page, system-wide physical 8107M (423M free)
TotalPageFile size 12107M (AvailPageFile size 19M)
current process WorkingSet (physical memory assigned to process): 221M, peak: 221M
current process commit charge ("private bytes"): 253M, peak: 282M

vm_info: OpenJDK 64-Bit Server VM (22.0.2+9-70) for windows-amd64 JRE (22.0.2+9-70), built on 2024-06-04T16:52:23Z by "mach5one" with MS VC++ 17.6 (VS2022)

END.
