#
# There is insufficient memory for the Java Runtime Environment to continue.
# Native memory allocation (malloc) failed to allocate 32744 bytes. Error detail: Chunk::new
# Possible reasons:
#   The system is out of physical RAM or swap space
#   This process is running with CompressedOops enabled, and the Java Heap may be blocking the growth of the native heap
# Possible solutions:
#   Reduce memory load on the system
#   Increase physical memory or swap space
#   Check if swap backing store is full
#   Decrease Java heap size (-Xmx/-Xms)
#   Decrease number of Java threads
#   Decrease Java thread stack sizes (-Xss)
#   Set larger code cache with -XX:ReservedCodeCacheSize=
#   JVM is running with Unscaled Compressed Oops mode in which the Java heap is
#     placed in the first 4GB address space. The Java Heap base address is the
#     maximum limit for the native heap growth. Please use -XX:HeapBaseMinAddress
#     to set the Java Heap base and to place the Java Heap above 4GB virtual address.
# This output file may be truncated or incomplete.
#
#  Out of Memory Error (arena.cpp:150), pid=8492, tid=13984
#
# JRE version: OpenJDK Runtime Environment (22.0.2+9) (build 22.0.2+9-70)
# Java VM: OpenJDK 64-Bit Server VM (22.0.2+9-70, mixed mode, emulated-client, sharing, tiered, compressed oops, compressed class ptrs, g1 gc, windows-amd64)
# No core dump will be written. Minidumps are not enabled by default on client versions of Windows
#

---------------  S U M M A R Y ------------

Command Line: -XX:TieredStopAtLevel=1 -Dspring.output.ansi.enabled=always -Dcom.sun.management.jmxremote -Dspring.jmx.enabled=true -Dspring.liveBeansView.mbeanDomain -Dspring.application.admin.enabled=true -Dmanagement.endpoints.jmx.exposure.include=* -javaagent:C:\Program Files\JetBrains\IntelliJ IDEA 2024.3.1.1\lib\idea_rt.jar=50394:C:\Program Files\JetBrains\IntelliJ IDEA 2024.3.1.1\bin -Dfile.encoding=UTF-8 -Dsun.stdout.encoding=UTF-8 -Dsun.stderr.encoding=UTF-8 com.partnershipmanagement.PartnershipManagementApplication

Host: Intel(R) Core(TM) i7-7500U CPU @ 2.70GHz, 4 cores, 7G,  Windows 10 , 64 bit Build 19041 (10.0.19041.5438)
Time: Sun Mar  2 00:55:55 2025 Romance Standard Time elapsed time: 1.285782 seconds (0d 0h 0m 1s)

---------------  T H R E A D  ---------------

Current thread (0x000001b3ea6f5340):  JavaThread "C1 CompilerThread0" daemon [_thread_in_native, id=13984, stack(0x000000813c300000,0x000000813c400000) (1024K)]


Current CompileTask:
C1:1285 1498       1       java.net.URLStreamHandler::
[error occurred during error reporting (printing current compile task), id 0xe0000001, Out of Memory Error (s\open\src\hotspot\share\memory\arena.cpp:150)]
Stack: [0x000000813c300000,0x000000813c400000]
Native frames: (J=compiled Java code, j=interpreted, Vv=VM code, C=native code)
V  [jvm.dll+0x6e26e9]  (no source info available)
V  [jvm.dll+0x875753]  (no source info available)
V  [jvm.dll+0x877b7e]  (no source info available)
V  [jvm.dll+0x878253]  (no source info available)
V  [jvm.dll+0x27fc86]  (no source info available)
V  [jvm.dll+0xc3d0f]  (no source info available)
V  [jvm.dll+0xc3f6b]  (no source info available)
V  [jvm.dll+0x7decdd]  (no source info available)
V  [jvm.dll+0x694d25]  (no source info available)
V  [jvm.dll+0x25aae7]  (no source info available)
V  [jvm.dll+0x25b0e7]  (no source info available)
V  [jvm.dll+0x8755b7]  (no source info available)
V  [jvm.dll+0x877b7e]  (no source info available)
V  [jvm.dll+0x878253]  (no source info available)
V  [jvm.dll+0x27fc86]  (no source info available)
V  [jvm.dll+0xc3d0f]  (no source info available)
V  [jvm.dll+0xc3f6b]  (no source info available)
V  [jvm.dll+0x193cee]  (no source info available)
V  [jvm.dll+0x1aa6b5]  (no source info available)
V  [jvm.dll+0x153205]  (no source info available)
V  [jvm.dll+0x153507]  (no source info available)
V  [jvm.dll+0x1538a0]  (no source info available)
V  [jvm.dll+0x152c1d]  (no source info available)
V  [jvm.dll+0x154add]  (no source info available)
V  [jvm.dll+0x2568f3]  (no source info available)
V  [jvm.dll+0x254baa]  (no source info available)
V  [jvm.dll+0x3f57a6]  (no source info available)
V  [jvm.dll+0x81dc0b]  (no source info available)
V  [jvm.dll+0x6e0d85]  (no source info available)
C  [ucrtbase.dll+0x21bb2]  (no source info available)
C  [KERNEL32.DLL+0x17374]  (no source info available)
C  [ntdll.dll+0x4cc91]  (no source info available)


---------------  P R O C E S S  ---------------

Threads class SMR info:
_java_thread_list=0x000001b3c5a62ce0, length=17, elements={
0x000001b3da94d750, 0x000001b3ea6eca50, 0x000001b3ea6eeb30, 0x000001b3ea6f29c0,
0x000001b3ea6f3420, 0x000001b3ea6f3e80, 0x000001b3ea6f48e0, 0x000001b3ea6f5340,
0x000001b3c5130040, 0x000001b3c51308b0, 0x000001b3ea712320, 0x000001b3c5774810,
0x000001b3c5774e80, 0x000001b3c5a7a5b0, 0x000001b3c5a8c490, 0x000001b3c5aff5a0,
0x000001b3c5b1d300
}

Java Threads: ( => current thread )
  0x000001b3da94d750 JavaThread "main"                              [_thread_in_vm, id=8580, stack(0x000000813b500000,0x000000813b600000) (1024K)]
  0x000001b3ea6eca50 JavaThread "Reference Handler"          daemon [_thread_blocked, id=1984, stack(0x000000813bd00000,0x000000813be00000) (1024K)]
  0x000001b3ea6eeb30 JavaThread "Finalizer"                  daemon [_thread_blocked, id=3144, stack(0x000000813be00000,0x000000813bf00000) (1024K)]
  0x000001b3ea6f29c0 JavaThread "Signal Dispatcher"          daemon [_thread_blocked, id=7912, stack(0x000000813bf00000,0x000000813c000000) (1024K)]
  0x000001b3ea6f3420 JavaThread "Attach Listener"            daemon [_thread_blocked, id=5908, stack(0x000000813c000000,0x000000813c100000) (1024K)]
  0x000001b3ea6f3e80 JavaThread "Service Thread"             daemon [_thread_blocked, id=3052, stack(0x000000813c100000,0x000000813c200000) (1024K)]
  0x000001b3ea6f48e0 JavaThread "Monitor Deflation Thread"   daemon [_thread_blocked, id=12016, stack(0x000000813c200000,0x000000813c300000) (1024K)]
=>0x000001b3ea6f5340 JavaThread "C1 CompilerThread0"         daemon [_thread_in_native, id=13984, stack(0x000000813c300000,0x000000813c400000) (1024K)]
  0x000001b3c5130040 JavaThread "C1 CompilerThread1"         daemon [_thread_blocked, id=1788, stack(0x000000813c400000,0x000000813c500000) (1024K)]
  0x000001b3c51308b0 JavaThread "C1 CompilerThread2"         daemon [_thread_blocked, id=3292, stack(0x000000813c500000,0x000000813c600000) (1024K)]
  0x000001b3ea712320 JavaThread "Common-Cleaner"             daemon [_thread_blocked, id=8284, stack(0x000000813c600000,0x000000813c700000) (1024K)]
  0x000001b3c5774810 JavaThread "Monitor Ctrl-Break"         daemon [_thread_in_native, id=4104, stack(0x000000813c700000,0x000000813c800000) (1024K)]
  0x000001b3c5774e80 JavaThread "Notification Thread"        daemon [_thread_blocked, id=12624, stack(0x000000813c800000,0x000000813c900000) (1024K)]
  0x000001b3c5a7a5b0 JavaThread "RMI TCP Accept-0"           daemon [_thread_in_native, id=6800, stack(0x000000813cc00000,0x000000813cd00000) (1024K)]
  0x000001b3c5a8c490 JavaThread "RMI TCP Connection(1)-192.168.80.1" daemon [_thread_in_native, id=1272, stack(0x000000813cd00000,0x000000813ce00000) (1024K)]
  0x000001b3c5aff5a0 JavaThread "RMI Scheduler(0)"           daemon [_thread_blocked, id=14080, stack(0x000000813ce00000,0x000000813cf00000) (1024K)]
  0x000001b3c5b1d300 JavaThread "JMX server connection timeout 28" daemon [_thread_blocked, id=5556, stack(0x000000813cf00000,0x000000813d000000) (1024K)]
Total: 17

Other Threads:
  0x000001b3ea6cb1f0 VMThread "VM Thread"                           [id=14116, stack(0x000000813bc00000,0x000000813bd00000) (1024K)]
  0x000001b3ea6b5130 WatcherThread "VM Periodic Task Thread"        [id=5324, stack(0x000000813bb00000,0x000000813bc00000) (1024K)]
  0x000001b3da9a3ec0 WorkerThread "GC Thread#0"                     [id=13488, stack(0x000000813b600000,0x000000813b700000) (1024K)]
  0x000001b3c590a600 WorkerThread "GC Thread#1"                     [id=11844, stack(0x000000813c900000,0x000000813ca00000) (1024K)]
  0x000001b3c590a9b0 WorkerThread "GC Thread#2"                     [id=6548, stack(0x000000813ca00000,0x000000813cb00000) (1024K)]
  0x000001b3c5928d30 WorkerThread "GC Thread#3"                     [id=5932, stack(0x000000813cb00000,0x000000813cc00000) (1024K)]
  0x000001b3d889df10 ConcurrentGCThread "G1 Main Marker"            [id=1560, stack(0x000000813b700000,0x000000813b800000) (1024K)]
  0x000001b3d889e930 WorkerThread "G1 Conc#0"                       [id=10312, stack(0x000000813b800000,0x000000813b900000) (1024K)]
  0x000001b3da9fe780 ConcurrentGCThread "G1 Refine#0"               [id=13888, stack(0x000000813b900000,0x000000813ba00000) (1024K)]
  0x000001b3ea57b540 ConcurrentGCThread "G1 Service"                [id=10780, stack(0x000000813ba00000,0x000000813bb00000) (1024K)]
Total: 10

Threads with active compile tasks:
C1 CompilerThread0  1336 1498       1       java.net.URLStreamHandler::parseURL (1124 bytes)
Total: 1

VM state: not at safepoint (normal execution)

VM Mutex/Monitor currently owned by a thread: None

Heap address: 0x0000000081400000, size: 2028 MB, Compressed Oops mode: 32-bit

CDS archive(s) mapped at: [0x000001b380000000-0x000001b380c60000-0x000001b380c60000), size 12976128, SharedBaseAddress: 0x000001b380000000, ArchiveRelocationMode: 1.
Compressed class space mapped at: 0x000001b381000000-0x000001b3c1000000, reserved size: 1073741824
Narrow klass base: 0x000001b380000000, Narrow klass shift: 0, Narrow klass range: 0x41000000

GC Precious Log:
 CardTable entry size: 512
 Card Set container configuration: InlinePtr #cards 5 size 8 Array Of Cards #cards 12 size 40 Howl #buckets 4 coarsen threshold 1843 Howl Bitmap #cards 512 size 80 coarsen threshold 460 Card regions per heap region 1 cards per card region 2048
 CPUs: 4 total, 4 available
 Memory: 8107M
 Large Page Support: Disabled
 NUMA Support: Disabled
 Compressed Oops: Enabled (32-bit)
 Heap Region Size: 1M
 Heap Min Capacity: 8M
 Heap Initial Capacity: 128M
 Heap Max Capacity: 2028M
 Pre-touch: Disabled
 Parallel Workers: 4
 Concurrent Workers: 1
 Concurrent Refinement Workers: 4
 Periodic GC: Disabled

Heap:
 garbage-first heap   total reserved 2076672K, committed 131072K, used 17791K [0x0000000081400000, 0x0000000100000000)
  region size 1024K, 12 young (12288K), 2 survivors (2048K)
 Metaspace       used 7282K, committed 7552K, reserved 1114112K
  class space    used 906K, committed 1024K, reserved 1048576K

Heap Regions: E=young(eden), S=young(survivor), O=old, HS=humongous(starts), HC=humongous(continues), CS=collection set, F=free, TAMS=top-at-mark-start, PB=parsable bottom
|   0|0x0000000081400000, 0x0000000081500000, 0x0000000081500000|100%|HS|  |TAMS 0x0000000081400000| PB 0x0000000081400000| Complete |  0
|   1|0x0000000081500000, 0x0000000081600000, 0x0000000081600000|100%|HS|  |TAMS 0x0000000081500000| PB 0x0000000081500000| Complete |  0
|   2|0x0000000081600000, 0x0000000081700000, 0x0000000081700000|100%| O|  |TAMS 0x0000000081600000| PB 0x0000000081600000| Untracked |  0
|   3|0x0000000081700000, 0x0000000081800000, 0x0000000081800000|100%| O|  |TAMS 0x0000000081700000| PB 0x0000000081700000| Untracked |  0
|   4|0x0000000081800000, 0x0000000081900000, 0x0000000081900000|100%| O|  |TAMS 0x0000000081800000| PB 0x0000000081800000| Untracked |  0
|   5|0x0000000081900000, 0x0000000081a00000, 0x0000000081a00000|100%| O|  |TAMS 0x0000000081900000| PB 0x0000000081900000| Untracked |  0
|   6|0x0000000081a00000, 0x0000000081a5ffa0, 0x0000000081b00000| 37%| O|  |TAMS 0x0000000081a00000| PB 0x0000000081a00000| Untracked |  0
|   7|0x0000000081b00000, 0x0000000081b00000, 0x0000000081c00000|  0%| F|  |TAMS 0x0000000081b00000| PB 0x0000000081b00000| Untracked |  0
|   8|0x0000000081c00000, 0x0000000081c00000, 0x0000000081d00000|  0%| F|  |TAMS 0x0000000081c00000| PB 0x0000000081c00000| Untracked |  0
|   9|0x0000000081d00000, 0x0000000081d00000, 0x0000000081e00000|  0%| F|  |TAMS 0x0000000081d00000| PB 0x0000000081d00000| Untracked |  0
|  10|0x0000000081e00000, 0x0000000081e00000, 0x0000000081f00000|  0%| F|  |TAMS 0x0000000081e00000| PB 0x0000000081e00000| Untracked |  0
|  11|0x0000000081f00000, 0x0000000081f00000, 0x0000000082000000|  0%| F|  |TAMS 0x0000000081f00000| PB 0x0000000081f00000| Untracked |  0
|  12|0x0000000082000000, 0x0000000082000000, 0x0000000082100000|  0%| F|  |TAMS 0x0000000082000000| PB 0x0000000082000000| Untracked |  0
|  13|0x0000000082100000, 0x0000000082100000, 0x0000000082200000|  0%| F|  |TAMS 0x0000000082100000| PB 0x0000000082100000| Untracked |  0
|  14|0x0000000082200000, 0x0000000082200000, 0x0000000082300000|  0%| F|  |TAMS 0x0000000082200000| PB 0x0000000082200000| Untracked |  0
|  15|0x0000000082300000, 0x0000000082300000, 0x0000000082400000|  0%| F|  |TAMS 0x0000000082300000| PB 0x0000000082300000| Untracked |  0
|  16|0x0000000082400000, 0x0000000082400000, 0x0000000082500000|  0%| F|  |TAMS 0x0000000082400000| PB 0x0000000082400000| Untracked |  0
|  17|0x0000000082500000, 0x0000000082500000, 0x0000000082600000|  0%| F|  |TAMS 0x0000000082500000| PB 0x0000000082500000| Untracked |  0
|  18|0x0000000082600000, 0x0000000082600000, 0x0000000082700000|  0%| F|  |TAMS 0x0000000082600000| PB 0x0000000082600000| Untracked |  0
|  19|0x0000000082700000, 0x0000000082700000, 0x0000000082800000|  0%| F|  |TAMS 0x0000000082700000| PB 0x0000000082700000| Untracked |  0
|  20|0x0000000082800000, 0x0000000082800000, 0x0000000082900000|  0%| F|  |TAMS 0x0000000082800000| PB 0x0000000082800000| Untracked |  0
|  21|0x0000000082900000, 0x0000000082900000, 0x0000000082a00000|  0%| F|  |TAMS 0x0000000082900000| PB 0x0000000082900000| Untracked |  0
|  22|0x0000000082a00000, 0x0000000082a00000, 0x0000000082b00000|  0%| F|  |TAMS 0x0000000082a00000| PB 0x0000000082a00000| Untracked |  0
|  23|0x0000000082b00000, 0x0000000082b00000, 0x0000000082c00000|  0%| F|  |TAMS 0x0000000082b00000| PB 0x0000000082b00000| Untracked |  0
|  24|0x0000000082c00000, 0x0000000082c00000, 0x0000000082d00000|  0%| F|  |TAMS 0x0000000082c00000| PB 0x0000000082c00000| Untracked |  0
|  25|0x0000000082d00000, 0x0000000082d00000, 0x0000000082e00000|  0%| F|  |TAMS 0x0000000082d00000| PB 0x0000000082d00000| Untracked |  0
|  26|0x0000000082e00000, 0x0000000082e00000, 0x0000000082f00000|  0%| F|  |TAMS 0x0000000082e00000| PB 0x0000000082e00000| Untracked |  0
|  27|0x0000000082f00000, 0x0000000082f00000, 0x0000000083000000|  0%| F|  |TAMS 0x0000000082f00000| PB 0x0000000082f00000| Untracked |  0
|  28|0x0000000083000000, 0x0000000083000000, 0x0000000083100000|  0%| F|  |TAMS 0x0000000083000000| PB 0x0000000083000000| Untracked |  0
|  29|0x0000000083100000, 0x0000000083100000, 0x0000000083200000|  0%| F|  |TAMS 0x0000000083100000| PB 0x0000000083100000| Untracked |  0
|  30|0x0000000083200000, 0x0000000083200000, 0x0000000083300000|  0%| F|  |TAMS 0x0000000083200000| PB 0x0000000083200000| Untracked |  0
|  31|0x0000000083300000, 0x0000000083300000, 0x0000000083400000|  0%| F|  |TAMS 0x0000000083300000| PB 0x0000000083300000| Untracked |  0
|  32|0x0000000083400000, 0x0000000083400000, 0x0000000083500000|  0%| F|  |TAMS 0x0000000083400000| PB 0x0000000083400000| Untracked |  0
|  33|0x0000000083500000, 0x0000000083500000, 0x0000000083600000|  0%| F|  |TAMS 0x0000000083500000| PB 0x0000000083500000| Untracked |  0
|  34|0x0000000083600000, 0x0000000083600000, 0x0000000083700000|  0%| F|  |TAMS 0x0000000083600000| PB 0x0000000083600000| Untracked |  0
|  35|0x0000000083700000, 0x0000000083700000, 0x0000000083800000|  0%| F|  |TAMS 0x0000000083700000| PB 0x0000000083700000| Untracked |  0
|  36|0x0000000083800000, 0x0000000083800000, 0x0000000083900000|  0%| F|  |TAMS 0x0000000083800000| PB 0x0000000083800000| Untracked |  0
|  37|0x0000000083900000, 0x0000000083900000, 0x0000000083a00000|  0%| F|  |TAMS 0x0000000083900000| PB 0x0000000083900000| Untracked |  0
|  38|0x0000000083a00000, 0x0000000083a00000, 0x0000000083b00000|  0%| F|  |TAMS 0x0000000083a00000| PB 0x0000000083a00000| Untracked |  0
|  39|0x0000000083b00000, 0x0000000083b00000, 0x0000000083c00000|  0%| F|  |TAMS 0x0000000083b00000| PB 0x0000000083b00000| Untracked |  0
|  40|0x0000000083c00000, 0x0000000083c00000, 0x0000000083d00000|  0%| F|  |TAMS 0x0000000083c00000| PB 0x0000000083c00000| Untracked |  0
|  41|0x0000000083d00000, 0x0000000083d00000, 0x0000000083e00000|  0%| F|  |TAMS 0x0000000083d00000| PB 0x0000000083d00000| Untracked |  0
|  42|0x0000000083e00000, 0x0000000083e00000, 0x0000000083f00000|  0%| F|  |TAMS 0x0000000083e00000| PB 0x0000000083e00000| Untracked |  0
|  43|0x0000000083f00000, 0x0000000083f00000, 0x0000000084000000|  0%| F|  |TAMS 0x0000000083f00000| PB 0x0000000083f00000| Untracked |  0
|  44|0x0000000084000000, 0x0000000084000000, 0x0000000084100000|  0%| F|  |TAMS 0x0000000084000000| PB 0x0000000084000000| Untracked |  0
|  45|0x0000000084100000, 0x0000000084100000, 0x0000000084200000|  0%| F|  |TAMS 0x0000000084100000| PB 0x0000000084100000| Untracked |  0
|  46|0x0000000084200000, 0x0000000084200000, 0x0000000084300000|  0%| F|  |TAMS 0x0000000084200000| PB 0x0000000084200000| Untracked |  0
|  47|0x0000000084300000, 0x0000000084300000, 0x0000000084400000|  0%| F|  |TAMS 0x0000000084300000| PB 0x0000000084300000| Untracked |  0
|  48|0x0000000084400000, 0x0000000084400000, 0x0000000084500000|  0%| F|  |TAMS 0x0000000084400000| PB 0x0000000084400000| Untracked |  0
|  49|0x0000000084500000, 0x0000000084500000, 0x0000000084600000|  0%| F|  |TAMS 0x0000000084500000| PB 0x0000000084500000| Untracked |  0
|  50|0x0000000084600000, 0x0000000084600000, 0x0000000084700000|  0%| F|  |TAMS 0x0000000084600000| PB 0x0000000084600000| Untracked |  0
|  51|0x0000000084700000, 0x0000000084700000, 0x0000000084800000|  0%| F|  |TAMS 0x0000000084700000| PB 0x0000000084700000| Untracked |  0
|  52|0x0000000084800000, 0x0000000084800000, 0x0000000084900000|  0%| F|  |TAMS 0x0000000084800000| PB 0x0000000084800000| Untracked |  0
|  53|0x0000000084900000, 0x0000000084900000, 0x0000000084a00000|  0%| F|  |TAMS 0x0000000084900000| PB 0x0000000084900000| Untracked |  0
|  54|0x0000000084a00000, 0x0000000084a00000, 0x0000000084b00000|  0%| F|  |TAMS 0x0000000084a00000| PB 0x0000000084a00000| Untracked |  0
|  55|0x0000000084b00000, 0x0000000084b00000, 0x0000000084c00000|  0%| F|  |TAMS 0x0000000084b00000| PB 0x0000000084b00000| Untracked |  0
|  56|0x0000000084c00000, 0x0000000084c00000, 0x0000000084d00000|  0%| F|  |TAMS 0x0000000084c00000| PB 0x0000000084c00000| Untracked |  0
|  57|0x0000000084d00000, 0x0000000084d00000, 0x0000000084e00000|  0%| F|  |TAMS 0x0000000084d00000| PB 0x0000000084d00000| Untracked |  0
|  58|0x0000000084e00000, 0x0000000084e00000, 0x0000000084f00000|  0%| F|  |TAMS 0x0000000084e00000| PB 0x0000000084e00000| Untracked |  0
|  59|0x0000000084f00000, 0x0000000084f00000, 0x0000000085000000|  0%| F|  |TAMS 0x0000000084f00000| PB 0x0000000084f00000| Untracked |  0
|  60|0x0000000085000000, 0x0000000085000000, 0x0000000085100000|  0%| F|  |TAMS 0x0000000085000000| PB 0x0000000085000000| Untracked |  0
|  61|0x0000000085100000, 0x0000000085100000, 0x0000000085200000|  0%| F|  |TAMS 0x0000000085100000| PB 0x0000000085100000| Untracked |  0
|  62|0x0000000085200000, 0x0000000085200000, 0x0000000085300000|  0%| F|  |TAMS 0x0000000085200000| PB 0x0000000085200000| Untracked |  0
|  63|0x0000000085300000, 0x0000000085300000, 0x0000000085400000|  0%| F|  |TAMS 0x0000000085300000| PB 0x0000000085300000| Untracked |  0
|  64|0x0000000085400000, 0x0000000085400000, 0x0000000085500000|  0%| F|  |TAMS 0x0000000085400000| PB 0x0000000085400000| Untracked |  0
|  65|0x0000000085500000, 0x0000000085500000, 0x0000000085600000|  0%| F|  |TAMS 0x0000000085500000| PB 0x0000000085500000| Untracked |  0
|  66|0x0000000085600000, 0x0000000085600000, 0x0000000085700000|  0%| F|  |TAMS 0x0000000085600000| PB 0x0000000085600000| Untracked |  0
|  67|0x0000000085700000, 0x0000000085700000, 0x0000000085800000|  0%| F|  |TAMS 0x0000000085700000| PB 0x0000000085700000| Untracked |  0
|  68|0x0000000085800000, 0x0000000085800000, 0x0000000085900000|  0%| F|  |TAMS 0x0000000085800000| PB 0x0000000085800000| Untracked |  0
|  69|0x0000000085900000, 0x0000000085900000, 0x0000000085a00000|  0%| F|  |TAMS 0x0000000085900000| PB 0x0000000085900000| Untracked |  0
|  70|0x0000000085a00000, 0x0000000085a00000, 0x0000000085b00000|  0%| F|  |TAMS 0x0000000085a00000| PB 0x0000000085a00000| Untracked |  0
|  71|0x0000000085b00000, 0x0000000085b00000, 0x0000000085c00000|  0%| F|  |TAMS 0x0000000085b00000| PB 0x0000000085b00000| Untracked |  0
|  72|0x0000000085c00000, 0x0000000085c00000, 0x0000000085d00000|  0%| F|  |TAMS 0x0000000085c00000| PB 0x0000000085c00000| Untracked |  0
|  73|0x0000000085d00000, 0x0000000085d00000, 0x0000000085e00000|  0%| F|  |TAMS 0x0000000085d00000| PB 0x0000000085d00000| Untracked |  0
|  74|0x0000000085e00000, 0x0000000085e00000, 0x0000000085f00000|  0%| F|  |TAMS 0x0000000085e00000| PB 0x0000000085e00000| Untracked |  0
|  75|0x0000000085f00000, 0x0000000085f00000, 0x0000000086000000|  0%| F|  |TAMS 0x0000000085f00000| PB 0x0000000085f00000| Untracked |  0
|  76|0x0000000086000000, 0x0000000086000000, 0x0000000086100000|  0%| F|  |TAMS 0x0000000086000000| PB 0x0000000086000000| Untracked |  0
|  77|0x0000000086100000, 0x0000000086100000, 0x0000000086200000|  0%| F|  |TAMS 0x0000000086100000| PB 0x0000000086100000| Untracked |  0
|  78|0x0000000086200000, 0x0000000086200000, 0x0000000086300000|  0%| F|  |TAMS 0x0000000086200000| PB 0x0000000086200000| Untracked |  0
|  79|0x0000000086300000, 0x0000000086300000, 0x0000000086400000|  0%| F|  |TAMS 0x0000000086300000| PB 0x0000000086300000| Untracked |  0
|  80|0x0000000086400000, 0x0000000086400000, 0x0000000086500000|  0%| F|  |TAMS 0x0000000086400000| PB 0x0000000086400000| Untracked |  0
|  81|0x0000000086500000, 0x0000000086500000, 0x0000000086600000|  0%| F|  |TAMS 0x0000000086500000| PB 0x0000000086500000| Untracked |  0
|  82|0x0000000086600000, 0x0000000086600000, 0x0000000086700000|  0%| F|  |TAMS 0x0000000086600000| PB 0x0000000086600000| Untracked |  0
|  83|0x0000000086700000, 0x0000000086700000, 0x0000000086800000|  0%| F|  |TAMS 0x0000000086700000| PB 0x0000000086700000| Untracked |  0
|  84|0x0000000086800000, 0x0000000086800000, 0x0000000086900000|  0%| F|  |TAMS 0x0000000086800000| PB 0x0000000086800000| Untracked |  0
|  85|0x0000000086900000, 0x0000000086900000, 0x0000000086a00000|  0%| F|  |TAMS 0x0000000086900000| PB 0x0000000086900000| Untracked |  0
|  86|0x0000000086a00000, 0x0000000086a00000, 0x0000000086b00000|  0%| F|  |TAMS 0x0000000086a00000| PB 0x0000000086a00000| Untracked |  0
|  87|0x0000000086b00000, 0x0000000086b00000, 0x0000000086c00000|  0%| F|  |TAMS 0x0000000086b00000| PB 0x0000000086b00000| Untracked |  0
|  88|0x0000000086c00000, 0x0000000086c00000, 0x0000000086d00000|  0%| F|  |TAMS 0x0000000086c00000| PB 0x0000000086c00000| Untracked |  0
|  89|0x0000000086d00000, 0x0000000086d00000, 0x0000000086e00000|  0%| F|  |TAMS 0x0000000086d00000| PB 0x0000000086d00000| Untracked |  0
|  90|0x0000000086e00000, 0x0000000086e00000, 0x0000000086f00000|  0%| F|  |TAMS 0x0000000086e00000| PB 0x0000000086e00000| Untracked |  0
|  91|0x0000000086f00000, 0x0000000086f00000, 0x0000000087000000|  0%| F|  |TAMS 0x0000000086f00000| PB 0x0000000086f00000| Untracked |  0
|  92|0x0000000087000000, 0x0000000087000000, 0x0000000087100000|  0%| F|  |TAMS 0x0000000087000000| PB 0x0000000087000000| Untracked |  0
|  93|0x0000000087100000, 0x0000000087100000, 0x0000000087200000|  0%| F|  |TAMS 0x0000000087100000| PB 0x0000000087100000| Untracked |  0
|  94|0x0000000087200000, 0x0000000087200000, 0x0000000087300000|  0%| F|  |TAMS 0x0000000087200000| PB 0x0000000087200000| Untracked |  0
|  95|0x0000000087300000, 0x0000000087300000, 0x0000000087400000|  0%| F|  |TAMS 0x0000000087300000| PB 0x0000000087300000| Untracked |  0
|  96|0x0000000087400000, 0x0000000087400000, 0x0000000087500000|  0%| F|  |TAMS 0x0000000087400000| PB 0x0000000087400000| Untracked |  0
|  97|0x0000000087500000, 0x0000000087500000, 0x0000000087600000|  0%| F|  |TAMS 0x0000000087500000| PB 0x0000000087500000| Untracked |  0
|  98|0x0000000087600000, 0x0000000087600000, 0x0000000087700000|  0%| F|  |TAMS 0x0000000087600000| PB 0x0000000087600000| Untracked |  0
|  99|0x0000000087700000, 0x0000000087700000, 0x0000000087800000|  0%| F|  |TAMS 0x0000000087700000| PB 0x0000000087700000| Untracked |  0
| 100|0x0000000087800000, 0x0000000087800000, 0x0000000087900000|  0%| F|  |TAMS 0x0000000087800000| PB 0x0000000087800000| Untracked |  0
| 101|0x0000000087900000, 0x0000000087900000, 0x0000000087a00000|  0%| F|  |TAMS 0x0000000087900000| PB 0x0000000087900000| Untracked |  0
| 102|0x0000000087a00000, 0x0000000087a00000, 0x0000000087b00000|  0%| F|  |TAMS 0x0000000087a00000| PB 0x0000000087a00000| Untracked |  0
| 103|0x0000000087b00000, 0x0000000087b00000, 0x0000000087c00000|  0%| F|  |TAMS 0x0000000087b00000| PB 0x0000000087b00000| Untracked |  0
| 104|0x0000000087c00000, 0x0000000087c00000, 0x0000000087d00000|  0%| F|  |TAMS 0x0000000087c00000| PB 0x0000000087c00000| Untracked |  0
| 105|0x0000000087d00000, 0x0000000087d00000, 0x0000000087e00000|  0%| F|  |TAMS 0x0000000087d00000| PB 0x0000000087d00000| Untracked |  0
| 106|0x0000000087e00000, 0x0000000087e00000, 0x0000000087f00000|  0%| F|  |TAMS 0x0000000087e00000| PB 0x0000000087e00000| Untracked |  0
| 107|0x0000000087f00000, 0x0000000087f00000, 0x0000000088000000|  0%| F|  |TAMS 0x0000000087f00000| PB 0x0000000087f00000| Untracked |  0
| 108|0x0000000088000000, 0x0000000088000000, 0x0000000088100000|  0%| F|  |TAMS 0x0000000088000000| PB 0x0000000088000000| Untracked |  0
| 109|0x0000000088100000, 0x0000000088100000, 0x0000000088200000|  0%| F|  |TAMS 0x0000000088100000| PB 0x0000000088100000| Untracked |  0
| 110|0x0000000088200000, 0x0000000088200000, 0x0000000088300000|  0%| F|  |TAMS 0x0000000088200000| PB 0x0000000088200000| Untracked |  0
| 111|0x0000000088300000, 0x0000000088300000, 0x0000000088400000|  0%| F|  |TAMS 0x0000000088300000| PB 0x0000000088300000| Untracked |  0
| 112|0x0000000088400000, 0x0000000088500000, 0x0000000088500000|100%| S|CS|TAMS 0x0000000088400000| PB 0x0000000088400000| Complete |  0
| 113|0x0000000088500000, 0x0000000088600000, 0x0000000088600000|100%| S|CS|TAMS 0x0000000088500000| PB 0x0000000088500000| Complete |  0
| 114|0x0000000088600000, 0x0000000088600000, 0x0000000088700000|  0%| F|  |TAMS 0x0000000088600000| PB 0x0000000088600000| Untracked |  0
| 115|0x0000000088700000, 0x0000000088700000, 0x0000000088800000|  0%| F|  |TAMS 0x0000000088700000| PB 0x0000000088700000| Untracked |  0
| 116|0x0000000088800000, 0x0000000088800000, 0x0000000088900000|  0%| F|  |TAMS 0x0000000088800000| PB 0x0000000088800000| Untracked |  0
| 117|0x0000000088900000, 0x0000000088900000, 0x0000000088a00000|  0%| F|  |TAMS 0x0000000088900000| PB 0x0000000088900000| Untracked |  0
| 118|0x0000000088a00000, 0x0000000088a82860, 0x0000000088b00000| 50%| E|  |TAMS 0x0000000088a00000| PB 0x0000000088a00000| Complete |  0
| 119|0x0000000088b00000, 0x0000000088c00000, 0x0000000088c00000|100%| E|CS|TAMS 0x0000000088b00000| PB 0x0000000088b00000| Complete |  0
| 120|0x0000000088c00000, 0x0000000088d00000, 0x0000000088d00000|100%| E|CS|TAMS 0x0000000088c00000| PB 0x0000000088c00000| Complete |  0
| 121|0x0000000088d00000, 0x0000000088e00000, 0x0000000088e00000|100%| E|CS|TAMS 0x0000000088d00000| PB 0x0000000088d00000| Complete |  0
| 122|0x0000000088e00000, 0x0000000088f00000, 0x0000000088f00000|100%| E|CS|TAMS 0x0000000088e00000| PB 0x0000000088e00000| Complete |  0
| 123|0x0000000088f00000, 0x0000000089000000, 0x0000000089000000|100%| E|CS|TAMS 0x0000000088f00000| PB 0x0000000088f00000| Complete |  0
| 124|0x0000000089000000, 0x0000000089100000, 0x0000000089100000|100%| E|CS|TAMS 0x0000000089000000| PB 0x0000000089000000| Complete |  0
| 125|0x0000000089100000, 0x0000000089200000, 0x0000000089200000|100%| E|CS|TAMS 0x0000000089100000| PB 0x0000000089100000| Complete |  0
| 126|0x0000000089200000, 0x0000000089300000, 0x0000000089300000|100%| E|CS|TAMS 0x0000000089200000| PB 0x0000000089200000| Complete |  0
| 127|0x0000000089300000, 0x0000000089400000, 0x0000000089400000|100%| E|CS|TAMS 0x0000000089300000| PB 0x0000000089300000| Complete |  0

Card table byte_map: [0x000001b3e6080000,0x000001b3e6480000] _byte_map_base: 0x000001b3e5c76000

Marking Bits: (CMBitMap*) 0x000001b3da9a4cf0
 Bits: [0x000001b3e6480000, 0x000001b3e8430000)

Polling page: 0x000001b3d88c0000

Metaspace:

Usage:
  Non-class:      6.23 MB used.
      Class:    906.78 KB used.
       Both:      7.11 MB used.

Virtual space:
  Non-class space:       64.00 MB reserved,       6.38 MB ( 10%) committed,  1 nodes.
      Class space:        1.00 GB reserved,       1.00 MB ( <1%) committed,  1 nodes.
             Both:        1.06 GB reserved,       7.38 MB ( <1%) committed. 

Chunk freelists:
   Non-Class:  9.62 MB
       Class:  15.01 MB
        Both:  24.64 MB

MaxMetaspaceSize: unlimited
CompressedClassSpaceSize: 1.00 GB
Initial GC threshold: 21.00 MB
Current GC threshold: 21.00 MB
CDS: on
 - commit_granule_bytes: 65536.
 - commit_granule_words: 8192.
 - virtual_space_node_default_size: 8388608.
 - enlarge_chunks_in_place: 1.
 - use_allocation_guard: 0.


Internal statistics:

num_allocs_failed_limit: 0.
num_arena_births: 278.
num_arena_deaths: 0.
num_vsnodes_births: 2.
num_vsnodes_deaths: 0.
num_space_committed: 118.
num_space_uncommitted: 0.
num_chunks_returned_to_freelist: 0.
num_chunks_taken_from_freelist: 420.
num_chunk_merges: 0.
num_chunk_splits: 242.
num_chunks_enlarged: 102.
num_inconsistent_stats: 0.

CodeCache: size=49152Kb used=4483Kb max_used=4483Kb free=44668Kb
 bounds [0x000001b3e2c80000, 0x000001b3e30f0000, 0x000001b3e5c80000]
 total_blobs=1994 nmethods=1499 adapters=418
 compilation: enabled
              stopped_count=0, restarted_count=0
 full_count=0

Compilation events (20 events):
Event: 1.246 Thread 0x000001b3ea6f5340 1486       1       java.util.concurrent.locks.ReentrantLock::<init> (16 bytes)
Event: 1.246 Thread 0x000001b3c5130040 nmethod 1485 0x000001b3e30dcd90 code [0x000001b3e30dcf20, 0x000001b3e30dcfe8]
Event: 1.246 Thread 0x000001b3ea6f5340 nmethod 1486 0x000001b3e30dd090 code [0x000001b3e30dd220, 0x000001b3e30dd398]
Event: 1.268 Thread 0x000001b3c51308b0 1488       1       java.lang.invoke.TypeConvertingMethodAdapter::cast (42 bytes)
Event: 1.269 Thread 0x000001b3c51308b0 nmethod 1488 0x000001b3e30dd710 code [0x000001b3e30dd8e0, 0x000001b3e30ddaa8]
Event: 1.269 Thread 0x000001b3ea6f5340 1489       1       java.util.concurrent.locks.ReentrantLock::newCondition (8 bytes)
Event: 1.269 Thread 0x000001b3c5130040 1490       1       java.util.concurrent.locks.ReentrantLock$Sync::newCondition (9 bytes)
Event: 1.269 Thread 0x000001b3c51308b0 1491       1       java.util.concurrent.locks.AbstractQueuedSynchronizer$ConditionObject::<init> (10 bytes)
Event: 1.269 Thread 0x000001b3c51308b0 nmethod 1491 0x000001b3e30ddc10 code [0x000001b3e30ddda0, 0x000001b3e30ddeb0]
Event: 1.269 Thread 0x000001b3ea6f5340 nmethod 1489 0x000001b3e30ddf10 code [0x000001b3e30de0a0, 0x000001b3e30de218]
Event: 1.269 Thread 0x000001b3c51308b0 1492       1       java.lang.ref.ReferenceQueue::<init> (32 bytes)
Event: 1.269 Thread 0x000001b3c5130040 nmethod 1490 0x000001b3e30de310 code [0x000001b3e30de4a0, 0x000001b3e30de610]
Event: 1.270 Thread 0x000001b3c51308b0 nmethod 1492 0x000001b3e30de690 code [0x000001b3e30de840, 0x000001b3e30debb0]
Event: 1.274 Thread 0x000001b3c5130040 1497       1       java.util.zip.ZipEntry::getName (5 bytes)
Event: 1.274 Thread 0x000001b3c5130040 nmethod 1497 0x000001b3e30e0310 code [0x000001b3e30e04a0, 0x000001b3e30e0568]
Event: 1.278 Thread 0x000001b3ea6f5340 1498       1       java.net.URLStreamHandler::parseURL (1124 bytes)
Event: 1.281 Thread 0x000001b3c5130040 1499       1       java.nio.file.attribute.FileTime::from (18 bytes)
Event: 1.281 Thread 0x000001b3c51308b0 1500       1       java.nio.file.attribute.FileTime::<init> (21 bytes)
Event: 1.281 Thread 0x000001b3c51308b0 nmethod 1500 0x000001b3e30e0610 code [0x000001b3e30e07a0, 0x000001b3e30e0908]
Event: 1.281 Thread 0x000001b3c5130040 nmethod 1499 0x000001b3e30e0990 code [0x000001b3e30e0b40, 0x000001b3e30e0d68]

GC Heap History (2 events):
Event: 0.761 GC heap before
{Heap before GC invocations=0 (full 0):
 garbage-first heap   total reserved 2076672K, committed 131072K, used 15360K [0x0000000081400000, 0x0000000100000000)
  region size 1024K, 14 young (14336K), 0 survivors (0K)
 Metaspace       used 3376K, committed 3520K, reserved 1114112K
  class space    used 392K, committed 448K, reserved 1048576K
}
Event: 0.770 GC heap after
{Heap after GC invocations=1 (full 0):
 garbage-first heap   total reserved 2076672K, committed 131072K, used 8575K [0x0000000081400000, 0x0000000100000000)
  region size 1024K, 2 young (2048K), 2 survivors (2048K)
 Metaspace       used 3376K, committed 3520K, reserved 1114112K
  class space    used 392K, committed 448K, reserved 1048576K
}

Dll operation events (11 events):
Event: 0.019 Loaded shared library C:\Users\hp\.jdks\openjdk-22.0.2\bin\java.dll
Event: 0.330 Loaded shared library C:\Users\hp\.jdks\openjdk-22.0.2\bin\zip.dll
Event: 0.337 Loaded shared library C:\Users\hp\.jdks\openjdk-22.0.2\bin\instrument.dll
Event: 0.342 Loaded shared library C:\Users\hp\.jdks\openjdk-22.0.2\bin\net.dll
Event: 0.345 Loaded shared library C:\Users\hp\.jdks\openjdk-22.0.2\bin\nio.dll
Event: 0.349 Loaded shared library C:\Users\hp\.jdks\openjdk-22.0.2\bin\zip.dll
Event: 0.413 Loaded shared library C:\Users\hp\.jdks\openjdk-22.0.2\bin\jimage.dll
Event: 0.504 Loaded shared library C:\Program Files\JetBrains\IntelliJ IDEA 2024.3.1.1\bin\breakgen64.dll
Event: 0.514 Loaded shared library C:\Users\hp\.jdks\openjdk-22.0.2\bin\management.dll
Event: 0.515 Loaded shared library C:\Users\hp\.jdks\openjdk-22.0.2\bin\extnet.dll
Event: 0.535 Loaded shared library C:\Users\hp\.jdks\openjdk-22.0.2\bin\management_ext.dll

Deoptimization events (0 events):
No events

Classes loaded (20 events):
Event: 1.246 Loading class java/util/IdentityHashMap$EntrySet
Event: 1.246 Loading class java/util/IdentityHashMap$EntrySet done
Event: 1.246 Loading class java/util/IdentityHashMap$EntryIterator
Event: 1.246 Loading class java/util/IdentityHashMap$EntryIterator done
Event: 1.246 Loading class java/util/IdentityHashMap$EntryIterator$Entry
Event: 1.247 Loading class java/util/IdentityHashMap$EntryIterator$Entry done
Event: 1.247 Loading class java/util/IdentityHashMap$ValueIterator
Event: 1.247 Loading class java/util/IdentityHashMap$ValueIterator done
Event: 1.276 Loading class java/net/URISyntaxException
Event: 1.276 Loading class java/net/URISyntaxException done
Event: 1.276 Loading class java/nio/file/NoSuchFileException
Event: 1.276 Loading class java/nio/file/FileSystemException
Event: 1.276 Loading class java/nio/file/FileSystemException done
Event: 1.277 Loading class java/nio/file/NoSuchFileException done
Event: 1.277 Loading class java/io/UncheckedIOException
Event: 1.277 Loading class java/io/UncheckedIOException done
Event: 1.279 Loading class java/net/HttpURLConnection
Event: 1.280 Loading class java/net/HttpURLConnection done
Event: 1.283 Loading class java/net/URLDecoder
Event: 1.283 Loading class java/net/URLDecoder done

Classes unloaded (0 events):
No events

Classes redefined (0 events):
No events

Internal exceptions (20 events):
Event: 0.893 Thread 0x000001b3ea6f3420 Exception <a 'java/lang/NoSuchMethodError'{0x000000008912bd38}: 'java.lang.Object java.lang.invoke.DirectMethodHandle$Holder.invokeStaticInit(java.lang.Object, int, int, int, int)'> (0x000000008912bd38) 
thrown [s\open\src\hotspot\share\interpreter\linkResolver.cpp, line 774]
Event: 0.911 Thread 0x000001b3ea6f3420 Exception <a 'java/lang/NoSuchMethodError'{0x0000000089171b00}: 'java.lang.Object java.lang.invoke.DirectMethodHandle$Holder.invokeStaticInit(java.lang.Object, java.lang.Object, int, int, int, int)'> (0x0000000089171b00) 
thrown [s\open\src\hotspot\share\interpreter\linkResolver.cpp, line 774]
Event: 0.935 Thread 0x000001b3ea6f3420 Exception <a 'java/lang/ClassNotFoundException'{0x000000008918f4a0}: javax/management/remote/rmi/RMIServerImpl_Skel> (0x000000008918f4a0) 
thrown [s\open\src\hotspot\share\classfile\systemDictionary.cpp, line 313]
Event: 0.954 Thread 0x000001b3ea6f3420 Exception <a 'java/lang/NoSuchMethodError'{0x00000000891ab338}: 'long java.lang.invoke.DirectMethodHandle$Holder.invokeSpecial(java.lang.Object, java.lang.Object)'> (0x00000000891ab338) 
thrown [s\open\src\hotspot\share\interpreter\linkResolver.cpp, line 774]
Event: 0.955 Thread 0x000001b3ea6f3420 Exception <a 'java/lang/NoSuchMethodError'{0x00000000891aea10}: 'long java.lang.invoke.Invokers$Holder.invokeExact_MT(java.lang.Object, java.lang.Object)'> (0x00000000891aea10) 
thrown [s\open\src\hotspot\share\interpreter\linkResolver.cpp, line 774]
Event: 0.959 Thread 0x000001b3ea6f3420 Exception <a 'java/lang/NoSuchMethodError'{0x00000000891bf8c8}: 'void java.lang.invoke.DirectMethodHandle$Holder.invokeSpecial(java.lang.Object, java.lang.Object, java.lang.Object)'> (0x00000000891bf8c8) 
thrown [s\open\src\hotspot\share\interpreter\linkResolver.cpp, line 774]
Event: 1.014 Thread 0x000001b3c5a8c490 Exception <a 'java/lang/NoSuchMethodError'{0x0000000088f81fa8}: static [B.<clinit>()V> (0x0000000088f81fa8) 
thrown [s\open\src\hotspot\share\prims\jni.cpp, line 1111]
Event: 1.015 Thread 0x000001b3c5a8c490 Exception <a 'java/lang/NoSuchMethodError'{0x0000000088f86120}: 'java.lang.Object java.lang.invoke.DirectMethodHandle$Holder.invokeInterface(java.lang.Object, java.lang.Object, java.lang.Object)'> (0x0000000088f86120) 
thrown [s\open\src\hotspot\share\interpreter\linkResolver.cpp, line 774]
Event: 1.039 Thread 0x000001b3c5a8c490 Exception <a 'java/lang/ClassNotFoundException'{0x0000000088e438f0}: javax/management/remote/rmi/RMIConnectionImpl_Skel> (0x0000000088e438f0) 
thrown [s\open\src\hotspot\share\classfile\systemDictionary.cpp, line 313]
Event: 1.043 Thread 0x000001b3c5b1d300 Exception <a 'java/lang/NoSuchMethodError'{0x0000000088ea4c20}: 'java.lang.Object java.lang.invoke.Invokers$Holder.linkToTargetMethod(java.lang.Object, long, java.lang.Object)'> (0x0000000088ea4c20) 
thrown [s\open\src\hotspot\share\interpreter\linkResolver.cpp, line 774]
Event: 1.048 Thread 0x000001b3c5a8c490 Exception <a 'java/lang/NoSuchMethodError'{0x0000000088eb0e90}: 'java.lang.Object java.lang.invoke.DirectMethodHandle$Holder.invokeInterface(java.lang.Object, java.lang.Object)'> (0x0000000088eb0e90) 
thrown [s\open\src\hotspot\share\interpreter\linkResolver.cpp, line 774]
Event: 1.055 Thread 0x000001b3c5a8c490 Exception <a 'java/lang/NoSuchMethodError'{0x0000000088ee17d8}: 'int java.lang.invoke.DelegatingMethodHandle$Holder.reinvoke_L(java.lang.Object, java.lang.Object, java.lang.Object, java.lang.Object, java.lang.Object)'> (0x0000000088ee17d8) 
thrown [s\open\src\hotspot\share\interpreter\linkResolver.cpp, line 774]
Event: 1.059 Thread 0x000001b3c5a8c490 Exception <a 'java/lang/NoSuchMethodError'{0x0000000088d08648}: 'java.lang.Object java.lang.invoke.DirectMethodHandle$Holder.invokeInterface(java.lang.Object, java.lang.Object, java.lang.Object, java.lang.Object, java.lang.Object)'> (0x0000000088d08648) 
thrown [s\open\src\hotspot\share\interpreter\linkResolver.cpp, line 774]
Event: 1.064 Thread 0x000001b3c5a8c490 Exception <a 'java/lang/NoSuchMethodError'{0x0000000088d2baa8}: 'double java.lang.invoke.DirectMethodHandle$Holder.invokeInterface(java.lang.Object, java.lang.Object)'> (0x0000000088d2baa8) 
thrown [s\open\src\hotspot\share\interpreter\linkResolver.cpp, line 774]
Event: 1.064 Thread 0x000001b3c5a8c490 Exception <a 'java/lang/NoSuchMethodError'{0x0000000088d334a0}: 'double java.lang.invoke.DelegatingMethodHandle$Holder.reinvoke_L(java.lang.Object, java.lang.Object)'> (0x0000000088d334a0) 
thrown [s\open\src\hotspot\share\interpreter\linkResolver.cpp, line 774]
Event: 1.139 Thread 0x000001b3da94d750 Exception <a 'java/lang/ClassNotFoundException'{0x0000000088d4bcb0}: javax/smartcardio/CardPermission> (0x0000000088d4bcb0) 
thrown [s\open\src\hotspot\share\classfile\systemDictionary.cpp, line 313]
Event: 1.162 Thread 0x000001b3da94d750 Exception <a 'java/io/FileNotFoundException'{0x0000000088d59af0}> (0x0000000088d59af0) 
thrown [s\open\src\hotspot\share\prims\jni.cpp, line 520]
Event: 1.181 Thread 0x000001b3da94d750 Exception <a 'java/lang/NoSuchMethodError'{0x0000000088db9260}: 'java.lang.Object java.lang.invoke.DirectMethodHandle$Holder.invokeSpecial(java.lang.Object, java.lang.Object, java.lang.Object, long, java.lang.Object)'> (0x0000000088db9260) 
thrown [s\open\src\hotspot\share\interpreter\linkResolver.cpp, line 774]
Event: 1.181 Thread 0x000001b3da94d750 Exception <a 'java/lang/NoSuchMethodError'{0x0000000088dbcbc0}: 'java.lang.Object java.lang.invoke.Invokers$Holder.linkToTargetMethod(java.lang.Object, long, java.lang.Object, java.lang.Object)'> (0x0000000088dbcbc0) 
thrown [s\open\src\hotspot\share\interpreter\linkResolver.cpp, line 774]
Event: 1.265 Thread 0x000001b3da94d750 Exception <a 'java/lang/NoSuchMethodError'{0x0000000088be1c68}: 'void java.lang.invoke.DirectMethodHandle$Holder.invokeStatic(java.lang.Object, java.lang.Object, java.lang.Object, java.lang.Object)'> (0x0000000088be1c68) 
thrown [s\open\src\hotspot\share\interpreter\linkResolver.cpp, line 774]

ZGC Phase Switch (0 events):
No events

VM Operations (20 events):
Event: 0.493 Executing VM operation: HandshakeAllThreads (Deoptimize)
Event: 0.493 Executing VM operation: HandshakeAllThreads (Deoptimize) done
Event: 0.525 Executing VM operation: HandshakeAllThreads (Deoptimize)
Event: 0.525 Executing VM operation: HandshakeAllThreads (Deoptimize) done
Event: 0.546 Executing VM operation: HandshakeAllThreads (Deoptimize)
Event: 0.546 Executing VM operation: HandshakeAllThreads (Deoptimize) done
Event: 0.761 Executing VM operation: G1CollectForAllocation (G1 Evacuation Pause)
Event: 0.770 Executing VM operation: G1CollectForAllocation (G1 Evacuation Pause) done
Event: 0.851 Executing VM operation: HandshakeAllThreads (Deoptimize)
Event: 0.851 Executing VM operation: HandshakeAllThreads (Deoptimize) done
Event: 0.933 Executing VM operation: HandshakeAllThreads (Deoptimize)
Event: 0.933 Executing VM operation: HandshakeAllThreads (Deoptimize) done
Event: 0.964 Executing VM operation: HandshakeAllThreads (Deoptimize)
Event: 0.964 Executing VM operation: HandshakeAllThreads (Deoptimize) done
Event: 1.012 Executing VM operation: HandshakeAllThreads (Deoptimize)
Event: 1.012 Executing VM operation: HandshakeAllThreads (Deoptimize) done
Event: 1.019 Executing VM operation: HandshakeAllThreads (Deoptimize)
Event: 1.019 Executing VM operation: HandshakeAllThreads (Deoptimize) done
Event: 1.038 Executing VM operation: HandshakeAllThreads (Deoptimize)
Event: 1.038 Executing VM operation: HandshakeAllThreads (Deoptimize) done

Memory protections (0 events):
No events

Nmethod flushes (0 events):
No events

Events (17 events):
Event: 0.079 Thread 0x000001b3da94d750 Thread added: 0x000001b3da94d750
Event: 0.099 Thread 0x000001b3da94d750 Thread added: 0x000001b3ea6eca50
Event: 0.099 Thread 0x000001b3da94d750 Thread added: 0x000001b3ea6eeb30
Event: 0.099 Thread 0x000001b3da94d750 Thread added: 0x000001b3ea6f29c0
Event: 0.100 Thread 0x000001b3da94d750 Thread added: 0x000001b3ea6f3420
Event: 0.100 Thread 0x000001b3da94d750 Thread added: 0x000001b3ea6f3e80
Event: 0.100 Thread 0x000001b3da94d750 Thread added: 0x000001b3ea6f48e0
Event: 0.100 Thread 0x000001b3da94d750 Thread added: 0x000001b3ea6f5340
Event: 0.127 Thread 0x000001b3ea6f5340 Thread added: 0x000001b3c5130040
Event: 0.127 Thread 0x000001b3ea6f5340 Thread added: 0x000001b3c51308b0
Event: 0.274 Thread 0x000001b3da94d750 Thread added: 0x000001b3ea712320
Event: 0.504 Thread 0x000001b3da94d750 Thread added: 0x000001b3c5774810
Event: 0.504 Thread 0x000001b3da94d750 Thread added: 0x000001b3c5774e80
Event: 0.948 Thread 0x000001b3ea6f3420 Thread added: 0x000001b3c5a7a5b0
Event: 0.974 Thread 0x000001b3c5a7a5b0 Thread added: 0x000001b3c5a8c490
Event: 1.012 Thread 0x000001b3c5a8c490 Thread added: 0x000001b3c5aff5a0
Event: 1.036 Thread 0x000001b3c5a8c490 Thread added: 0x000001b3c5b1d300


Dynamic libraries:
0x00007ff75e1b0000 - 0x00007ff75e1be000 	C:\Users\hp\.jdks\openjdk-22.0.2\bin\java.exe
0x00007ffb3ab30000 - 0x00007ffb3ad28000 	C:\Windows\SYSTEM32\ntdll.dll
0x00007ffb3a770000 - 0x00007ffb3a832000 	C:\Windows\System32\KERNEL32.DLL
0x00007ffb381d0000 - 0x00007ffb384cf000 	C:\Windows\System32\KERNELBASE.dll
0x00007ffb38870000 - 0x00007ffb38970000 	C:\Windows\System32\ucrtbase.dll
0x00007ffb31770000 - 0x00007ffb31787000 	C:\Users\hp\.jdks\openjdk-22.0.2\bin\jli.dll
0x00007ffb39cd0000 - 0x00007ffb39e6d000 	C:\Windows\System32\USER32.dll
0x00007ffb38840000 - 0x00007ffb38862000 	C:\Windows\System32\win32u.dll
0x00007ffb39260000 - 0x00007ffb3928b000 	C:\Windows\System32\GDI32.dll
0x00007ffb38970000 - 0x00007ffb38a8a000 	C:\Windows\System32\gdi32full.dll
0x00007ffb387a0000 - 0x00007ffb3883d000 	C:\Windows\System32\msvcp_win.dll
0x00007ffb31750000 - 0x00007ffb3176b000 	C:\Users\hp\.jdks\openjdk-22.0.2\bin\VCRUNTIME140.dll
0x00007ffb26820000 - 0x00007ffb26aba000 	C:\Windows\WinSxS\amd64_microsoft.windows.common-controls_6595b64144ccf1df_6.0.19041.4355_none_60b8b9eb71f62e16\COMCTL32.dll
0x00007ffb392f0000 - 0x00007ffb3938e000 	C:\Windows\System32\msvcrt.dll
0x00007ffb39f40000 - 0x00007ffb39f6f000 	C:\Windows\System32\IMM32.DLL
0x00007ffb34e00000 - 0x00007ffb34e0c000 	C:\Users\hp\.jdks\openjdk-22.0.2\bin\vcruntime140_1.dll
0x00007ffb316c0000 - 0x00007ffb3174e000 	C:\Users\hp\.jdks\openjdk-22.0.2\bin\msvcp140.dll
0x00007ffb00120000 - 0x00007ffb00e69000 	C:\Users\hp\.jdks\openjdk-22.0.2\bin\server\jvm.dll
0x00007ffb391a0000 - 0x00007ffb3924f000 	C:\Windows\System32\ADVAPI32.dll
0x00007ffb3a040000 - 0x00007ffb3a0df000 	C:\Windows\System32\sechost.dll
0x00007ffb3a640000 - 0x00007ffb3a763000 	C:\Windows\System32\RPCRT4.dll
0x00007ffb38610000 - 0x00007ffb38637000 	C:\Windows\System32\bcrypt.dll
0x00007ffb39ed0000 - 0x00007ffb39f3b000 	C:\Windows\System32\WS2_32.dll
0x00007ffb37720000 - 0x00007ffb3776b000 	C:\Windows\SYSTEM32\POWRPROF.dll
0x00007ffb26720000 - 0x00007ffb26747000 	C:\Windows\SYSTEM32\WINMM.dll
0x00007ffb30b00000 - 0x00007ffb30b0a000 	C:\Windows\SYSTEM32\VERSION.dll
0x00007ffb37590000 - 0x00007ffb375a2000 	C:\Windows\SYSTEM32\UMPDC.dll
0x00007ffb36a00000 - 0x00007ffb36a12000 	C:\Windows\SYSTEM32\kernel.appcore.dll
0x00007ffb325a0000 - 0x00007ffb325aa000 	C:\Users\hp\.jdks\openjdk-22.0.2\bin\jimage.dll
0x00007ffb35ec0000 - 0x00007ffb360a4000 	C:\Windows\SYSTEM32\DBGHELP.DLL
0x00007ffb254e0000 - 0x00007ffb25514000 	C:\Windows\SYSTEM32\dbgcore.DLL
0x00007ffb38580000 - 0x00007ffb38602000 	C:\Windows\System32\bcryptPrimitives.dll
0x00007ffb31190000 - 0x00007ffb3119f000 	C:\Users\hp\.jdks\openjdk-22.0.2\bin\instrument.dll
0x00007ffb316a0000 - 0x00007ffb316be000 	C:\Users\hp\.jdks\openjdk-22.0.2\bin\java.dll
0x00007ffb39390000 - 0x00007ffb39afd000 	C:\Windows\System32\SHELL32.dll
0x00007ffb39070000 - 0x00007ffb3919b000 	C:\Windows\System32\ole32.dll
0x00007ffb38cf0000 - 0x00007ffb39045000 	C:\Windows\System32\combase.dll
0x00007ffb360d0000 - 0x00007ffb36874000 	C:\Windows\SYSTEM32\windows.storage.dll
0x00007ffb37b20000 - 0x00007ffb37b4f000 	C:\Windows\SYSTEM32\Wldp.dll
0x00007ffb39f70000 - 0x00007ffb3a03d000 	C:\Windows\System32\OLEAUT32.dll
0x00007ffb38be0000 - 0x00007ffb38c8d000 	C:\Windows\System32\SHCORE.dll
0x00007ffb3a160000 - 0x00007ffb3a1b5000 	C:\Windows\System32\shlwapi.dll
0x00007ffb38100000 - 0x00007ffb38124000 	C:\Windows\SYSTEM32\profapi.dll
0x00007ffb2ff70000 - 0x00007ffb2ff87000 	C:\Users\hp\.jdks\openjdk-22.0.2\bin\zip.dll
0x00007ffb31b70000 - 0x00007ffb31b80000 	C:\Users\hp\.jdks\openjdk-22.0.2\bin\net.dll
0x00007ffb37900000 - 0x00007ffb3796c000 	C:\Windows\system32\mswsock.dll
0x00007ffb315a0000 - 0x00007ffb315b6000 	C:\Users\hp\.jdks\openjdk-22.0.2\bin\nio.dll
0x00007ffb37600000 - 0x00007ffb376ca000 	C:\Windows\SYSTEM32\DNSAPI.dll
0x00007ffb375b0000 - 0x00007ffb375eb000 	C:\Windows\SYSTEM32\IPHLPAPI.DLL
0x00007ffb39250000 - 0x00007ffb39258000 	C:\Windows\System32\NSI.dll
0x00007ffb288f0000 - 0x00007ffb288fa000 	C:\Windows\System32\rasadhlp.dll
0x00007ffb2c370000 - 0x00007ffb2c3f0000 	C:\Windows\System32\fwpuclnt.dll
0x00007ffb2fdf0000 - 0x00007ffb2fe0a000 	C:\Program Files\JetBrains\IntelliJ IDEA 2024.3.1.1\bin\breakgen64.dll
0x00007ffb2ff60000 - 0x00007ffb2ff6a000 	C:\Users\hp\.jdks\openjdk-22.0.2\bin\management.dll
0x00007ffb24710000 - 0x00007ffb24719000 	C:\Users\hp\.jdks\openjdk-22.0.2\bin\extnet.dll
0x00007ffb2ff10000 - 0x00007ffb2ff1b000 	C:\Users\hp\.jdks\openjdk-22.0.2\bin\management_ext.dll
0x00007ffb3aae0000 - 0x00007ffb3aae8000 	C:\Windows\System32\PSAPI.DLL
0x00007ffb37b60000 - 0x00007ffb37b78000 	C:\Windows\SYSTEM32\CRYPTSP.dll
0x00007ffb371d0000 - 0x00007ffb37204000 	C:\Windows\system32\rsaenh.dll
0x00007ffb380c0000 - 0x00007ffb380ee000 	C:\Windows\SYSTEM32\USERENV.dll
0x00007ffb37a90000 - 0x00007ffb37a9c000 	C:\Windows\SYSTEM32\CRYPTBASE.dll
0x00007ffb1faf0000 - 0x00007ffb1fb07000 	C:\Windows\system32\napinsp.dll
0x00007ffb1fad0000 - 0x00007ffb1faeb000 	C:\Windows\system32\pnrpnsp.dll
0x00007ffb32300000 - 0x00007ffb32315000 	C:\Windows\system32\wshbth.dll
0x00007ffb330a0000 - 0x00007ffb330bd000 	C:\Windows\system32\NLAapi.dll
0x00007ffb1fab0000 - 0x00007ffb1fac2000 	C:\Windows\System32\winrnr.dll
0x00007ffb25400000 - 0x00007ffb25451000 	C:\Windows\SYSTEM32\pdh.dll

dbghelp: loaded successfully - version: 4.0.5 - missing functions: none
symbol engine: initialized successfully - sym options: 0x614 - pdb path: .;C:\Users\hp\.jdks\openjdk-22.0.2\bin;C:\Windows\SYSTEM32;C:\Windows\WinSxS\amd64_microsoft.windows.common-controls_6595b64144ccf1df_6.0.19041.4355_none_60b8b9eb71f62e16;C:\Users\hp\.jdks\openjdk-22.0.2\bin\server;C:\Program Files\JetBrains\IntelliJ IDEA 2024.3.1.1\bin

VM Arguments:
jvm_args: -XX:TieredStopAtLevel=1 -Dspring.output.ansi.enabled=always -Dcom.sun.management.jmxremote -Dspring.jmx.enabled=true -Dspring.liveBeansView.mbeanDomain -Dspring.application.admin.enabled=true -Dmanagement.endpoints.jmx.exposure.include=* -javaagent:C:\Program Files\JetBrains\IntelliJ IDEA 2024.3.1.1\lib\idea_rt.jar=50394:C:\Program Files\JetBrains\IntelliJ IDEA 2024.3.1.1\bin -Dfile.encoding=UTF-8 -Dsun.stdout.encoding=UTF-8 -Dsun.stderr.encoding=UTF-8 
java_command: com.partnershipmanagement.PartnershipManagementApplication
java_class_path (initial): D:\mmm\mmm\2024-2025 4SAE1\PI\PIMain\Partnership-Managment\target\classes;C:\Users\hp\.m2\repository\org\springframework\boot\spring-boot-starter-data-jpa\3.4.2\spring-boot-starter-data-jpa-3.4.2.jar;C:\Users\hp\.m2\repository\org\springframework\boot\spring-boot-starter-jdbc\3.4.2\spring-boot-starter-jdbc-3.4.2.jar;C:\Users\hp\.m2\repository\com\zaxxer\HikariCP\5.1.0\HikariCP-5.1.0.jar;C:\Users\hp\.m2\repository\org\springframework\spring-jdbc\6.2.2\spring-jdbc-6.2.2.jar;C:\Users\hp\.m2\repository\org\hibernate\orm\hibernate-core\6.6.5.Final\hibernate-core-6.6.5.Final.jar;C:\Users\hp\.m2\repository\jakarta\persistence\jakarta.persistence-api\3.1.0\jakarta.persistence-api-3.1.0.jar;C:\Users\hp\.m2\repository\jakarta\transaction\jakarta.transaction-api\2.0.1\jakarta.transaction-api-2.0.1.jar;C:\Users\hp\.m2\repository\org\jboss\logging\jboss-logging\3.6.1.Final\jboss-logging-3.6.1.Final.jar;C:\Users\hp\.m2\repository\org\hibernate\common\hibernate-commons-annotations\7.0.3.Final\hibernate-commons-annotations-7.0.3.Final.jar;C:\Users\hp\.m2\repository\io\smallrye\jandex\3.2.0\jandex-3.2.0.jar;C:\Users\hp\.m2\repository\com\fasterxml\classmate\1.7.0\classmate-1.7.0.jar;C:\Users\hp\.m2\repository\org\glassfish\jaxb\jaxb-runtime\4.0.5\jaxb-runtime-4.0.5.jar;C:\Users\hp\.m2\repository\org\glassfish\jaxb\jaxb-core\4.0.5\jaxb-core-4.0.5.jar;C:\Users\hp\.m2\repository\org\glassfish\jaxb\txw2\4.0.5\txw2-4.0.5.jar;C:\Users\hp\.m2\repository\com\sun\istack\istack-commons-runtime\4.1.2\istack-commons-runtime-4.1.2.jar;C:\Users\hp\.m2\repository\jakarta\inject\jakarta.inject-api\2.0.1\jakarta.inject-api-2.0.1.jar;C:\Users\hp\.m2\repository\org\antlr\antlr4-runtime\4.13.0\antlr4-runtime-4.13.0.jar;C:\Users\hp\.m2\repository\org\springframework\data\spring-data-jpa\3.4.2\spring-data-jpa-3.4.2.jar;C:\Users\hp\.m2\repository\org\springframework\data\spring-data-commons\3.4.2\spring-data-commons-3.4.2.jar;C:\Users\hp\.m2\repository\org\springframework\spring-orm\6.2.2\spring-orm-6.2.2.jar;C:\Users\hp\.m2\repository\org\springframework\spring-context\6.2.2\spring-context-6.2.2.jar;C:\Users\hp\.m2\repository\org\springframework\spring-aop\6.2.2\spring-aop-6.2.2.jar;C:\Users\hp\.m2\repository\org\springframework\spring-aspects\6.2.2\spring-aspects-6.2.2.jar;C:\Users\hp\.m2\repository\org\aspectj\aspectjweaver\1.9.22.1\aspectjweaver-1.9.22.1.jar;C:\Users\hp\.m2\repository\com\mysql\mysql-connector-j\9.1.0\mysql-connector-j-9.1.0.jar;C:\Users\hp\.m2\repository\org\springframework\boot\spring-boot-starter-web\3.4.2\spring-boot-starter-web-3.4.2.jar;C:\Users\hp\.m2\repository\org\springframework\boot\spring-boot-starter-json\3.4.2\spring-boot-starter-json-3.4.2.jar;C:\Users\hp\.m2\repository\com\fasterxml\jackson\datatype\jackson-datatype-jdk8\2.18.2\jackson-datatype-jdk8-2.18.2.jar;C:\Users\hp\.m2\repository\com\fasterxml\jackson\datatype\jackson-datatype-jsr310\2.18.2\jackson-datatype-jsr310-2.18.2.jar;C:\Users\hp\.m2\repository\com\fasterxml\jackson\module\jackson-module-parameter-names\2.18.2\jackson-module-parameter-names-2.18.2.jar;C:\Users\hp\.m2\repository\org\springframework\boot\spring-boot-starter-tomcat\3.4.2\spring-boot-starter-tomcat-3.4.2.jar;C:\Users\hp\.m2\repository\org\apache\tomcat\embed\tomcat-embed-websocket\10.1.34\tomcat-embed-websocket-10.1.34.jar;C:\Users\hp\.m2\repository\org\springframework\spring-webmvc\6.2.2\spring-webmvc-6.2.2.jar;C:\Users\hp\.m2\repository\org\springframework\spring-expression\6.2.2\spring-expression-6.2.2.jar;C:\Users\hp\.m2\repository\org\apache\tomcat\embed\tomcat-embed-jasper\10.1.34\tomcat-embed-jasper-10.1.34.jar;C:\Users\hp\.m2\repository\org\apache\tomcat\embed\tomcat-embed-core\10.1.34\tomcat-embed-core-10.1.34.jar;C:\Users\hp\.m2\repository\org\apache\tomcat\tomcat-annotations-api\10.1.34\tomcat-annotations-api-10.1.34.jar;C:\Users\hp\.m2\repository\org\apache\tomcat\embed\tomcat-embed-el\10.1.34\tomcat-embed-el-10.1.34.jar;C:\Users\hp\.m2\repository\org\eclipse\jdt\ecj\3.33.0\ecj-3.33.0.jar;C:\Users\hp\.m2\repository\org\projectlombok\lombok\1.18.30\lombok-1.18.30.jar;C:\Users\hp\.m2\repository\org\springframework\boot\spring-boot-starter\3.4.2\spring-boot-starter-3.4.2.jar;C:\Users\hp\.m2\repository\org\springframework\boot\spring-boot\3.4.2\spring-boot-3.4.2.jar;C:\Users\hp\.m2\repository\org\springframework\boot\spring-boot-autoconfigure\3.4.2\spring-boot-autoconfigure-3.4.2.jar;C:\Users\hp\.m2\repository\org\springframework\boot\spring-boot-starter-logging\3.4.2\spring-boot-starter-logging-3.4.2.jar;C:\Users\hp\.m2\repository\ch\qos\logback\logback-classic\1.5.16\logback-classic-1.5.16.jar;C:\Users\hp\.m2\repository\ch\qos\logback\logback-core\1.5.16\logback-core-1.5.16.jar;C:\Users\hp\.m2\repository\org\apache\logging\log4j\log4j-to-slf4j\2.24.3\log4j-to-slf4j-2.24.3.jar;C:\Users\hp\.m2\repository\org\apache\logging\log4j\log4j-api\2.24.3\log4j-api-2.24.3.jar;C:\Users\hp\.m2\repository\org\slf4j\jul-to-slf4j\2.0.16\jul-to-slf4j-2.0.16.jar;C:\Users\hp\.m2\repository\jakarta\annotation\jakarta.annotation-api\2.1.1\jakarta.annotation-api-2.1.1.jar;C:\Users\hp\.m2\repository\org\springframework\spring-core\6.2.2\spring-core-6.2.2.jar;C:\Users\hp\.m2\repository\org\springframework\spring-jcl\6.2.2\spring-jcl-6.2.2.jar;C:\Users\hp\.m2\repository\org\yaml\snakeyaml\2.3\snakeyaml-2.3.jar;C:\Users\hp\.m2\repository\jakarta\xml\bind\jakarta.xml.bind-api\4.0.2\jakarta.xml.bind-api-4.0.2.jar;C:\Users\hp\.m2\repository\jakarta\activation\jakarta.activation-api\2.1.3\jakarta.activation-api-2.1.3.jar;C:\Users\hp\.m2\repository\org\mockito\mockito-core\5.14.2\mockito-core-5.14.2.jar;C:\Users\hp\.m2\repository\net\bytebuddy\byte-buddy\1.15.11\byte-buddy-1.15.11.jar;C:\Users\hp\.m2\repository\net\bytebuddy\byte-buddy-agent\1.15.11\byte-buddy-agent-1.15.11.jar;C:\Users\hp\.m2\repository\org\objenesis\objenesis\3.3\objenesis-3.3.jar;C:\Users\hp\.m2\repository\org\junit\jupiter\junit-jupiter-api\5.11.4\junit-jupiter-api-5.11.4.jar;C:\Users\hp\.m2\repository\org\opentest4j\opentest4j\1.3.0\opentest4j-1.3.0.jar;C:\Users\hp\.m2\repository\org\junit\platform\junit-platform-commons\1.11.4\junit-platform-commons-1.11.4.jar;C:\Users\hp\.m2\repository\org\apiguardian\apiguardian-api\1.1.2\apiguardian-api-1.1.2.jar;C:\Users\hp\.m2\repository\org\springdoc\springdoc-openapi-starter-webmvc-ui\2.1.0\springdoc-openapi-starter-webmvc-ui-2.1.0.jar;C:\Users\hp\.m2\repository\org\springdoc\springdoc-openapi-starter-webmvc-api\2.1.0\springdoc-openapi-starter-webmvc-api-2.1.0.jar;C:\Users\hp\.m2\repository\org\springdoc\springdoc-openapi-starter-common\2.1.0\springdoc-openapi-starter-common-2.1.0.jar;C:\Users\hp\.m2\repository\io\swagger\core\v3\swagger-core-jakarta\2.2.9\swagger-core-jakarta-2.2.9.jar;C:\Users\hp\.m2\repository\org\apache\commons\commons-lang3\3.17.0\commons-lang3-3.17.0.jar;C:\Users\hp\.m2\repository\io\swagger\core\v3\swagger-annotations-jakarta\2.2.9\swagger-annotations-jakarta-2.2.9.jar;C:\Users\hp\.m2\repository\io\swagger\core\v3\swagger-models-jakarta\2.2.9\swagger-models-jakarta-2.2.9.jar;C:\Users\hp\.m2\repository\jakarta\validation\jakarta.validation-api\3.0.2\jakarta.validation-api-3.0.2.jar;C:\Users\hp\.m2\repository\com\fasterxml\jackson\dataformat\jackson-dataformat-yaml\2.18.2\jackson-dataformat-yaml-2.18.2.jar;C:\Users\hp\.m2\repository\org\webjars\swagger-ui\4.18.2\swagger-ui-4.18.2.jar;C:\Users\hp\.m2\repository\org\mockito\mockito-junit-jupiter\5.14.2\mockito-junit-jupiter-5.14.2.jar;C:\Users\hp\.m2\repository\org\springframework\spring-web\6.2.2\spring-web-6.2.2.jar;C:\Users\hp\.m2\repository\org\springframework\spring-beans\6.2.2\spring-beans-6.2.2.jar;C:\Users\hp\.m2\repository\io\micrometer\micrometer-observation\1.14.3\micrometer-observation-1.14.3.jar;C:\Users\hp\.m2\repository\io\micrometer\micrometer-commons\1.14.3\micrometer-commons-1.14.3.jar;C:\Users\hp\.m2\repository\org\apache\pdfbox\pdfbox\2.0.27\pdfbox-2.0.27.jar;C:\Users\hp\.m2\repository\org\apache\pdfbox\fontbox\2.0.27\fontbox-2.0.27.jar;C:\Users\hp\.m2\repository\commons-logging\commons-logging\1.2\commons-logging-1.2.jar;C:\Users\hp\.m2\repository\com\salesboxai\zoom\zoom-api\0.3.0\zoom-api-0.3.0.jar;C:\Users\hp\.m2\repository\com\fasterxml\jackson\core\jackson-databind\2.18.2\jackson-databind-2.18.2.jar;C:\Users\hp\.m2\repository\com\fasterxml\jackson\core\jackson-annotations\2.18.2\jackson-annotations-2.18.2.jar;C:\Users\hp\.m2\repository\com\fasterxml\jackson\core\jackson-core\2.18.2\jackson-core-2.18.2.jar;C:\Users\hp\.m2\repository\org\springframework\boot\spring-boot-starter-mail\3.4.2\spring-boot-starter-mail-3.4.2.jar;C:\Users\hp\.m2\repository\org\springframework\spring-context-support\6.2.2\spring-context-support-6.2.2.jar;C:\Users\hp\.m2\repository\org\eclipse\angus\jakarta.mail\2.0.3\jakarta.mail-2.0.3.jar;C:\Users\hp\.m2\repository\org\eclipse\angus\angus-activation\2.0.2\angus-activation-2.0.2.jar;C:\Users\hp\.m2\repository\org\springframework\boot\spring-boot-starter-quartz\3.4.2\spring-boot-starter-quartz-3.4.2.jar;C:\Users\hp\.m2\repository\org\springframework\spring-tx\6.2.2\spring-tx-6.2.2.jar;C:\Users\hp\.m2\repository\org\springframework\boot\spring-boot-starter-webflux\3.4.2\spring-boot-starter-webflux-3.4.2.jar;C:\Users\hp\.m2\repository\org\springframework\boot\spring-boot-starter-reactor-netty\3.4.2\spring-boot-starter-reactor-netty-3.4.2.jar;C:\Users\hp\.m2\repository\io\projectreactor\netty\reactor-netty-http\1.2.2\reactor-netty-http-1.2.2.jar;C:\Users\hp\.m2\repository\io\netty\netty-codec-http\4.1.117.Final\netty-codec-http-4.1.117.Final.jar;C:\Users\hp\.m2\repository\io\netty\netty-common\4.1.117.Final\netty-common-4.1.117.Final.jar;C:\Users\hp\.m2\repository\io\netty\netty-buffer\4.1.117.Final\netty-buffer-4.1.117.Final.jar;C:\Users\hp\.m2\repository\io\netty\netty-transport\4.1.117.Final\netty-transport-4.1.117.Final.jar;C:\Users\hp\.m2\repository\io\netty\netty-codec\4.1.117.Final\netty-codec-4.1.117.Final.jar;C:\Users\hp\.m2\repository\io\netty\netty-handler\4.1.117.Final\netty-handler-4.1.117.Final.jar;C:\Users\hp\.m2\repository\io\netty\netty-codec-http2\4.1.117.Final\netty-codec-http2-4.1.117.Final.jar;C:\Users\hp\.m2\repository\io\netty\netty-resolver-dns\4.1.117.Final\netty-resolver-dns-4.1.117.Final.jar;C:\Users\hp\.m2\repository\io\netty\netty-resolver\4.1.117.Final\netty-resolver-4.1.117.Final.jar;C:\Users\hp\.m2\repository\io\netty\netty-codec-dns\4.1.117.Final\netty-codec-dns-4.1.117.Final.jar;C:\Users\hp\.m2\repository\io\netty\netty-resolver-dns-native-macos\4.1.117.Final\netty-resolver-dns-native-macos-4.1.117.Final-osx-x86_64.jar;C:\Users\hp\.m2\repository\io\netty\netty-resolver-dns-classes-macos\4.1.117.Final\netty-resolver-dns-classes-macos-4.1.117.Final.jar;C:\Users\hp\.m2\repository\io\netty\netty-transport-native-epoll\4.1.117.Final\netty-transport-native-epoll-4.1.117.Final-linux-x86_64.jar;C:\Users\hp\.m2\repository\io\netty\netty-transport-native-unix-common\4.1.117.Final\netty-transport-native-unix-common-4.1.117.Final.jar;C:\Users\hp\.m2\repository\io\netty\netty-transport-classes-epoll\4.1.117.Final\netty-transport-classes-epoll-4.1.117.Final.jar;C:\Users\hp\.m2\repository\io\projectreactor\netty\reactor-netty-core\1.2.2\reactor-netty-core-1.2.2.jar;C:\Users\hp\.m2\repository\io\netty\netty-handler-proxy\4.1.117.Final\netty-handler-proxy-4.1.117.Final.jar;C:\Users\hp\.m2\repository\io\netty\netty-codec-socks\4.1.117.Final\netty-codec-socks-4.1.117.Final.jar;C:\Users\hp\.m2\repository\org\springframework\spring-webflux\6.2.2\spring-webflux-6.2.2.jar;C:\Users\hp\.m2\repository\io\projectreactor\reactor-core\3.7.2\reactor-core-3.7.2.jar;C:\Users\hp\.m2\repository\org\reactivestreams\reactive-streams\1.0.4\reactive-streams-1.0.4.jar;C:\Users\hp\.m2\repository\org\quartz-scheduler\quartz\2.3.2\quartz-2.3.2.jar;C:\Users\hp\.m2\repository\com\mchange\mchange-commons-java\0.2.15\mchange-commons-java-0.2.15.jar;C:\Users\hp\.m2\repository\org\slf4j\slf4j-api\2.0.16\slf4j-api-2.0.16.jar;C:\Users\hp\.m2\repository\org\quartz-scheduler\quartz-jobs\2.3.2\quartz-jobs-2.3.2.jar
Launcher Type: SUN_STANDARD

[Global flags]
     intx CICompilerCount                          = 3                                         {product} {ergonomic}
     uint ConcGCThreads                            = 1                                         {product} {ergonomic}
     uint G1ConcRefinementThreads                  = 4                                         {product} {ergonomic}
   size_t G1HeapRegionSize                         = 1048576                                   {product} {ergonomic}
   size_t InitialHeapSize                          = 134217728                                 {product} {ergonomic}
     bool ManagementServer                         = true                                      {product} {command line}
   size_t MarkStackSize                            = 4194304                                   {product} {ergonomic}
   size_t MaxHeapSize                              = 2126512128                                {product} {ergonomic}
   size_t MaxNewSize                               = 1275068416                                {product} {ergonomic}
   size_t MinHeapDeltaBytes                        = 1048576                                   {product} {ergonomic}
   size_t MinHeapSize                              = 8388608                                   {product} {ergonomic}
    uintx NonNMethodCodeHeapSize                   = 4096                                   {pd product} {ergonomic}
    uintx NonProfiledCodeHeapSize                  = 0                                      {pd product} {ergonomic}
     bool ProfileInterpreter                       = false                                  {pd product} {command line}
    uintx ProfiledCodeHeapSize                     = 0                                      {pd product} {ergonomic}
   size_t SoftMaxHeapSize                          = 2126512128                             {manageable} {ergonomic}
     intx TieredStopAtLevel                        = 1                                         {product} {command line}
     bool UseCompressedOops                        = true                           {product lp64_product} {ergonomic}
     bool UseG1GC                                  = true                                      {product} {ergonomic}
     bool UseLargePagesIndividualAllocation        = false                                  {pd product} {ergonomic}

Logging:
Log output configuration:
 #0: stdout all=warning uptime,level,tags foldmultilines=false
 #1: stderr all=off uptime,level,tags foldmultilines=false

Environment Variables:
PATH=C:\Python313\Scripts\;C:\Python313\;C:\oraclexe\app\oracle\product\11.2.0\server\bin;;C:\Python312\Scripts\;C:\Python312\;C:\Program Files (x86)\VMware\VMware Workstation\bin\;C:\Program Files\Common Files\Oracle\Java\javapath;C:\Program Files (x86)\Common Files\Oracle\Java\java8path;C:\Program Files (x86)\Common Files\Oracle\Java\javapath;C:\Windows\system32;C:\Windows;C:\Windows\System32\Wbem;C:\Windows\System32\WindowsPowerShell\v1.0\;C:\Windows\System32\OpenSSH\;C:\Program Files\Microsoft SQL Server\120\Tools\Binn\;C:\Program Files\Common Files\Autodesk Shared\;C:\Program Files\Git\cmd;C:\Program Files\Microsoft SQL Server\150\Tools\Binn\;C:\Program Files\Microsoft SQL Server\Client SDK\ODBC\170\Tools\Binn\;C:\Program Files\dotnet\;C:\ProgramData\chocolatey\bin;C:\Program Files\Docker\Docker\resources\bin;C:\Program Files\nodejs\;C:\Users\hp\AppData\Local\Microsoft\WindowsApps;C:\Users\hp\AppData\Local\Programs\Microsoft VS Code\bin;C:\Users\hp\.dotnet\tools;C:\Program Files\MongoDB\Server\4.0\bin;C:\Users\hp\AppData\Roaming\npm
USERNAME=hp
OS=Windows_NT
PROCESSOR_IDENTIFIER=Intel64 Family 6 Model 142 Stepping 9, GenuineIntel
TMP=C:\Users\hp\AppData\Local\Temp
TEMP=C:\Users\hp\AppData\Local\Temp




Periodic native trim disabled

---------------  S Y S T E M  ---------------

OS:
 Windows 10 , 64 bit Build 19041 (10.0.19041.5438)
OS uptime: 0 days 4:50 hours
Hyper-V role detected

CPU: total 4 (initial active 4) (2 cores per cpu, 2 threads per core) family 6 model 142 stepping 9 microcode 0xb4, cx8, cmov, fxsr, ht, mmx, 3dnowpref, sse, sse2, sse3, ssse3, sse4.1, sse4.2, popcnt, lzcnt, tsc, tscinvbit, avx, avx2, aes, erms, clmul, bmi1, bmi2, adx, fma, vzeroupper, clflush, clflushopt, hv, rdtscp, f16c
Processor Information for all 4 processors :
  Max Mhz: 2901, Current Mhz: 2901, Mhz Limit: 2901

Memory: 4k page, system-wide physical 8107M (770M free)
TotalPageFile size 12107M (AvailPageFile size 0M)
current process WorkingSet (physical memory assigned to process): 74M, peak: 74M
current process commit charge ("private bytes"): 215M, peak: 215M

vm_info: OpenJDK 64-Bit Server VM (22.0.2+9-70) for windows-amd64 JRE (22.0.2+9-70), built on 2024-06-04T16:52:23Z by "mach5one" with MS VC++ 17.6 (VS2022)

END.
